
*** Running vivado
    with args -log Reaction_Timer_finite_state_machine_0_0.vds -m64 -product Vivado -mode batch -messageDb vivado.pb -notrace -source Reaction_Timer_finite_state_machine_0_0.tcl



****** Vivado v2022.2 (64-bit)
  **** SW Build 3671981 on Fri Oct 14 05:00:03 MDT 2022
  **** IP Build 3669848 on Fri Oct 14 08:30:02 MDT 2022
    ** Copyright 1986-2022 Xilinx, Inc. All Rights Reserved.

source Reaction_Timer_finite_state_machine_0_0.tcl -notrace
create_project: Time (s): cpu = 00:00:05 ; elapsed = 00:00:05 . Memory (MB): peak = 394.793 ; gain = 70.105
INFO: [IP_Flow 19-234] Refreshing IP repositories
INFO: [IP_Flow 19-1704] No user IP repositories specified
INFO: [IP_Flow 19-2313] Loaded Vivado IP repository 'B:/Vivado/Vivado/2022.2/data/ip'.
INFO: [IP_Flow 19-6924] IPCACHE: Running cache check for IP inst: Reaction_Timer_finite_state_machine_0_0
Command: synth_design -top Reaction_Timer_finite_state_machine_0_0 -part xc7a100tcsg324-1 -incremental_mode off -mode out_of_context
Starting synth_design
Attempting to get a license for feature 'Synthesis' and/or device 'xc7a100t'
INFO: [Common 17-349] Got license for feature 'Synthesis' and/or device 'xc7a100t'
INFO: [Designutils 20-5008] Incremental synthesis strategy off
INFO: [Synth 8-7079] Multithreading enabled for synth_design using a maximum of 2 processes.
INFO: [Synth 8-7078] Launching helper process for spawning children vivado processes
INFO: [Synth 8-7075] Helper process launched with PID 20304
INFO: [Synth 8-11241] undeclared symbol 'REGCCE', assumed default net type 'wire' [B:/Vivado/Vivado/2022.2/data/verilog/src/unimacro/BRAM_SINGLE_MACRO.v:2170]
---------------------------------------------------------------------------------
Starting Synthesize : Time (s): cpu = 00:00:04 ; elapsed = 00:00:05 . Memory (MB): peak = 843.742 ; gain = 409.039
---------------------------------------------------------------------------------
INFO: [Synth 8-638] synthesizing module 'Reaction_Timer_finite_state_machine_0_0' [b:/enel373/PersonalRXtimer/ReactionTimer/Reaction Timer.gen/sources_1/bd/Reaction_Timer/ip/Reaction_Timer_finite_state_machine_0_0/synth/Reaction_Timer_finite_state_machine_0_0.vhd:79]
INFO: [Synth 8-3491] module 'finite_state_machine' declared at 'B:/enel373/PersonalRXtimer/ReactionTimer/Reaction Timer.srcs/sources_1/new/FSM.vhd:26' bound to instance 'U0' of component 'finite_state_machine' [b:/enel373/PersonalRXtimer/ReactionTimer/Reaction Timer.gen/sources_1/bd/Reaction_Timer/ip/Reaction_Timer_finite_state_machine_0_0/synth/Reaction_Timer_finite_state_machine_0_0.vhd:121]
INFO: [Synth 8-638] synthesizing module 'finite_state_machine' [B:/enel373/PersonalRXtimer/ReactionTimer/Reaction Timer.srcs/sources_1/new/FSM.vhd:35]
WARNING: [Synth 8-614] signal 'reaction_index' is read in the process but is not in the sensitivity list [B:/enel373/PersonalRXtimer/ReactionTimer/Reaction Timer.srcs/sources_1/new/FSM.vhd:66]
WARNING: [Synth 8-614] signal 'reaction_times' is read in the process but is not in the sensitivity list [B:/enel373/PersonalRXtimer/ReactionTimer/Reaction Timer.srcs/sources_1/new/FSM.vhd:66]
WARNING: [Synth 8-614] signal 'total' is read in the process but is not in the sensitivity list [B:/enel373/PersonalRXtimer/ReactionTimer/Reaction Timer.srcs/sources_1/new/FSM.vhd:66]
WARNING: [Synth 8-614] signal 'avg' is read in the process but is not in the sensitivity list [B:/enel373/PersonalRXtimer/ReactionTimer/Reaction Timer.srcs/sources_1/new/FSM.vhd:66]
INFO: [Synth 8-256] done synthesizing module 'finite_state_machine' (0#1) [B:/enel373/PersonalRXtimer/ReactionTimer/Reaction Timer.srcs/sources_1/new/FSM.vhd:35]
INFO: [Synth 8-256] done synthesizing module 'Reaction_Timer_finite_state_machine_0_0' (0#1) [b:/enel373/PersonalRXtimer/ReactionTimer/Reaction Timer.gen/sources_1/bd/Reaction_Timer/ip/Reaction_Timer_finite_state_machine_0_0/synth/Reaction_Timer_finite_state_machine_0_0.vhd:79]
WARNING: [Synth 8-7129] Port BTNL in module finite_state_machine is either unconnected or has no load
---------------------------------------------------------------------------------
Finished Synthesize : Time (s): cpu = 00:00:06 ; elapsed = 00:00:07 . Memory (MB): peak = 934.617 ; gain = 499.914
---------------------------------------------------------------------------------
---------------------------------------------------------------------------------
Finished Constraint Validation : Time (s): cpu = 00:00:07 ; elapsed = 00:00:07 . Memory (MB): peak = 934.617 ; gain = 499.914
---------------------------------------------------------------------------------
---------------------------------------------------------------------------------
Start Loading Part and Timing Information
---------------------------------------------------------------------------------
Loading part: xc7a100tcsg324-1
---------------------------------------------------------------------------------
Finished Loading Part and Timing Information : Time (s): cpu = 00:00:07 ; elapsed = 00:00:07 . Memory (MB): peak = 934.617 ; gain = 499.914
---------------------------------------------------------------------------------
INFO: [Device 21-403] Loading part xc7a100tcsg324-1
INFO: [Synth 8-802] inferred FSM for state register 'current_state_reg' in module 'finite_state_machine'
---------------------------------------------------------------------------------------------------
                   State |                     New Encoding |                Previous Encoding 
---------------------------------------------------------------------------------------------------
               warning_3 |                        000000001 |                             0000
               warning_2 |                        000000010 |                             0001
               warning_1 |                        000000100 |                             0010
                counting |                        000001000 |                             0011
                printing |                        000010000 |                             0100
                 iSTATE1 |                        000100000 |                             1000
                 iSTATE0 |                        001000000 |                             0110
                  iSTATE |                        010000000 |                             0111
*
                   error |                        100000000 |                             0101
---------------------------------------------------------------------------------------------------
INFO: [Synth 8-3354] encoded FSM with state register 'current_state_reg' using encoding 'one-hot' in module 'finite_state_machine'
WARNING: [Synth 8-327] inferring latch for variable 'reaction_times_reg[2]' [B:/enel373/PersonalRXtimer/ReactionTimer/Reaction Timer.srcs/sources_1/new/FSM.vhd:86]
WARNING: [Synth 8-327] inferring latch for variable 'reaction_times_reg[1]' [B:/enel373/PersonalRXtimer/ReactionTimer/Reaction Timer.srcs/sources_1/new/FSM.vhd:86]
WARNING: [Synth 8-327] inferring latch for variable 'reaction_times_reg[0]' [B:/enel373/PersonalRXtimer/ReactionTimer/Reaction Timer.srcs/sources_1/new/FSM.vhd:86]
WARNING: [Synth 8-327] inferring latch for variable 'avg_reg' [B:/enel373/PersonalRXtimer/ReactionTimer/Reaction Timer.srcs/sources_1/new/FSM.vhd:143]
WARNING: [Synth 8-327] inferring latch for variable 'reaction_index_reg' [B:/enel373/PersonalRXtimer/ReactionTimer/Reaction Timer.srcs/sources_1/new/FSM.vhd:86]
WARNING: [Synth 8-327] inferring latch for variable 'total_reg' [B:/enel373/PersonalRXtimer/ReactionTimer/Reaction Timer.srcs/sources_1/new/FSM.vhd:140]
---------------------------------------------------------------------------------
Finished RTL Optimization Phase 2 : Time (s): cpu = 00:00:07 ; elapsed = 00:00:08 . Memory (MB): peak = 934.617 ; gain = 499.914
---------------------------------------------------------------------------------
No constraint files found.
---------------------------------------------------------------------------------
Start RTL Component Statistics 
---------------------------------------------------------------------------------
Detailed RTL Component Info : 
+---Adders : 
	   3 Input   32 Bit       Adders := 1     
	   2 Input   10 Bit       Adders := 1     
	   2 Input    2 Bit       Adders := 1     
+---Registers : 
	               10 Bit    Registers := 1     
+---Muxes : 
	   2 Input   32 Bit        Muxes := 6     
	  10 Input   32 Bit        Muxes := 1     
	  19 Input    9 Bit        Muxes := 1     
	   5 Input    4 Bit        Muxes := 1     
	   9 Input    4 Bit        Muxes := 2     
	   7 Input    4 Bit        Muxes := 1     
	   2 Input    3 Bit        Muxes := 6     
	   2 Input    2 Bit        Muxes := 1     
	   2 Input    1 Bit        Muxes := 3     
	  10 Input    1 Bit        Muxes := 4     
---------------------------------------------------------------------------------
Finished RTL Component Statistics 
---------------------------------------------------------------------------------
---------------------------------------------------------------------------------
Start Part Resource Summary
---------------------------------------------------------------------------------
Part Resources:
DSPs: 240 (col length:80)
BRAMs: 270 (col length: RAMB18 80 RAMB36 40)
---------------------------------------------------------------------------------
Finished Part Resource Summary
---------------------------------------------------------------------------------
No constraint files found.
---------------------------------------------------------------------------------
Start Cross Boundary and Area Optimization
---------------------------------------------------------------------------------
WARNING: [Synth 8-7080] Parallel synthesis criteria is not met
WARNING: [Synth 8-7129] Port BTNL in module finite_state_machine is either unconnected or has no load
---------------------------------------------------------------------------------
Finished Cross Boundary and Area Optimization : Time (s): cpu = 00:00:15 ; elapsed = 00:00:16 . Memory (MB): peak = 1158.137 ; gain = 723.434
---------------------------------------------------------------------------------
No constraint files found.
---------------------------------------------------------------------------------
Start Timing Optimization
---------------------------------------------------------------------------------
---------------------------------------------------------------------------------
Finished Timing Optimization : Time (s): cpu = 00:00:15 ; elapsed = 00:00:16 . Memory (MB): peak = 1158.137 ; gain = 723.434
---------------------------------------------------------------------------------
---------------------------------------------------------------------------------
Start Technology Mapping
---------------------------------------------------------------------------------
---------------------------------------------------------------------------------
Finished Technology Mapping : Time (s): cpu = 00:00:15 ; elapsed = 00:00:16 . Memory (MB): peak = 1158.137 ; gain = 723.434
---------------------------------------------------------------------------------
---------------------------------------------------------------------------------
Start IO Insertion
---------------------------------------------------------------------------------
---------------------------------------------------------------------------------
Start Flattening Before IO Insertion
---------------------------------------------------------------------------------
---------------------------------------------------------------------------------
Finished Flattening Before IO Insertion
---------------------------------------------------------------------------------
---------------------------------------------------------------------------------
Start Final Netlist Cleanup
---------------------------------------------------------------------------------
---------------------------------------------------------------------------------
Finished Final Netlist Cleanup
---------------------------------------------------------------------------------
---------------------------------------------------------------------------------
Finished IO Insertion : Time (s): cpu = 00:00:20 ; elapsed = 00:00:21 . Memory (MB): peak = 1158.137 ; gain = 723.434
---------------------------------------------------------------------------------
---------------------------------------------------------------------------------
Start Renaming Generated Instances
---------------------------------------------------------------------------------
---------------------------------------------------------------------------------
Finished Renaming Generated Instances : Time (s): cpu = 00:00:20 ; elapsed = 00:00:21 . Memory (MB): peak = 1158.137 ; gain = 723.434
---------------------------------------------------------------------------------
---------------------------------------------------------------------------------
Start Rebuilding User Hierarchy
---------------------------------------------------------------------------------
---------------------------------------------------------------------------------
Finished Rebuilding User Hierarchy : Time (s): cpu = 00:00:20 ; elapsed = 00:00:21 . Memory (MB): peak = 1158.137 ; gain = 723.434
---------------------------------------------------------------------------------
---------------------------------------------------------------------------------
Start Renaming Generated Ports
---------------------------------------------------------------------------------
---------------------------------------------------------------------------------
Finished Renaming Generated Ports : Time (s): cpu = 00:00:20 ; elapsed = 00:00:21 . Memory (MB): peak = 1158.137 ; gain = 723.434
---------------------------------------------------------------------------------
---------------------------------------------------------------------------------
Start Handling Custom Attributes
---------------------------------------------------------------------------------
---------------------------------------------------------------------------------
Finished Handling Custom Attributes : Time (s): cpu = 00:00:20 ; elapsed = 00:00:21 . Memory (MB): peak = 1158.137 ; gain = 723.434
---------------------------------------------------------------------------------
---------------------------------------------------------------------------------
Start Renaming Generated Nets
---------------------------------------------------------------------------------
---------------------------------------------------------------------------------
Finished Renaming Generated Nets : Time (s): cpu = 00:00:20 ; elapsed = 00:00:21 . Memory (MB): peak = 1158.137 ; gain = 723.434
---------------------------------------------------------------------------------
---------------------------------------------------------------------------------
Start Writing Synthesis Report
---------------------------------------------------------------------------------

Report BlackBoxes: 
+-+--------------+----------+
| |BlackBox name |Instances |
+-+--------------+----------+
+-+--------------+----------+

Report Cell Usage: 
+------+-------+------+
|      |Cell   |Count |
+------+-------+------+
|1     |CARRY4 |   129|
|2     |LUT1   |     4|
|3     |LUT2   |   143|
|4     |LUT3   |   127|
|5     |LUT4   |   447|
|6     |LUT5   |   101|
|7     |LUT6   |   127|
|8     |FDRE   |    18|
|9     |FDSE   |     1|
|10    |LD     |   161|
+------+-------+------+

Report Instance Areas: 
+------+---------+---------------------+------+
|      |Instance |Module               |Cells |
+------+---------+---------------------+------+
|1     |top      |                     |  1258|
|2     |  U0     |finite_state_machine |  1258|
+------+---------+---------------------+------+
---------------------------------------------------------------------------------
Finished Writing Synthesis Report : Time (s): cpu = 00:00:20 ; elapsed = 00:00:21 . Memory (MB): peak = 1158.137 ; gain = 723.434
---------------------------------------------------------------------------------
Synthesis finished with 0 errors, 0 critical warnings and 13 warnings.
Synthesis Optimization Runtime : Time (s): cpu = 00:00:20 ; elapsed = 00:00:21 . Memory (MB): peak = 1158.137 ; gain = 723.434
Synthesis Optimization Complete : Time (s): cpu = 00:00:20 ; elapsed = 00:00:21 . Memory (MB): peak = 1158.137 ; gain = 723.434
INFO: [Project 1-571] Translating synthesized netlist
Netlist sorting complete. Time (s): cpu = 00:00:00 ; elapsed = 00:00:00.010 . Memory (MB): peak = 1166.867 ; gain = 0.000
INFO: [Netlist 29-17] Analyzing 290 Unisim elements for replacement
INFO: [Netlist 29-28] Unisim Transformation completed in 0 CPU seconds
WARNING: [Netlist 29-101] Netlist 'Reaction_Timer_finite_state_machine_0_0' is not ideal for floorplanning, since the cellview 'finite_state_machine' contains a large number of primitives.  Please consider enabling hierarchy in synthesis if you want to do floorplanning.
INFO: [Project 1-570] Preparing netlist for logic optimization
INFO: [Opt 31-138] Pushed 0 inverter(s) to 0 load pin(s).
Netlist sorting complete. Time (s): cpu = 00:00:00 ; elapsed = 00:00:00 . Memory (MB): peak = 1253.516 ; gain = 0.000
INFO: [Project 1-111] Unisim Transformation Summary:
  A total of 161 instances were transformed.
  LD => LDCE: 161 instances

Synth Design complete, checksum: cee2b89a
INFO: [Common 17-83] Releasing license: Synthesis
25 Infos, 14 Warnings, 0 Critical Warnings and 0 Errors encountered.
synth_design completed successfully
synth_design: Time (s): cpu = 00:00:23 ; elapsed = 00:00:23 . Memory (MB): peak = 1253.516 ; gain = 825.797
INFO: [Timing 38-35] Done setting XDC timing constraints.
INFO: [Common 17-1381] The checkpoint 'B:/enel373/PersonalRXtimer/ReactionTimer/Reaction Timer.runs/Reaction_Timer_finite_state_machine_0_0_synth_1/Reaction_Timer_finite_state_machine_0_0.dcp' has been generated.
write_checkpoint: Time (s): cpu = 00:00:07 ; elapsed = 00:00:08 . Memory (MB): peak = 1593.730 ; gain = 340.215
INFO: [Coretcl 2-1648] Added synthesis output to IP cache for IP Reaction_Timer_finite_state_machine_0_0, cache-ID = bd6fa4fbb86732af
INFO: [Common 17-1381] The checkpoint 'B:/enel373/PersonalRXtimer/ReactionTimer/Reaction Timer.runs/Reaction_Timer_finite_state_machine_0_0_synth_1/Reaction_Timer_finite_state_machine_0_0.dcp' has been generated.
INFO: [runtcl-4] Executing : report_utilization -file Reaction_Timer_finite_state_machine_0_0_utilization_synth.rpt -pb Reaction_Timer_finite_state_machine_0_0_utilization_synth.pb
INFO: [Common 17-206] Exiting Vivado at Thu May  8 01:16:56 2025...
