#
# A fatal error has been detected by the Java Runtime Environment:
#
#  EXCEPTION_ACCESS_VIOLATION (0xc0000005) at pc=0x00007ffa20026d20, pid=22468, tid=20656
#
# JRE version: OpenJDK Runtime Environment 18.9 (11.0.11+9) (build 11.0.11+9)
# Java VM: OpenJDK 64-Bit Server VM 18.9 (11.0.11+9, mixed mode, tiered, compressed oops, g1 gc, windows-amd64)
# Problematic frame:
# C  [librdi_coregen.dll+0x806d20]
#
# No core dump will be written. Minidumps are not enabled by default on client versions of Windows
#
# If you would like to submit a bug report, please visit:
#   https://bugreport.java.com/bugreport/crash.jsp
# The crash happened outside the Java Virtual Machine in native code.
# See problematic frame for where to report the bug.
#

---------------  S U M M A R Y ------------

Command Line: -Dsun.java2d.pmoffscreen=false -Dhttps.protocols=TLSv1,TLSv1.1,TLSv1.2 -Dsun.java2d.xrender=false -Dsun.java2d.d3d=false -Dsun.awt.nopixfmt=true -Dsun.java2d.dpiaware=true -Dsun.java2d.uiScale.enabled=false -Xverify:none -Dswing.aatext=true -XX:-UsePerfData -Djdk.map.althashing.threshold=512 -XX:StringTableSize=4072 --add-opens=java.desktop/com.sun.awt=ALL-UNNAMED --add-opens=java.desktop/javax.swing.plaf.synth=ALL-UNNAMED --add-opens=java.base/java.nio=ALL-UNNAMED --add-opens=java.desktop/sun.swing=ALL-UNNAMED --add-opens=java.desktop/javax.swing=ALL-UNNAMED --add-opens=java.desktop/javax.swing.tree=ALL-UNNAMED --add-opens=java.desktop/javax.swing.plaf.basic=ALL-UNNAMED --add-opens=java.desktop/javax.swing.plaf.synth=ALL-UNNAMED --add-opens=java.desktop/javax.swing.plaf.basic=ALL-UNNAMED --add-opens=java.desktop/javax.swing=ALL-UNNAMED --add-opens=java.desktop/javax.swing.tree=ALL-UNNAMED --add-opens=java.desktop/java.awt.event=ALL-UNNAMED --add-exports=java.desktop/javax.swing.plaf.synth=ALL-UNNAMED --add-exports=java.base/java.nio=ALL-UNNAMED --add-exports=java.desktop/sun.swing=ALL-UNNAMED --add-exports=java.desktop/javax.swing=ALL-UNNAMED --add-exports=java.desktop/javax.swing.tree=ALL-UNNAMED --add-exports=java.desktop/javax.swing.plaf.basic=ALL-UNNAMED --add-exports=java.desktop/sun.swing=ALL-UNNAMED --add-exports=java.desktop/sun.swing.table=ALL-UNNAMED --add-exports=java.desktop/sun.swing.plaf.synth=ALL-UNNAMED --add-exports=java.desktop/sun.awt.shell=ALL-UNNAMED --add-exports=java.base/sun.security.action=ALL-UNNAMED --add-exports=java.desktop/sun.font=ALL-UNNAMED -XX:NewSize=60m -XX:MaxNewSize=60m -Xms256m -Xmx3072m -Xss5m 

Host: Intel(R) Core(TM) i7-8700 CPU @ 3.20GHz, 12 cores, 15G,  Windows 10 , 64 bit Build 19041 (10.0.19041.5678)
Time: Thu May  8 00:02:02 2025 New Zealand Standard Time elapsed time: 47574.970152 seconds (0d 13h 12m 54s)

---------------  T H R E A D  ---------------

Current thread (0x00000167171ec000):  JavaThread "AWT-EventQueue-0" [_thread_in_native, id=20656, stack(0x0000001d19400000,0x0000001d19900000)]

Stack: [0x0000001d19400000,0x0000001d19900000],  sp=0x0000001d198fc160,  free space=5104k
Native frames: (J=compiled Java code, j=interpreted, Vv=VM code, C=native code)
C  [librdi_coregen.dll+0x806d20]
C  [librdi_coregen.dll+0x83fd22]
C  [librdi_coregen.dll+0x10dc30d]
C  0x00007ffa12536a80
C  0x0000016708da7c2d

Java frames: (J=compiled Java code, j=interpreted, Vv=VM code)
J 19471  ui.data.rsbi.RSBReposBlock_usesScopedBd(J)Z (0 bytes) @ 0x0000016708da7b91 [0x0000016708da7b40+0x0000000000000051]
J 19470 c1 ui.data.l.bb.dMP()Z (8 bytes) @ 0x000001670215d2b4 [0x000001670215d240+0x0000000000000074]
J 20349 c1 ui.views.systembuilder.fK.a(Lui/data/l/ar;Lui/data/l/ag;Ljava/util/ArrayList;)V (1959 bytes) @ 0x0000016702fc8e1c [0x0000016702fc7980+0x000000000000149c]
j  ui.views.systembuilder.fK.h(Lui/data/l/ar;)V+35
j  ui.views.systembuilder.fK.klz()V+118
j  ui.views.systembuilder.fK.cHX()V+75
j  ui.views.systembuilder.fK.notifyRSBSystemChange(Z)V+221
j  ui.data.l.bd.a(Lui/frmwork/a/n;Z)V+103
J 24023 c1 ui.data.l.bd.handleTclEvent(Lui/frmwork/a/k;)V (523 bytes) @ 0x000001670304b9c4 [0x0000016703042640+0x0000000000009384]
J 13938 c1 ui.frmwork.a.m.c(Lui/frmwork/a/k;)V (61 bytes) @ 0x0000016702898b8c [0x00000167028981e0+0x00000000000009ac]
J 13465 c1 ui.frmwork.D.i(JZ)V (471 bytes) @ 0x00000167027061c4 [0x0000016702702040+0x0000000000004184]
J 17084 c1 ui.frmwork.D$$Lambda$203.run()V (12 bytes) @ 0x00000167016b935c [0x00000167016b9280+0x00000000000000dc]
J 14897 c2 java.awt.EventQueue$4.run()Ljava/lang/Object; java.desktop@11.0.11 (5 bytes) @ 0x00000167087192f4 [0x00000167087190a0+0x0000000000000254]
v  ~StubRoutines::call_stub
J 4183  java.security.AccessController.doPrivileged(Ljava/security/PrivilegedAction;Ljava/security/AccessControlContext;)Ljava/lang/Object; java.base@11.0.11 (0 bytes) @ 0x0000016707d34d36 [0x0000016707d34cc0+0x0000000000000076]
J 13487 c2 java.awt.EventQueue.dispatchEvent(Ljava/awt/AWTEvent;)V java.desktop@11.0.11 (80 bytes) @ 0x000001670859c7e0 [0x000001670859c240+0x00000000000005a0]
J 13488 c2 ui.frmwork.a.d.dispatchEvent(Ljava/awt/AWTEvent;)V (42 bytes) @ 0x000001670859de44 [0x000001670859dc80+0x00000000000001c4]
J 15325 c2 java.awt.EventDispatchThread.pumpOneEventForFilters(I)V java.desktop@11.0.11 (113 bytes) @ 0x0000016707c8927c [0x0000016707c89000+0x000000000000027c]
J 17941% c2 java.awt.EventDispatchThread.pumpEventsForFilter(ILjava/awt/Conditional;Ljava/awt/EventFilter;)V java.desktop@11.0.11 (47 bytes) @ 0x0000016708adeb40 [0x0000016708adea40+0x0000000000000100]
j  java.awt.EventDispatchThread.pumpEventsForHierarchy(ILjava/awt/Conditional;Ljava/awt/Component;)V+11 java.desktop@11.0.11
j  java.awt.EventDispatchThread.pumpEvents(ILjava/awt/Conditional;)V+4 java.desktop@11.0.11
j  java.awt.EventDispatchThread.pumpEvents(Ljava/awt/Conditional;)V+3 java.desktop@11.0.11
j  java.awt.EventDispatchThread.run()V+9 java.desktop@11.0.11
v  ~StubRoutines::call_stub

siginfo: EXCEPTION_ACCESS_VIOLATION (0xc0000005), reading address 0x0000000000000024


Register to memory mapping:

RIP=0x00007ffa20026d20 librdi_coregen.dll
RAX=0x000073fab2f8538c is an unknown value
RBX=0x0000000000000024 is an unknown value
RCX=0x0000016737accc50 points into unknown readable memory: 0x0000000000000020 | 20 00 00 00 00 00 00 00
RDX=0x0000001d198fc220 is pointing into the stack for thread: 0x00000167171ec000
RSP=0x0000001d198fc160 is pointing into the stack for thread: 0x00000167171ec000
RBP=0x00007ffa21c897f0 librdi_coregen.dll
RSI=0x0 is NULL
RDI=0x000000090000000b is an unknown value
R8 =0x00007ffa21c897f0 librdi_coregen.dll
R9 =0x000000074d23b928 is an oop: ui.data.l.bb 
{0x000000074d23b928} - klass: 'ui/data/l/bb'
R10=0x00007ffa12536a50 points into unknown readable memory: 0x48000000b8ec8148 | 48 81 ec b8 00 00 00 48
R11=0x0000001d198fc1f8 is pointing into the stack for thread: 0x00000167171ec000
R12=0x0 is NULL
R13=3919869744 is a compressed pointer to object: [Ljava.lang.String; 
{0x000000074d23b980} - klass: 'java/lang/String'[]
 - length: 12
R14=0x0000001d198fc220 is pointing into the stack for thread: 0x00000167171ec000
R15=0x0000016737accc50 points into unknown readable memory: 0x0000000000000020 | 20 00 00 00 00 00 00 00


Registers:
RAX=0x000073fab2f8538c, RBX=0x0000000000000024, RCX=0x0000016737accc50, RDX=0x0000001d198fc220
RSP=0x0000001d198fc160, RBP=0x00007ffa21c897f0, RSI=0x0000000000000000, RDI=0x000000090000000b
R8 =0x00007ffa21c897f0, R9 =0x000000074d23b928, R10=0x00007ffa12536a50, R11=0x0000001d198fc1f8
R12=0x0000000000000000, R13=0x00000000e9a47730, R14=0x0000001d198fc220, R15=0x0000016737accc50
RIP=0x00007ffa20026d20, EFLAGS=0x0000000000010293

Top of Stack: (sp=0x0000001d198fc160)
0x0000001d198fc160:   0000016715f5bad8 00007ffa1f9f291d
0x0000001d198fc170:   00000167209fb290 00007ffa00000496
0x0000001d198fc180:   0000016700000001 fffffffffffffffe
0x0000001d198fc190:   0000001d198fc220 fffffffffffffffe
0x0000001d198fc1a0:   0000016767880000 000000000000001e
0x0000001d198fc1b0:   00000000e9a47730 000073fab2f8538c
0x0000001d198fc1c0:   00000167171ec000 0000001d198fc390
0x0000001d198fc1d0:   00000000e9a47730 0000000000000000
0x0000001d198fc1e0:   0000000000000558 00000167333410b0
0x0000001d198fc1f0:   0000001d198fc3a0 00007ffa2005fd22
0x0000001d198fc200:   00000167171ec000 0000016767920000
0x0000001d198fc210:   0000016737accc50 0000000000000000
0x0000001d198fc220:   0000000000000000 0000000000000000
0x0000001d198fc230:   0000000000000000 00007ffb27dbf05b
0x0000001d198fc240:   0000000000000558 00007ffa208fc30d
0x0000001d198fc250:   0000000800a58040 00000167333410b0 

Instructions: (pc=0x00007ffa20026d20)
0x00007ffa20026c20:   89 74 24 38 48 8b 0b 48 85 c9 74 43 e8 ff 8c 14
0x00007ffa20026c30:   00 48 8b c8 48 8b e8 e8 04 33 15 00 49 8b ce 48
0x00007ffa20026c40:   8b f0 e8 f9 32 15 00 48 8b d0 48 8b ce e8 be 52
0x00007ffa20026c50:   98 ff 84 c0 74 19 48 8b cd e8 a2 32 15 00 49 8b
0x00007ffa20026c60:   ce 48 8b f0 e8 97 32 15 00 8b 08 39 0e 74 26 48
0x00007ffa20026c70:   83 c3 08 48 3b df 75 ac 33 c0 48 8b 6c 24 30 48
0x00007ffa20026c80:   8b 74 24 38 48 8b 5c 24 40 48 8b 7c 24 48 48 83
0x00007ffa20026c90:   c4 20 41 5e c3 48 8b 03 eb e0 48 8b 5c 24 40 33
0x00007ffa20026ca0:   c0 48 8b 7c 24 48 48 83 c4 20 41 5e c3 cc cc cc
0x00007ffa20026cb0:   4c 8b dc 55 56 57 41 54 41 55 41 56 41 57 48 83
0x00007ffa20026cc0:   ec 60 49 c7 43 90 fe ff ff ff 49 89 5b 18 48 8b
0x00007ffa20026cd0:   05 cb 91 c1 01 48 33 c4 48 89 44 24 58 49 8b e8
0x00007ffa20026ce0:   4c 8b f2 4c 8b f9 49 89 53 98 45 33 e4 45 89 63
0x00007ffa20026cf0:   88 4c 89 22 4c 89 62 08 4c 89 62 10 c7 44 24 20
0x00007ffa20026d00:   01 00 00 00 48 8b b9 48 03 00 00 48 8b 99 40 03
0x00007ffa20026d10:   00 00 41 8b f4 48 3b df 74 61 66 0f 1f 44 00 00
0x00007ffa20026d20:   48 8b 0b 48 85 c9 74 47 e8 03 8c 14 00 48 8b f0
0x00007ffa20026d30:   48 85 ed 74 10 48 8b c8 e8 13 2f 15 00 8b 48 28
0x00007ffa20026d40:   39 4d 28 75 2a 49 8b 46 08 49 39 46 10 74 12 48
0x00007ffa20026d50:   8b d6 48 8b c8 e8 96 25 15 00 49 83 46 08 28 eb
0x00007ffa20026d60:   0e 4c 8b c6 48 8b d0 49 8b ce e8 21 c5 fe ff 48
0x00007ffa20026d70:   83 c3 08 48 3b df 75 a8 49 8b 36 49 8b 6e 08 48
0x00007ffa20026d80:   3b f5 0f 84 9a 01 00 00 49 bd 67 66 66 66 66 66
0x00007ffa20026d90:   66 66 48 8b ce e8 b6 2e 15 00 48 8b c8 e8 6e 40
0x00007ffa20026da0:   9d ff 84 c0 0f 84 6b 01 00 00 48 8b ce e8 9e 2e
0x00007ffa20026db0:   15 00 48 8b c8 e8 46 3b 9d ff 48 8b d8 e8 6e fa
0x00007ffa20026dc0:   9c ff 8b 40 28 39 43 28 0f 85 a1 00 00 00 4c 89
0x00007ffa20026dd0:   64 24 48 48 c7 44 24 50 0f 00 00 00 c6 44 24 38
0x00007ffa20026de0:   00 48 8b d6 49 8b cf e8 04 fe ff ff 48 85 c0 74
0x00007ffa20026df0:   37 48 8d 54 24 38 48 8b c8 e8 a2 98 14 00 84 c0
0x00007ffa20026e00:   74 26 48 8d 54 24 38 49 8b cf e8 71 04 00 00 48
0x00007ffa20026e10:   85 c0 74 14 48 8b c8 e8 14 8b 14 00 48 8b d0 48 


Stack slot to memory mapping:
stack at sp + 0 slots: 0x0000016715f5bad8 points into unknown readable memory: 0x000000074d23b9c0 | c0 b9 23 4d 07 00 00 00
stack at sp + 1 slots: 0x00007ffa1f9f291d librdi_coregen.dll
stack at sp + 2 slots: 0x00000167209fb290 points into unknown readable memory: 0x0000016767881800 | 00 18 88 67 67 01 00 00
stack at sp + 3 slots: 0x00007ffa00000496 points into unknown readable memory: 00 00
stack at sp + 4 slots: 0x0000016700000001 points into unknown readable memory: 00 00 00 00 00 00 00
stack at sp + 5 slots: 0xfffffffffffffffe is an unknown value
stack at sp + 6 slots: 0x0000001d198fc220 is pointing into the stack for thread: 0x00000167171ec000
stack at sp + 7 slots: 0xfffffffffffffffe is an unknown value


---------------  P R O C E S S  ---------------

Threads class SMR info:
_java_thread_list=0x00000167316f15f0, length=47, elements={
0x0000016771ae4000, 0x0000016772648800, 0x000001677264c000, 0x0000016772685800,
0x0000016772687000, 0x0000016772688800, 0x00000167726b1000, 0x00000167726b6000,
0x00000167726b9800, 0x00000167141b3800, 0x00000167140a2000, 0x00000167149e8800,
0x0000016715e35800, 0x00000167171eb000, 0x00000167171ec000, 0x0000016714dbe800,
0x0000016715ac7800, 0x00000167176ee000, 0x00000167176ea800, 0x00000167176ed000,
0x00000167176e9000, 0x00000167176ec000, 0x00000167176e9800, 0x00000167176eb800,
0x00000167176ee800, 0x000001672ba5b800, 0x000001672ba56000, 0x000001672ba56800,
0x000001672ba5e000, 0x000001672ba5a000, 0x000001672ba60800, 0x000001672ba54800,
0x000001672ba5f000, 0x000001672ba55000, 0x000001672ba5c800, 0x0000016732aaa000,
0x0000016732aa6000, 0x0000016732aa6800, 0x0000016732aa9000, 0x0000016732aaf800,
0x0000016732ab0800, 0x0000016732aa4800, 0x0000016732aab800, 0x0000016732aac800,
0x0000016732ab1800, 0x0000016732ab3000, 0x0000016732aa7800
}

Java Threads: ( => current thread )
  0x0000016771ae4000 JavaThread "main" [_thread_blocked, id=21332, stack(0x0000001d14600000,0x0000001d14700000)]
  0x0000016772648800 JavaThread "Reference Handler" daemon [_thread_blocked, id=21396, stack(0x0000001d14d00000,0x0000001d15200000)]
  0x000001677264c000 JavaThread "Finalizer" daemon [_thread_blocked, id=21224, stack(0x0000001d15200000,0x0000001d15700000)]
  0x0000016772685800 JavaThread "Signal Dispatcher" daemon [_thread_blocked, id=22708, stack(0x0000001d15700000,0x0000001d15c00000)]
  0x0000016772687000 JavaThread "Attach Listener" daemon [_thread_blocked, id=18368, stack(0x0000001d15c00000,0x0000001d16100000)]
  0x0000016772688800 JavaThread "Service Thread" daemon [_thread_blocked, id=13436, stack(0x0000001d16100000,0x0000001d16600000)]
  0x00000167726b1000 JavaThread "C2 CompilerThread0" daemon [_thread_blocked, id=7364, stack(0x0000001d16600000,0x0000001d16700000)]
  0x00000167726b6000 JavaThread "C1 CompilerThread0" daemon [_thread_blocked, id=23472, stack(0x0000001d16700000,0x0000001d16800000)]
  0x00000167726b9800 JavaThread "Sweeper thread" daemon [_thread_blocked, id=17356, stack(0x0000001d16800000,0x0000001d16d00000)]
  0x00000167141b3800 JavaThread "Common-Cleaner" daemon [_thread_blocked, id=22800, stack(0x0000001d16f00000,0x0000001d17400000)]
  0x00000167140a2000 JavaThread "Java2D Disposer" daemon [_thread_blocked, id=22680, stack(0x0000001d17500000,0x0000001d17a00000)]
  0x00000167149e8800 JavaThread "AWT-Windows" daemon [_thread_in_native, id=6892, stack(0x0000001d17f00000,0x0000001d18400000)]
  0x0000016715e35800 JavaThread "TimerQueue" daemon [_thread_blocked, id=15796, stack(0x0000001d17a00000,0x0000001d17f00000)]
  0x00000167171eb000 JavaThread "AWT-Shutdown" [_thread_blocked, id=21856, stack(0x0000001d18f00000,0x0000001d19400000)]
=>0x00000167171ec000 JavaThread "AWT-EventQueue-0" [_thread_in_native, id=20656, stack(0x0000001d19400000,0x0000001d19900000)]
  0x0000016714dbe800 JavaThread "Thread-1" [_thread_in_native, id=20948, stack(0x0000001d13000000,0x0000001d14400000)]
  0x0000016715ac7800 JavaThread "Process Messages Thread" [_thread_blocked, id=12472, stack(0x0000001d1a100000,0x0000001d1a600000)]
  0x00000167176ee000 JavaThread "Batik CleanerThread" daemon [_thread_blocked, id=13648, stack(0x0000001d19900000,0x0000001d19e00000)]
  0x00000167176ea800 JavaThread "SyntheticaCleanerThread" daemon [_thread_blocked, id=20652, stack(0x0000001d1af00000,0x0000001d1b400000)]
  0x00000167176ed000 JavaThread "Monitor HEventQueue Thread" [_thread_blocked, id=10508, stack(0x0000001d1ba00000,0x0000001d1bf00000)]
  0x00000167176e9000 JavaThread "SyntheticaAnimation 50" daemon [_thread_blocked, id=16604, stack(0x0000001d1bf00000,0x0000001d1c400000)]
  0x00000167176ec000 JavaThread "SyntheticaAnimation 25" daemon [_thread_blocked, id=15224, stack(0x0000001d1c400000,0x0000001d1c900000)]
  0x00000167176e9800 JavaThread "SyntheticaAnimation 70" daemon [_thread_blocked, id=13188, stack(0x0000001d1ce00000,0x0000001d1d300000)]
  0x00000167176eb800 JavaThread "Refresh Filesets Swing Worker Thread" [_thread_blocked, id=19584, stack(0x0000001d18a00000,0x0000001d18f00000)]
  0x00000167176ee800 JavaThread "hw_ila_monitor" [_thread_blocked, id=19652, stack(0x0000001d1a600000,0x0000001d1ab00000)]
  0x000001672ba5b800 JavaThread "pool-1-thread-1" [_thread_blocked, id=21568, stack(0x0000001d1d800000,0x0000001d1dd00000)]
  0x000001672ba56000 JavaThread "pool-2-thread-1" [_thread_blocked, id=11920, stack(0x0000001d1dd00000,0x0000001d1e200000)]
  0x000001672ba56800 JavaThread "pool-3-thread-1" [_thread_blocked, id=19836, stack(0x0000001d1e200000,0x0000001d1e700000)]
  0x000001672ba5e000 JavaThread "Update Runs Swing Worker Thread" [_thread_blocked, id=21416, stack(0x0000001d1e700000,0x0000001d1ec00000)]
  0x000001672ba5a000 JavaThread "Thread-29" [_thread_in_native, id=11236, stack(0x0000001d1ec00000,0x0000001d1ed00000)]
  0x000001672ba60800 JavaThread "Thread-32" [_thread_in_native, id=17868, stack(0x0000001d1ed00000,0x0000001d1ee00000)]
  0x000001672ba54800 JavaThread "SyntheticaAnimation 50" daemon [_thread_blocked, id=22560, stack(0x0000001d1b400000,0x0000001d1b900000)]
  0x000001672ba5f000 JavaThread "Image Animator 3" daemon [_thread_blocked, id=21540, stack(0x0000001d1f600000,0x0000001d1fb00000)]
  0x000001672ba55000 JavaThread "Timer-1" [_thread_blocked, id=17456, stack(0x0000001d20000000,0x0000001d20500000)]
  0x000001672ba5c800 JavaThread "Monitor File Timestamp Swing Worker Thread" [_thread_blocked, id=19476, stack(0x0000001d20500000,0x0000001d20a00000)]
  0x0000016732aaa000 JavaThread "Timer-4" [_thread_blocked, id=15084, stack(0x0000001d1f100000,0x0000001d1f600000)]
  0x0000016732aa6000 JavaThread "Monitor File Timestamp Swing Worker Thread" [_thread_blocked, id=22536, stack(0x0000001d1fb00000,0x0000001d20000000)]
  0x0000016732aa6800 JavaThread "Timer-5" [_thread_blocked, id=3240, stack(0x0000001d20a00000,0x0000001d20f00000)]
  0x0000016732aa9000 JavaThread "Monitor File Timestamp Swing Worker Thread" [_thread_blocked, id=23544, stack(0x0000001d20f00000,0x0000001d21400000)]
  0x0000016732aaf800 JavaThread "Timer-8" [_thread_blocked, id=17192, stack(0x0000001d21900000,0x0000001d21e00000)]
  0x0000016732ab0800 JavaThread "Monitor File Timestamp Swing Worker Thread" [_thread_blocked, id=20828, stack(0x0000001d22400000,0x0000001d22900000)]
  0x0000016732aa4800 JavaThread "Timer-10" [_thread_blocked, id=1536, stack(0x0000001d1d300000,0x0000001d1d800000)]
  0x0000016732aab800 JavaThread "Monitor File Timestamp Swing Worker Thread" [_thread_blocked, id=2904, stack(0x0000001d1ec00000,0x0000001d1f100000)]
  0x0000016732aac800 JavaThread "Thread-20971" [_thread_in_native, id=22076, stack(0x0000001d16d00000,0x0000001d16e00000)]
  0x0000016732ab1800 JavaThread "Thread-20975" [_thread_in_native, id=17500, stack(0x0000001d12b00000,0x0000001d12c00000)]
  0x0000016732ab3000 JavaThread "Image Animator 3" daemon [_thread_blocked, id=21440, stack(0x0000001d22e00000,0x0000001d23300000)]
  0x0000016732aa7800 JavaThread "Add Module Thread" [_thread_blocked, id=13456, stack(0x0000001d21e00000,0x0000001d22300000)]

Other Threads:
  0x0000016772644800 VMThread "VM Thread" [stack: 0x0000001d14c00000,0x0000001d14d00000] [id=22572]
  0x0000016714205800 WatcherThread [stack: 0x0000001d17400000,0x0000001d17500000] [id=20852]
  0x0000016773601800 GCTaskThread "GC Thread#0" [stack: 0x0000001d14700000,0x0000001d14800000] [id=3384]
  0x0000016716466800 GCTaskThread "GC Thread#1" [stack: 0x0000001d18400000,0x0000001d18500000] [id=20632]
  0x0000016715ad7800 GCTaskThread "GC Thread#2" [stack: 0x0000001d18500000,0x0000001d18600000] [id=10916]
  0x00000167162b9800 GCTaskThread "GC Thread#3" [stack: 0x0000001d18600000,0x0000001d18700000] [id=15496]
  0x0000016715b0e000 GCTaskThread "GC Thread#4" [stack: 0x0000001d18700000,0x0000001d18800000] [id=8708]
  0x0000016715b0e800 GCTaskThread "GC Thread#5" [stack: 0x0000001d18800000,0x0000001d18900000] [id=14516]
  0x0000016717419800 GCTaskThread "GC Thread#6" [stack: 0x0000001d19e00000,0x0000001d19f00000] [id=8028]
  0x00000167174e2000 GCTaskThread "GC Thread#7" [stack: 0x0000001d19f00000,0x0000001d1a000000] [id=14924]
  0x0000016714984000 GCTaskThread "GC Thread#8" [stack: 0x0000001d1ab00000,0x0000001d1ac00000] [id=20536]
  0x0000016716eda800 GCTaskThread "GC Thread#9" [stack: 0x0000001d1ac00000,0x0000001d1ad00000] [id=21996]
  0x0000016771d39800 ConcurrentGCThread "G1 Main Marker" [stack: 0x0000001d14800000,0x0000001d14900000] [id=22676]
  0x0000016771d3a000 ConcurrentGCThread "G1 Conc#0" [stack: 0x0000001d14900000,0x0000001d14a00000] [id=20068]
  0x0000016715f38000 ConcurrentGCThread "G1 Conc#1" [stack: 0x0000001d12f00000,0x0000001d13000000] [id=21828]
  0x0000016717b07800 ConcurrentGCThread "G1 Conc#2" [stack: 0x0000001d1a000000,0x0000001d1a100000] [id=23096]
  0x0000016772508000 ConcurrentGCThread "G1 Refine#0" [stack: 0x0000001d14a00000,0x0000001d14b00000] [id=4356]
  0x0000016716442000 ConcurrentGCThread "G1 Refine#1" [stack: 0x0000001d18900000,0x0000001d18a00000] [id=21432]
  0x0000016772509000 ConcurrentGCThread "G1 Young RemSet Sampling" [stack: 0x0000001d14b00000,0x0000001d14c00000] [id=4248]

Threads with active compile tasks:

VM state:not at safepoint (normal execution)

VM Mutex/Monitor currently owned by a thread: None

Heap address: 0x0000000740000000, size: 3072 MB, Compressed Oops mode: Zero based, Oop shift amount: 3
Narrow klass base: 0x0000000800000000, Narrow klass shift: 0
Compressed class space size: 1073741824 Address: 0x0000000800000000

Heap:
 garbage-first heap   total 262144K, used 126310K [0x0000000740000000, 0x0000000800000000)
  region size 1024K, 49 young (50176K), 3 survivors (3072K)
 Metaspace       used 96285K, capacity 98296K, committed 98952K, reserved 1134592K
  class space    used 12518K, capacity 13399K, committed 13696K, reserved 1048576K
Heap Regions: E=young(eden), S=young(survivor), O=old, HS=humongous(starts), HC=humongous(continues), CS=collection set, F=free, A=archive, TAMS=top-at-mark-start (previous, next)
|   0|0x0000000740000000, 0x0000000740100000, 0x0000000740100000|100%|HS|  |TAMS 0x0000000740000000, 0x0000000740000000| Untracked 
|   1|0x0000000740100000, 0x0000000740200000, 0x0000000740200000|100%|HC|  |TAMS 0x0000000740100000, 0x0000000740100000| Untracked 
|   2|0x0000000740200000, 0x0000000740300000, 0x0000000740300000|100%|HS|  |TAMS 0x0000000740200000, 0x0000000740200000| Untracked 
|   3|0x0000000740300000, 0x00000007403ffff0, 0x0000000740400000| 99%| O|  |TAMS 0x0000000740300000, 0x0000000740300000| Untracked 
|   4|0x0000000740400000, 0x00000007404fffc8, 0x0000000740500000| 99%| O|  |TAMS 0x0000000740400000, 0x0000000740400000| Untracked 
|   5|0x0000000740500000, 0x0000000740600000, 0x0000000740600000|100%| O|  |TAMS 0x0000000740500000, 0x0000000740500000| Untracked 
|   6|0x0000000740600000, 0x00000007406ffff0, 0x0000000740700000| 99%| O|  |TAMS 0x0000000740600000, 0x0000000740600000| Untracked 
|   7|0x0000000740700000, 0x0000000740800000, 0x0000000740800000|100%| O|  |TAMS 0x0000000740700000, 0x0000000740700000| Untracked 
|   8|0x0000000740800000, 0x00000007408ffff0, 0x0000000740900000| 99%| O|  |TAMS 0x0000000740800000, 0x0000000740800000| Untracked 
|   9|0x0000000740900000, 0x00000007409ffff8, 0x0000000740a00000| 99%| O|  |TAMS 0x0000000740900000, 0x0000000740900000| Untracked 
|  10|0x0000000740a00000, 0x0000000740afffb0, 0x0000000740b00000| 99%| O|  |TAMS 0x0000000740a00000, 0x0000000740a00000| Untracked 
|  11|0x0000000740b00000, 0x0000000740bfffe8, 0x0000000740c00000| 99%| O|  |TAMS 0x0000000740b00000, 0x0000000740b00000| Untracked 
|  12|0x0000000740c00000, 0x0000000740cf7fa8, 0x0000000740d00000| 96%| O|  |TAMS 0x0000000740c00000, 0x0000000740c00000| Untracked 
|  13|0x0000000740d00000, 0x0000000740e00000, 0x0000000740e00000|100%| O|  |TAMS 0x0000000740d00000, 0x0000000740d00000| Untracked 
|  14|0x0000000740e00000, 0x0000000740f00000, 0x0000000740f00000|100%| O|  |TAMS 0x0000000740e00000, 0x0000000740e00000| Untracked 
|  15|0x0000000740f00000, 0x0000000740fffff8, 0x0000000741000000| 99%| O|  |TAMS 0x0000000740f00000, 0x0000000740f00000| Untracked 
|  16|0x0000000741000000, 0x00000007410ffff8, 0x0000000741100000| 99%| O|  |TAMS 0x0000000741000000, 0x0000000741000000| Untracked 
|  17|0x0000000741100000, 0x00000007411fffe8, 0x0000000741200000| 99%| O|  |TAMS 0x0000000741100000, 0x0000000741100000| Untracked 
|  18|0x0000000741200000, 0x00000007412ffff0, 0x0000000741300000| 99%| O|  |TAMS 0x0000000741200000, 0x0000000741200000| Untracked 
|  19|0x0000000741300000, 0x00000007413fffe8, 0x0000000741400000| 99%| O|  |TAMS 0x0000000741300000, 0x0000000741300000| Untracked 
|  20|0x0000000741400000, 0x00000007414fffe0, 0x0000000741500000| 99%| O|  |TAMS 0x0000000741400000, 0x0000000741400000| Untracked 
|  21|0x0000000741500000, 0x00000007415ffff0, 0x0000000741600000| 99%| O|  |TAMS 0x0000000741500000, 0x0000000741500000| Untracked 
|  22|0x0000000741600000, 0x0000000741700000, 0x0000000741700000|100%| O|  |TAMS 0x0000000741600000, 0x0000000741600000| Untracked 
|  23|0x0000000741700000, 0x00000007417fffe8, 0x0000000741800000| 99%| O|  |TAMS 0x0000000741700000, 0x0000000741700000| Untracked 
|  24|0x0000000741800000, 0x00000007418ffff8, 0x0000000741900000| 99%| O|  |TAMS 0x0000000741800000, 0x0000000741800000| Untracked 
|  25|0x0000000741900000, 0x0000000741a00000, 0x0000000741a00000|100%| O|  |TAMS 0x0000000741900000, 0x0000000741900000| Untracked 
|  26|0x0000000741a00000, 0x0000000741affff8, 0x0000000741b00000| 99%| O|  |TAMS 0x0000000741a00000, 0x0000000741a00000| Untracked 
|  27|0x0000000741b00000, 0x0000000741bffea8, 0x0000000741c00000| 99%| O|  |TAMS 0x0000000741b00000, 0x0000000741b00000| Untracked 
|  28|0x0000000741c00000, 0x0000000741cfffc0, 0x0000000741d00000| 99%| O|  |TAMS 0x0000000741c00000, 0x0000000741c00000| Untracked 
|  29|0x0000000741d00000, 0x0000000741dffff0, 0x0000000741e00000| 99%| O|  |TAMS 0x0000000741d00000, 0x0000000741d00000| Untracked 
|  30|0x0000000741e00000, 0x0000000741effec8, 0x0000000741f00000| 99%| O|  |TAMS 0x0000000741e00000, 0x0000000741e00000| Untracked 
|  31|0x0000000741f00000, 0x0000000741fffff0, 0x0000000742000000| 99%| O|  |TAMS 0x0000000741f00000, 0x0000000741f00000| Untracked 
|  32|0x0000000742000000, 0x00000007420ffff8, 0x0000000742100000| 99%| O|  |TAMS 0x0000000742000000, 0x0000000742000000| Untracked 
|  33|0x0000000742100000, 0x00000007421fffe8, 0x0000000742200000| 99%| O|  |TAMS 0x0000000742100000, 0x0000000742100000| Untracked 
|  34|0x0000000742200000, 0x00000007422fff88, 0x0000000742300000| 99%| O|  |TAMS 0x0000000742200000, 0x0000000742200000| Untracked 
|  35|0x0000000742300000, 0x00000007423ffff8, 0x0000000742400000| 99%| O|  |TAMS 0x0000000742300000, 0x0000000742300000| Untracked 
|  36|0x0000000742400000, 0x00000007424ffff0, 0x0000000742500000| 99%| O|  |TAMS 0x0000000742400000, 0x0000000742400000| Untracked 
|  37|0x0000000742500000, 0x00000007425ffff0, 0x0000000742600000| 99%| O|  |TAMS 0x0000000742500000, 0x0000000742500000| Untracked 
|  38|0x0000000742600000, 0x00000007426ffe10, 0x0000000742700000| 99%| O|  |TAMS 0x0000000742600000, 0x0000000742600000| Untracked 
|  39|0x0000000742700000, 0x00000007427ffff0, 0x0000000742800000| 99%| O|  |TAMS 0x0000000742700000, 0x0000000742700000| Untracked 
|  40|0x0000000742800000, 0x00000007428ffff0, 0x0000000742900000| 99%| O|  |TAMS 0x0000000742800000, 0x0000000742800000| Untracked 
|  41|0x0000000742900000, 0x00000007429ff120, 0x0000000742a00000| 99%| O|  |TAMS 0x0000000742900000, 0x0000000742900000| Untracked 
|  42|0x0000000742a00000, 0x0000000742b00000, 0x0000000742b00000|100%| O|  |TAMS 0x0000000742a00000, 0x0000000742a00000| Untracked 
|  43|0x0000000742b00000, 0x0000000742bfffd0, 0x0000000742c00000| 99%| O|  |TAMS 0x0000000742b00000, 0x0000000742b00000| Untracked 
|  44|0x0000000742c00000, 0x0000000742cffff0, 0x0000000742d00000| 99%| O|  |TAMS 0x0000000742c00000, 0x0000000742c00000| Untracked 
|  45|0x0000000742d00000, 0x0000000742dffff8, 0x0000000742e00000| 99%| O|  |TAMS 0x0000000742d00000, 0x0000000742d00000| Untracked 
|  46|0x0000000742e00000, 0x0000000742f00000, 0x0000000742f00000|100%|HS|  |TAMS 0x0000000742e00000, 0x0000000742e00000| Untracked 
|  47|0x0000000742f00000, 0x0000000743000000, 0x0000000743000000|100%|HC|  |TAMS 0x0000000742f00000, 0x0000000742f00000| Untracked 
|  48|0x0000000743000000, 0x0000000743100000, 0x0000000743100000|100%|HC|  |TAMS 0x0000000743000000, 0x0000000743000000| Untracked 
|  49|0x0000000743100000, 0x0000000743200000, 0x0000000743200000|100%|HC|  |TAMS 0x0000000743100000, 0x0000000743100000| Untracked 
|  50|0x0000000743200000, 0x0000000743300000, 0x0000000743300000|100%|HC|  |TAMS 0x0000000743200000, 0x0000000743200000| Untracked 
|  51|0x0000000743300000, 0x0000000743400000, 0x0000000743400000|100%|HC|  |TAMS 0x0000000743300000, 0x0000000743300000| Untracked 
|  52|0x0000000743400000, 0x0000000743500000, 0x0000000743500000|100%|HC|  |TAMS 0x0000000743400000, 0x0000000743400000| Untracked 
|  53|0x0000000743500000, 0x0000000743600000, 0x0000000743600000|100%|HC|  |TAMS 0x0000000743500000, 0x0000000743500000| Untracked 
|  54|0x0000000743600000, 0x0000000743700000, 0x0000000743700000|100%|HC|  |TAMS 0x0000000743600000, 0x0000000743600000| Untracked 
|  55|0x0000000743700000, 0x00000007437ffff0, 0x0000000743800000| 99%| O|  |TAMS 0x0000000743700000, 0x0000000743700000| Untracked 
|  56|0x0000000743800000, 0x00000007438ffff8, 0x0000000743900000| 99%| O|  |TAMS 0x0000000743800000, 0x0000000743800000| Untracked 
|  57|0x0000000743900000, 0x00000007439fff00, 0x0000000743a00000| 99%| O|  |TAMS 0x0000000743900000, 0x0000000743900000| Untracked 
|  58|0x0000000743a00000, 0x0000000743aff678, 0x0000000743b00000| 99%| O|  |TAMS 0x0000000743a00000, 0x0000000743a00000| Untracked 
|  59|0x0000000743b00000, 0x0000000743c00000, 0x0000000743c00000|100%| O|  |TAMS 0x0000000743b00000, 0x0000000743b00000| Untracked 
|  60|0x0000000743c00000, 0x0000000743cffff8, 0x0000000743d00000| 99%| O|  |TAMS 0x0000000743c00000, 0x0000000743c00000| Untracked 
|  61|0x0000000743d00000, 0x0000000743e00000, 0x0000000743e00000|100%| O|  |TAMS 0x0000000743d00000, 0x0000000743d00000| Untracked 
|  62|0x0000000743e00000, 0x0000000743eef918, 0x0000000743f00000| 93%| O|  |TAMS 0x0000000743e00000, 0x0000000743e00000| Untracked 
|  63|0x0000000743f00000, 0x0000000743fffff0, 0x0000000744000000| 99%| O|  |TAMS 0x0000000743f00000, 0x0000000743f00000| Untracked 
|  64|0x0000000744000000, 0x00000007440ffff0, 0x0000000744100000| 99%| O|  |TAMS 0x0000000744000000, 0x0000000744000000| Untracked 
|  65|0x0000000744100000, 0x00000007441b7458, 0x0000000744200000| 71%| O|  |TAMS 0x0000000744100000, 0x0000000744100000| Untracked 
|  66|0x0000000744200000, 0x00000007442ffd58, 0x0000000744300000| 99%| O|  |TAMS 0x0000000744200000, 0x0000000744200000| Untracked 
|  67|0x0000000744300000, 0x00000007443a7a18, 0x0000000744400000| 65%| O|  |TAMS 0x0000000744300000, 0x0000000744300000| Untracked 
|  68|0x0000000744400000, 0x00000007444fffb0, 0x0000000744500000| 99%| O|  |TAMS 0x0000000744400000, 0x0000000744400000| Untracked 
|  69|0x0000000744500000, 0x00000007445c0fd0, 0x0000000744600000| 75%| O|  |TAMS 0x0000000744500000, 0x0000000744500000| Untracked 
|  70|0x0000000744600000, 0x0000000744700000, 0x0000000744700000|100%| O|  |TAMS 0x0000000744600000, 0x0000000744600000| Untracked 
|  71|0x0000000744700000, 0x00000007447048a0, 0x0000000744800000|  1%| O|  |TAMS 0x0000000744700000, 0x0000000744700000| Untracked 
|  72|0x0000000744800000, 0x00000007448fffe8, 0x0000000744900000| 99%| O|  |TAMS 0x0000000744800000, 0x0000000744800000| Untracked 
|  73|0x0000000744900000, 0x00000007449e0428, 0x0000000744a00000| 87%| O|  |TAMS 0x0000000744900000, 0x0000000744900000| Untracked 
|  74|0x0000000744a00000, 0x0000000744b00000, 0x0000000744b00000|100%| O|  |TAMS 0x0000000744a00000, 0x0000000744a00000| Untracked 
|  75|0x0000000744b00000, 0x0000000744c00000, 0x0000000744c00000|100%| O|  |TAMS 0x0000000744b00000, 0x0000000744b00000| Untracked 
|  76|0x0000000744c00000, 0x0000000744c0e480, 0x0000000744d00000|  5%| O|  |TAMS 0x0000000744c00000, 0x0000000744c00000| Untracked 
|  77|0x0000000744d00000, 0x0000000744df3400, 0x0000000744e00000| 95%| O|  |TAMS 0x0000000744d00000, 0x0000000744d00000| Untracked 
|  78|0x0000000744e00000, 0x0000000744e00000, 0x0000000744f00000|  0%| F|  |TAMS 0x0000000744e00000, 0x0000000744e00000| Untracked 
|  79|0x0000000744f00000, 0x0000000744f00000, 0x0000000745000000|  0%| F|  |TAMS 0x0000000744f00000, 0x0000000744f00000| Untracked 
|  80|0x0000000745000000, 0x0000000745000000, 0x0000000745100000|  0%| F|  |TAMS 0x0000000745000000, 0x0000000745000000| Untracked 
|  81|0x0000000745100000, 0x0000000745100000, 0x0000000745200000|  0%| F|  |TAMS 0x0000000745100000, 0x0000000745100000| Untracked 
|  82|0x0000000745200000, 0x0000000745200000, 0x0000000745300000|  0%| F|  |TAMS 0x0000000745200000, 0x0000000745200000| Untracked 
|  83|0x0000000745300000, 0x0000000745300000, 0x0000000745400000|  0%| F|  |TAMS 0x0000000745300000, 0x0000000745300000| Untracked 
|  84|0x0000000745400000, 0x0000000745400000, 0x0000000745500000|  0%| F|  |TAMS 0x0000000745400000, 0x0000000745400000| Untracked 
|  85|0x0000000745500000, 0x0000000745500000, 0x0000000745600000|  0%| F|  |TAMS 0x0000000745500000, 0x0000000745500000| Untracked 
|  86|0x0000000745600000, 0x0000000745600000, 0x0000000745700000|  0%| F|  |TAMS 0x0000000745600000, 0x0000000745600000| Untracked 
|  87|0x0000000745700000, 0x0000000745700000, 0x0000000745800000|  0%| F|  |TAMS 0x0000000745700000, 0x0000000745700000| Untracked 
|  88|0x0000000745800000, 0x0000000745800000, 0x0000000745900000|  0%| F|  |TAMS 0x0000000745800000, 0x0000000745800000| Untracked 
|  89|0x0000000745900000, 0x0000000745900000, 0x0000000745a00000|  0%| F|  |TAMS 0x0000000745900000, 0x0000000745900000| Untracked 
|  90|0x0000000745a00000, 0x0000000745a00000, 0x0000000745b00000|  0%| F|  |TAMS 0x0000000745a00000, 0x0000000745a00000| Untracked 
|  91|0x0000000745b00000, 0x0000000745b00000, 0x0000000745c00000|  0%| F|  |TAMS 0x0000000745b00000, 0x0000000745b00000| Untracked 
|  92|0x0000000745c00000, 0x0000000745c00000, 0x0000000745d00000|  0%| F|  |TAMS 0x0000000745c00000, 0x0000000745c00000| Untracked 
|  93|0x0000000745d00000, 0x0000000745d00000, 0x0000000745e00000|  0%| F|  |TAMS 0x0000000745d00000, 0x0000000745d00000| Untracked 
|  94|0x0000000745e00000, 0x0000000745e00000, 0x0000000745f00000|  0%| F|  |TAMS 0x0000000745e00000, 0x0000000745e00000| Untracked 
|  95|0x0000000745f00000, 0x0000000745f00000, 0x0000000746000000|  0%| F|  |TAMS 0x0000000745f00000, 0x0000000745f00000| Untracked 
|  96|0x0000000746000000, 0x0000000746000000, 0x0000000746100000|  0%| F|  |TAMS 0x0000000746000000, 0x0000000746000000| Untracked 
|  97|0x0000000746100000, 0x0000000746100000, 0x0000000746200000|  0%| F|  |TAMS 0x0000000746100000, 0x0000000746100000| Untracked 
|  98|0x0000000746200000, 0x0000000746200000, 0x0000000746300000|  0%| F|  |TAMS 0x0000000746200000, 0x0000000746200000| Untracked 
|  99|0x0000000746300000, 0x0000000746300000, 0x0000000746400000|  0%| F|  |TAMS 0x0000000746300000, 0x0000000746300000| Untracked 
| 100|0x0000000746400000, 0x0000000746400000, 0x0000000746500000|  0%| F|  |TAMS 0x0000000746400000, 0x0000000746400000| Untracked 
| 101|0x0000000746500000, 0x0000000746500000, 0x0000000746600000|  0%| F|  |TAMS 0x0000000746500000, 0x0000000746500000| Untracked 
| 102|0x0000000746600000, 0x0000000746600000, 0x0000000746700000|  0%| F|  |TAMS 0x0000000746600000, 0x0000000746600000| Untracked 
| 103|0x0000000746700000, 0x0000000746700000, 0x0000000746800000|  0%| F|  |TAMS 0x0000000746700000, 0x0000000746700000| Untracked 
| 104|0x0000000746800000, 0x0000000746800000, 0x0000000746900000|  0%| F|  |TAMS 0x0000000746800000, 0x0000000746800000| Untracked 
| 105|0x0000000746900000, 0x0000000746900000, 0x0000000746a00000|  0%| F|  |TAMS 0x0000000746900000, 0x0000000746900000| Untracked 
| 106|0x0000000746a00000, 0x0000000746a00000, 0x0000000746b00000|  0%| F|  |TAMS 0x0000000746a00000, 0x0000000746a00000| Untracked 
| 107|0x0000000746b00000, 0x0000000746b00000, 0x0000000746c00000|  0%| F|  |TAMS 0x0000000746b00000, 0x0000000746b00000| Untracked 
| 108|0x0000000746c00000, 0x0000000746c00000, 0x0000000746d00000|  0%| F|  |TAMS 0x0000000746c00000, 0x0000000746c00000| Untracked 
| 109|0x0000000746d00000, 0x0000000746d00000, 0x0000000746e00000|  0%| F|  |TAMS 0x0000000746d00000, 0x0000000746d00000| Untracked 
| 110|0x0000000746e00000, 0x0000000746e00000, 0x0000000746f00000|  0%| F|  |TAMS 0x0000000746e00000, 0x0000000746e00000| Untracked 
| 111|0x0000000746f00000, 0x0000000746f00000, 0x0000000747000000|  0%| F|  |TAMS 0x0000000746f00000, 0x0000000746f00000| Untracked 
| 112|0x0000000747000000, 0x0000000747000000, 0x0000000747100000|  0%| F|  |TAMS 0x0000000747000000, 0x0000000747000000| Untracked 
| 113|0x0000000747100000, 0x0000000747100000, 0x0000000747200000|  0%| F|  |TAMS 0x0000000747100000, 0x0000000747100000| Untracked 
| 114|0x0000000747200000, 0x0000000747281930, 0x0000000747300000| 50%| O|  |TAMS 0x0000000747200000, 0x0000000747200000| Untracked 
| 115|0x0000000747300000, 0x0000000747300000, 0x0000000747400000|  0%| F|  |TAMS 0x0000000747300000, 0x0000000747300000| Untracked 
| 116|0x0000000747400000, 0x0000000747400000, 0x0000000747500000|  0%| F|  |TAMS 0x0000000747400000, 0x0000000747400000| Untracked 
| 117|0x0000000747500000, 0x0000000747500000, 0x0000000747600000|  0%| F|  |TAMS 0x0000000747500000, 0x0000000747500000| Untracked 
| 118|0x0000000747600000, 0x0000000747600000, 0x0000000747700000|  0%| F|  |TAMS 0x0000000747600000, 0x0000000747600000| Untracked 
| 119|0x0000000747700000, 0x0000000747700000, 0x0000000747800000|  0%| F|  |TAMS 0x0000000747700000, 0x0000000747700000| Untracked 
| 120|0x0000000747800000, 0x0000000747800000, 0x0000000747900000|  0%| F|  |TAMS 0x0000000747800000, 0x0000000747800000| Untracked 
| 121|0x0000000747900000, 0x0000000747900000, 0x0000000747a00000|  0%| F|  |TAMS 0x0000000747900000, 0x0000000747900000| Untracked 
| 122|0x0000000747a00000, 0x0000000747a00000, 0x0000000747b00000|  0%| F|  |TAMS 0x0000000747a00000, 0x0000000747a00000| Untracked 
| 123|0x0000000747b00000, 0x0000000747b00000, 0x0000000747c00000|  0%| F|  |TAMS 0x0000000747b00000, 0x0000000747b00000| Untracked 
| 124|0x0000000747c00000, 0x0000000747c00000, 0x0000000747d00000|  0%| F|  |TAMS 0x0000000747c00000, 0x0000000747c00000| Untracked 
| 125|0x0000000747d00000, 0x0000000747d00000, 0x0000000747e00000|  0%| F|  |TAMS 0x0000000747d00000, 0x0000000747d00000| Untracked 
| 126|0x0000000747e00000, 0x0000000747e00000, 0x0000000747f00000|  0%| F|  |TAMS 0x0000000747e00000, 0x0000000747e00000| Untracked 
| 127|0x0000000747f00000, 0x0000000747f00000, 0x0000000748000000|  0%| F|  |TAMS 0x0000000747f00000, 0x0000000747f00000| Untracked 
| 128|0x0000000748000000, 0x0000000748000000, 0x0000000748100000|  0%| F|  |TAMS 0x0000000748000000, 0x0000000748000000| Untracked 
| 129|0x0000000748100000, 0x0000000748100000, 0x0000000748200000|  0%| F|  |TAMS 0x0000000748100000, 0x0000000748100000| Untracked 
| 130|0x0000000748200000, 0x0000000748200000, 0x0000000748300000|  0%| F|  |TAMS 0x0000000748200000, 0x0000000748200000| Untracked 
| 131|0x0000000748300000, 0x0000000748300000, 0x0000000748400000|  0%| F|  |TAMS 0x0000000748300000, 0x0000000748300000| Untracked 
| 132|0x0000000748400000, 0x0000000748400000, 0x0000000748500000|  0%| F|  |TAMS 0x0000000748400000, 0x0000000748400000| Untracked 
| 133|0x0000000748500000, 0x0000000748500000, 0x0000000748600000|  0%| F|  |TAMS 0x0000000748500000, 0x0000000748500000| Untracked 
| 134|0x0000000748600000, 0x0000000748600000, 0x0000000748700000|  0%| F|  |TAMS 0x0000000748600000, 0x0000000748600000| Untracked 
| 135|0x0000000748700000, 0x00000007487cc7c8, 0x0000000748800000| 79%| O|  |TAMS 0x0000000748700000, 0x0000000748700000| Untracked 
| 136|0x0000000748800000, 0x0000000748800000, 0x0000000748900000|  0%| F|  |TAMS 0x0000000748800000, 0x0000000748800000| Untracked 
| 137|0x0000000748900000, 0x0000000748900000, 0x0000000748a00000|  0%| F|  |TAMS 0x0000000748900000, 0x0000000748900000| Untracked 
| 138|0x0000000748a00000, 0x0000000748a00000, 0x0000000748b00000|  0%| F|  |TAMS 0x0000000748a00000, 0x0000000748a00000| Untracked 
| 139|0x0000000748b00000, 0x0000000748b00000, 0x0000000748c00000|  0%| F|  |TAMS 0x0000000748b00000, 0x0000000748b00000| Untracked 
| 140|0x0000000748c00000, 0x0000000748c00000, 0x0000000748d00000|  0%| F|  |TAMS 0x0000000748c00000, 0x0000000748c00000| Untracked 
| 141|0x0000000748d00000, 0x0000000748d00000, 0x0000000748e00000|  0%| F|  |TAMS 0x0000000748d00000, 0x0000000748d00000| Untracked 
| 142|0x0000000748e00000, 0x0000000748e00000, 0x0000000748f00000|  0%| F|  |TAMS 0x0000000748e00000, 0x0000000748e00000| Untracked 
| 143|0x0000000748f00000, 0x0000000748f00000, 0x0000000749000000|  0%| F|  |TAMS 0x0000000748f00000, 0x0000000748f00000| Untracked 
| 144|0x0000000749000000, 0x0000000749000000, 0x0000000749100000|  0%| F|  |TAMS 0x0000000749000000, 0x0000000749000000| Untracked 
| 145|0x0000000749100000, 0x0000000749100000, 0x0000000749200000|  0%| F|  |TAMS 0x0000000749100000, 0x0000000749100000| Untracked 
| 146|0x0000000749200000, 0x0000000749200000, 0x0000000749300000|  0%| F|  |TAMS 0x0000000749200000, 0x0000000749200000| Untracked 
| 147|0x0000000749300000, 0x0000000749300000, 0x0000000749400000|  0%| F|  |TAMS 0x0000000749300000, 0x0000000749300000| Untracked 
| 148|0x0000000749400000, 0x0000000749400000, 0x0000000749500000|  0%| F|  |TAMS 0x0000000749400000, 0x0000000749400000| Untracked 
| 149|0x0000000749500000, 0x0000000749500000, 0x0000000749600000|  0%| F|  |TAMS 0x0000000749500000, 0x0000000749500000| Untracked 
| 150|0x0000000749600000, 0x0000000749600000, 0x0000000749700000|  0%| F|  |TAMS 0x0000000749600000, 0x0000000749600000| Untracked 
| 151|0x0000000749700000, 0x0000000749700000, 0x0000000749800000|  0%| F|  |TAMS 0x0000000749700000, 0x0000000749700000| Untracked 
| 152|0x0000000749800000, 0x0000000749800000, 0x0000000749900000|  0%| F|  |TAMS 0x0000000749800000, 0x0000000749800000| Untracked 
| 153|0x0000000749900000, 0x0000000749900000, 0x0000000749a00000|  0%| F|  |TAMS 0x0000000749900000, 0x0000000749900000| Untracked 
| 154|0x0000000749a00000, 0x0000000749a00000, 0x0000000749b00000|  0%| F|  |TAMS 0x0000000749a00000, 0x0000000749a00000| Untracked 
| 155|0x0000000749b00000, 0x0000000749b00000, 0x0000000749c00000|  0%| F|  |TAMS 0x0000000749b00000, 0x0000000749b00000| Untracked 
| 156|0x0000000749c00000, 0x0000000749c00000, 0x0000000749d00000|  0%| F|  |TAMS 0x0000000749c00000, 0x0000000749c00000| Untracked 
| 157|0x0000000749d00000, 0x0000000749d00000, 0x0000000749e00000|  0%| F|  |TAMS 0x0000000749d00000, 0x0000000749d00000| Untracked 
| 158|0x0000000749e00000, 0x0000000749e00000, 0x0000000749f00000|  0%| F|  |TAMS 0x0000000749e00000, 0x0000000749e00000| Untracked 
| 159|0x0000000749f00000, 0x0000000749f00000, 0x000000074a000000|  0%| F|  |TAMS 0x0000000749f00000, 0x0000000749f00000| Untracked 
| 160|0x000000074a000000, 0x000000074a000000, 0x000000074a100000|  0%| F|  |TAMS 0x000000074a000000, 0x000000074a000000| Untracked 
| 161|0x000000074a100000, 0x000000074a100000, 0x000000074a200000|  0%| F|  |TAMS 0x000000074a100000, 0x000000074a100000| Untracked 
| 162|0x000000074a200000, 0x000000074a200000, 0x000000074a300000|  0%| F|  |TAMS 0x000000074a200000, 0x000000074a200000| Untracked 
| 163|0x000000074a300000, 0x000000074a300000, 0x000000074a400000|  0%| F|  |TAMS 0x000000074a300000, 0x000000074a300000| Untracked 
| 164|0x000000074a400000, 0x000000074a400000, 0x000000074a500000|  0%| F|  |TAMS 0x000000074a400000, 0x000000074a400000| Untracked 
| 165|0x000000074a500000, 0x000000074a500000, 0x000000074a600000|  0%| F|  |TAMS 0x000000074a500000, 0x000000074a500000| Untracked 
| 166|0x000000074a600000, 0x000000074a600000, 0x000000074a700000|  0%| F|  |TAMS 0x000000074a600000, 0x000000074a600000| Untracked 
| 167|0x000000074a700000, 0x000000074a700000, 0x000000074a800000|  0%| F|  |TAMS 0x000000074a700000, 0x000000074a700000| Untracked 
| 168|0x000000074a800000, 0x000000074a800000, 0x000000074a900000|  0%| F|  |TAMS 0x000000074a800000, 0x000000074a800000| Untracked 
| 169|0x000000074a900000, 0x000000074a900000, 0x000000074aa00000|  0%| F|  |TAMS 0x000000074a900000, 0x000000074a900000| Untracked 
| 170|0x000000074aa00000, 0x000000074aa00000, 0x000000074ab00000|  0%| F|  |TAMS 0x000000074aa00000, 0x000000074aa00000| Untracked 
| 171|0x000000074ab00000, 0x000000074ab00000, 0x000000074ac00000|  0%| F|  |TAMS 0x000000074ab00000, 0x000000074ab00000| Untracked 
| 172|0x000000074ac00000, 0x000000074ac00000, 0x000000074ad00000|  0%| F|  |TAMS 0x000000074ac00000, 0x000000074ac00000| Untracked 
| 173|0x000000074ad00000, 0x000000074ad00000, 0x000000074ae00000|  0%| F|  |TAMS 0x000000074ad00000, 0x000000074ad00000| Untracked 
| 174|0x000000074ae00000, 0x000000074ae00000, 0x000000074af00000|  0%| F|  |TAMS 0x000000074ae00000, 0x000000074ae00000| Untracked 
| 175|0x000000074af00000, 0x000000074af00000, 0x000000074b000000|  0%| F|  |TAMS 0x000000074af00000, 0x000000074af00000| Untracked 
| 176|0x000000074b000000, 0x000000074b000000, 0x000000074b100000|  0%| F|  |TAMS 0x000000074b000000, 0x000000074b000000| Untracked 
| 177|0x000000074b100000, 0x000000074b100000, 0x000000074b200000|  0%| F|  |TAMS 0x000000074b100000, 0x000000074b100000| Untracked 
| 178|0x000000074b200000, 0x000000074b200000, 0x000000074b300000|  0%| F|  |TAMS 0x000000074b200000, 0x000000074b200000| Untracked 
| 179|0x000000074b300000, 0x000000074b300000, 0x000000074b400000|  0%| F|  |TAMS 0x000000074b300000, 0x000000074b300000| Untracked 
| 180|0x000000074b400000, 0x000000074b400000, 0x000000074b500000|  0%| F|  |TAMS 0x000000074b400000, 0x000000074b400000| Untracked 
| 181|0x000000074b500000, 0x000000074b500000, 0x000000074b600000|  0%| F|  |TAMS 0x000000074b500000, 0x000000074b500000| Untracked 
| 182|0x000000074b600000, 0x000000074b600000, 0x000000074b700000|  0%| F|  |TAMS 0x000000074b600000, 0x000000074b600000| Untracked 
| 183|0x000000074b700000, 0x000000074b700000, 0x000000074b800000|  0%| F|  |TAMS 0x000000074b700000, 0x000000074b700000| Untracked 
| 184|0x000000074b800000, 0x000000074b800000, 0x000000074b900000|  0%| F|  |TAMS 0x000000074b800000, 0x000000074b800000| Untracked 
| 185|0x000000074b900000, 0x000000074b900000, 0x000000074ba00000|  0%| F|  |TAMS 0x000000074b900000, 0x000000074b900000| Untracked 
| 186|0x000000074ba00000, 0x000000074ba00000, 0x000000074bb00000|  0%| F|  |TAMS 0x000000074ba00000, 0x000000074ba00000| Untracked 
| 187|0x000000074bb00000, 0x000000074bb00000, 0x000000074bc00000|  0%| F|  |TAMS 0x000000074bb00000, 0x000000074bb00000| Untracked 
| 188|0x000000074bc00000, 0x000000074bc00000, 0x000000074bd00000|  0%| F|  |TAMS 0x000000074bc00000, 0x000000074bc00000| Untracked 
| 189|0x000000074bd00000, 0x000000074bd00000, 0x000000074be00000|  0%| F|  |TAMS 0x000000074bd00000, 0x000000074bd00000| Untracked 
| 190|0x000000074be00000, 0x000000074be00000, 0x000000074bf00000|  0%| F|  |TAMS 0x000000074be00000, 0x000000074be00000| Untracked 
| 191|0x000000074bf00000, 0x000000074bf00000, 0x000000074c000000|  0%| F|  |TAMS 0x000000074bf00000, 0x000000074bf00000| Untracked 
| 192|0x000000074c000000, 0x000000074c000000, 0x000000074c100000|  0%| F|  |TAMS 0x000000074c000000, 0x000000074c000000| Untracked 
| 193|0x000000074c100000, 0x000000074c120148, 0x000000074c200000| 12%| S|CS|TAMS 0x000000074c100000, 0x000000074c100000| Complete 
| 194|0x000000074c200000, 0x000000074c300000, 0x000000074c300000|100%| S|CS|TAMS 0x000000074c200000, 0x000000074c200000| Complete 
| 195|0x000000074c300000, 0x000000074c400000, 0x000000074c400000|100%| S|CS|TAMS 0x000000074c300000, 0x000000074c300000| Complete 
| 196|0x000000074c400000, 0x000000074c400000, 0x000000074c500000|  0%| F|  |TAMS 0x000000074c400000, 0x000000074c400000| Untracked 
| 197|0x000000074c500000, 0x000000074c500000, 0x000000074c600000|  0%| F|  |TAMS 0x000000074c500000, 0x000000074c500000| Untracked 
| 198|0x000000074c600000, 0x000000074c600000, 0x000000074c700000|  0%| F|  |TAMS 0x000000074c600000, 0x000000074c600000| Untracked 
| 199|0x000000074c700000, 0x000000074c700000, 0x000000074c800000|  0%| F|  |TAMS 0x000000074c700000, 0x000000074c700000| Untracked 
| 200|0x000000074c800000, 0x000000074c800000, 0x000000074c900000|  0%| F|  |TAMS 0x000000074c800000, 0x000000074c800000| Untracked 
| 201|0x000000074c900000, 0x000000074c900000, 0x000000074ca00000|  0%| F|  |TAMS 0x000000074c900000, 0x000000074c900000| Untracked 
| 202|0x000000074ca00000, 0x000000074ca00000, 0x000000074cb00000|  0%| F|  |TAMS 0x000000074ca00000, 0x000000074ca00000| Untracked 
| 203|0x000000074cb00000, 0x000000074cb00000, 0x000000074cc00000|  0%| F|  |TAMS 0x000000074cb00000, 0x000000074cb00000| Untracked 
| 204|0x000000074cc00000, 0x000000074cc00000, 0x000000074cd00000|  0%| F|  |TAMS 0x000000074cc00000, 0x000000074cc00000| Untracked 
| 205|0x000000074cd00000, 0x000000074cd00000, 0x000000074ce00000|  0%| F|  |TAMS 0x000000074cd00000, 0x000000074cd00000| Untracked 
| 206|0x000000074ce00000, 0x000000074ce00000, 0x000000074cf00000|  0%| F|  |TAMS 0x000000074ce00000, 0x000000074ce00000| Untracked 
| 207|0x000000074cf00000, 0x000000074cf00000, 0x000000074d000000|  0%| F|  |TAMS 0x000000074cf00000, 0x000000074cf00000| Untracked 
| 208|0x000000074d000000, 0x000000074d000000, 0x000000074d100000|  0%| F|  |TAMS 0x000000074d000000, 0x000000074d000000| Untracked 
| 209|0x000000074d100000, 0x000000074d100000, 0x000000074d200000|  0%| F|  |TAMS 0x000000074d100000, 0x000000074d100000| Untracked 
| 210|0x000000074d200000, 0x000000074d2a2c08, 0x000000074d300000| 63%| E|  |TAMS 0x000000074d200000, 0x000000074d200000| Complete 
| 211|0x000000074d300000, 0x000000074d400000, 0x000000074d400000|100%| E|CS|TAMS 0x000000074d300000, 0x000000074d300000| Complete 
| 212|0x000000074d400000, 0x000000074d500000, 0x000000074d500000|100%| E|CS|TAMS 0x000000074d400000, 0x000000074d400000| Complete 
| 213|0x000000074d500000, 0x000000074d600000, 0x000000074d600000|100%| E|CS|TAMS 0x000000074d500000, 0x000000074d500000| Complete 
| 214|0x000000074d600000, 0x000000074d700000, 0x000000074d700000|100%| E|CS|TAMS 0x000000074d600000, 0x000000074d600000| Complete 
| 215|0x000000074d700000, 0x000000074d800000, 0x000000074d800000|100%| E|CS|TAMS 0x000000074d700000, 0x000000074d700000| Complete 
| 216|0x000000074d800000, 0x000000074d900000, 0x000000074d900000|100%| E|CS|TAMS 0x000000074d800000, 0x000000074d800000| Complete 
| 217|0x000000074d900000, 0x000000074da00000, 0x000000074da00000|100%| E|CS|TAMS 0x000000074d900000, 0x000000074d900000| Complete 
| 218|0x000000074da00000, 0x000000074db00000, 0x000000074db00000|100%| E|CS|TAMS 0x000000074da00000, 0x000000074da00000| Complete 
| 219|0x000000074db00000, 0x000000074dc00000, 0x000000074dc00000|100%| E|CS|TAMS 0x000000074db00000, 0x000000074db00000| Complete 
| 220|0x000000074dc00000, 0x000000074dd00000, 0x000000074dd00000|100%| E|CS|TAMS 0x000000074dc00000, 0x000000074dc00000| Complete 
| 221|0x000000074dd00000, 0x000000074de00000, 0x000000074de00000|100%| E|CS|TAMS 0x000000074dd00000, 0x000000074dd00000| Complete 
| 222|0x000000074de00000, 0x000000074df00000, 0x000000074df00000|100%| E|CS|TAMS 0x000000074de00000, 0x000000074de00000| Complete 
| 223|0x000000074df00000, 0x000000074e000000, 0x000000074e000000|100%| E|CS|TAMS 0x000000074df00000, 0x000000074df00000| Complete 
| 224|0x000000074e000000, 0x000000074e100000, 0x000000074e100000|100%| E|CS|TAMS 0x000000074e000000, 0x000000074e000000| Complete 
| 225|0x000000074e100000, 0x000000074e200000, 0x000000074e200000|100%| E|CS|TAMS 0x000000074e100000, 0x000000074e100000| Complete 
| 226|0x000000074e200000, 0x000000074e300000, 0x000000074e300000|100%| E|CS|TAMS 0x000000074e200000, 0x000000074e200000| Complete 
| 227|0x000000074e300000, 0x000000074e400000, 0x000000074e400000|100%| E|CS|TAMS 0x000000074e300000, 0x000000074e300000| Complete 
| 228|0x000000074e400000, 0x000000074e500000, 0x000000074e500000|100%| E|CS|TAMS 0x000000074e400000, 0x000000074e400000| Complete 
| 229|0x000000074e500000, 0x000000074e600000, 0x000000074e600000|100%| E|CS|TAMS 0x000000074e500000, 0x000000074e500000| Complete 
| 230|0x000000074e600000, 0x000000074e700000, 0x000000074e700000|100%| E|CS|TAMS 0x000000074e600000, 0x000000074e600000| Complete 
| 231|0x000000074e700000, 0x000000074e800000, 0x000000074e800000|100%| E|CS|TAMS 0x000000074e700000, 0x000000074e700000| Complete 
| 232|0x000000074e800000, 0x000000074e900000, 0x000000074e900000|100%| E|CS|TAMS 0x000000074e800000, 0x000000074e800000| Complete 
| 233|0x000000074e900000, 0x000000074ea00000, 0x000000074ea00000|100%| E|CS|TAMS 0x000000074e900000, 0x000000074e900000| Complete 
| 234|0x000000074ea00000, 0x000000074eb00000, 0x000000074eb00000|100%| E|CS|TAMS 0x000000074ea00000, 0x000000074ea00000| Complete 
| 235|0x000000074eb00000, 0x000000074ec00000, 0x000000074ec00000|100%| E|CS|TAMS 0x000000074eb00000, 0x000000074eb00000| Complete 
| 236|0x000000074ec00000, 0x000000074ed00000, 0x000000074ed00000|100%| E|CS|TAMS 0x000000074ec00000, 0x000000074ec00000| Complete 
| 237|0x000000074ed00000, 0x000000074ee00000, 0x000000074ee00000|100%| E|CS|TAMS 0x000000074ed00000, 0x000000074ed00000| Complete 
| 238|0x000000074ee00000, 0x000000074ef00000, 0x000000074ef00000|100%| E|CS|TAMS 0x000000074ee00000, 0x000000074ee00000| Complete 
| 239|0x000000074ef00000, 0x000000074f000000, 0x000000074f000000|100%| E|CS|TAMS 0x000000074ef00000, 0x000000074ef00000| Complete 
| 240|0x000000074f000000, 0x000000074f100000, 0x000000074f100000|100%| E|CS|TAMS 0x000000074f000000, 0x000000074f000000| Complete 
| 241|0x000000074f100000, 0x000000074f200000, 0x000000074f200000|100%| E|CS|TAMS 0x000000074f100000, 0x000000074f100000| Complete 
| 242|0x000000074f200000, 0x000000074f300000, 0x000000074f300000|100%| E|CS|TAMS 0x000000074f200000, 0x000000074f200000| Complete 
| 243|0x000000074f300000, 0x000000074f400000, 0x000000074f400000|100%| E|CS|TAMS 0x000000074f300000, 0x000000074f300000| Complete 
| 244|0x000000074f400000, 0x000000074f500000, 0x000000074f500000|100%| E|CS|TAMS 0x000000074f400000, 0x000000074f400000| Complete 
| 245|0x000000074f500000, 0x000000074f600000, 0x000000074f600000|100%| E|CS|TAMS 0x000000074f500000, 0x000000074f500000| Complete 
| 246|0x000000074f600000, 0x000000074f700000, 0x000000074f700000|100%| E|CS|TAMS 0x000000074f600000, 0x000000074f600000| Complete 
| 247|0x000000074f700000, 0x000000074f800000, 0x000000074f800000|100%| E|CS|TAMS 0x000000074f700000, 0x000000074f700000| Complete 
| 248|0x000000074f800000, 0x000000074f900000, 0x000000074f900000|100%| E|CS|TAMS 0x000000074f800000, 0x000000074f800000| Complete 
| 249|0x000000074f900000, 0x000000074fa00000, 0x000000074fa00000|100%| E|CS|TAMS 0x000000074f900000, 0x000000074f900000| Complete 
| 250|0x000000074fa00000, 0x000000074fb00000, 0x000000074fb00000|100%| E|CS|TAMS 0x000000074fa00000, 0x000000074fa00000| Complete 
| 251|0x000000074fb00000, 0x000000074fc00000, 0x000000074fc00000|100%| E|CS|TAMS 0x000000074fb00000, 0x000000074fb00000| Complete 
| 252|0x000000074fc00000, 0x000000074fd00000, 0x000000074fd00000|100%| E|CS|TAMS 0x000000074fc00000, 0x000000074fc00000| Complete 
| 253|0x000000074fd00000, 0x000000074fe00000, 0x000000074fe00000|100%| E|CS|TAMS 0x000000074fd00000, 0x000000074fd00000| Complete 
| 254|0x000000074fe00000, 0x000000074ff00000, 0x000000074ff00000|100%| E|CS|TAMS 0x000000074fe00000, 0x000000074fe00000| Complete 
| 255|0x000000074ff00000, 0x0000000750000000, 0x0000000750000000|100%| E|CS|TAMS 0x000000074ff00000, 0x000000074ff00000| Complete 

Card table byte_map: [0x000001676f140000,0x000001676f740000] _byte_map_base: 0x000001676b740000

Marking Bits (Prev, Next): (CMBitMap*) 0x00000167723e72c0, (CMBitMap*) 0x00000167723e7288
 Prev Bits: [0x000001670f000000, 0x0000016712000000)
 Next Bits: [0x000001677c0c0000, 0x000001677f0c0000)

Polling page: 0x0000016767cc0000

Metaspace:

Usage:
  Non-class:     82.91 MB capacity,    81.80 MB ( 99%) used,   851.33 KB (  1%) free+waste,   278.44 KB ( <1%) overhead. 
      Class:     13.08 MB capacity,    12.23 MB ( 93%) used,   751.82 KB (  6%) free+waste,   128.75 KB ( <1%) overhead. 
       Both:     95.99 MB capacity,    94.03 MB ( 98%) used,     1.57 MB (  2%) free+waste,   407.19 KB ( <1%) overhead. 

Virtual space:
  Non-class space:       84.00 MB reserved,      83.26 MB (>99%) committed 
      Class space:        1.00 GB reserved,      13.38 MB (  1%) committed 
             Both:        1.08 GB reserved,      96.63 MB (  9%) committed 

Chunk freelists:
   Non-Class:  231.00 KB
       Class:  201.00 KB
        Both:  432.00 KB

MaxMetaspaceSize: 17179869184.00 GB
CompressedClassSpaceSize: 1.00 GB

CodeHeap 'non-profiled nmethods': size=120000Kb used=26186Kb max_used=26186Kb free=93813Kb
 bounds [0x0000016707ad0000, 0x0000016709470000, 0x000001670f000000]
CodeHeap 'profiled nmethods': size=120000Kb used=48401Kb max_used=48401Kb free=71599Kb
 bounds [0x00000167005a0000, 0x0000016703530000, 0x0000016707ad0000]
CodeHeap 'non-nmethods': size=5760Kb used=1738Kb max_used=1803Kb free=4021Kb
 bounds [0x0000016700000000, 0x0000016700270000, 0x00000167005a0000]
 total_blobs=20227 nmethods=18885 adapters=1245
 compilation: enabled
              stopped_count=0, restarted_count=0
 full_count=0

Compilation events (20 events):
Event: 47573.013 Thread 0x00000167726b6000 24239   !   3       sun.awt.windows.WWindowPeer$ActiveWindowListener::propertyChange (89 bytes)
Event: 47573.014 Thread 0x00000167726b6000 nmethod 24239 0x0000016703523f10 code [0x00000167035241a0, 0x00000167035251b8]
Event: 47573.014 Thread 0x00000167726b6000 24238   !   3       java.awt.KeyboardFocusManager::setGlobalActiveWindow (80 bytes)
Event: 47573.014 Thread 0x00000167726b6000 nmethod 24238 0x0000016703525790 code [0x0000016703525a40, 0x00000167035267e8]
Event: 47573.921 Thread 0x00000167726b1000 24240       4       ui.e.d::htO (45 bytes)
Event: 47573.925 Thread 0x00000167726b1000 nmethod 24240 0x000001670945d410 code [0x000001670945d640, 0x000001670945db40]
Event: 47574.188 Thread 0x00000167726b1000 24241       4       sun.util.locale.BaseLocale::getInstance (76 bytes)
Event: 47574.195 Thread 0x00000167726b1000 nmethod 24241 0x000001670945e010 code [0x000001670945e1e0, 0x000001670945e6b8]
Event: 47574.656 Thread 0x00000167726b1000 24242       4       javax.swing.plaf.synth.SynthButtonUI::getIcon (131 bytes)
Event: 47574.687 Thread 0x00000167726b1000 nmethod 24242 0x000001670945e990 code [0x000001670945ece0, 0x00000167094610e8]
Event: 47574.884 Thread 0x00000167726b6000 24243       3       javax.swing.JRootPane::setDefaultButton (40 bytes)
Event: 47574.884 Thread 0x00000167726b6000 nmethod 24243 0x0000016703526d90 code [0x0000016703526fe0, 0x0000016703527888]
Event: 47574.886 Thread 0x00000167726b6000 24244       3       ui.data.common.E::setState (9 bytes)
Event: 47574.886 Thread 0x00000167726b6000 nmethod 24244 0x00000167028bb010 code [0x00000167028bb1c0, 0x00000167028bb2e8]
Event: 47574.910 Thread 0x00000167726b1000 24246       4       javax.swing.tree.TreePath::getPath (39 bytes)
Event: 47574.913 Thread 0x00000167726b1000 nmethod 24246 0x0000016709463110 code [0x00000167094632c0, 0x0000016709463598]
Event: 47574.919 Thread 0x00000167726b6000 24247       1       ui.data.design.n::kF (6 bytes)
Event: 47574.919 Thread 0x00000167726b6000 nmethod 24247 0x0000016709463710 code [0x00000167094638c0, 0x0000016709463978]
Event: 47574.934 Thread 0x00000167726b6000 24248       3       ui.views.systembuilder.aa$b::clearSelection (15 bytes)
Event: 47574.934 Thread 0x00000167726b6000 nmethod 24248 0x0000016702e02010 code [0x0000016702e021c0, 0x0000016702e02348]

GC Heap History (20 events):
Event: 47532.912 GC heap before
{Heap before GC invocations=298 (full 15):
 garbage-first heap   total 262144K, used 137164K [0x0000000740000000, 0x0000000800000000)
  region size 1024K, 60 young (61440K), 2 survivors (2048K)
 Metaspace       used 96133K, capacity 98090K, committed 98696K, reserved 1134592K
  class space    used 12517K, capacity 13399K, committed 13696K, reserved 1048576K
}
Event: 47532.914 GC heap after
{Heap after GC invocations=299 (full 15):
 garbage-first heap   total 262144K, used 78761K [0x0000000740000000, 0x0000000800000000)
  region size 1024K, 2 young (2048K), 2 survivors (2048K)
 Metaspace       used 96133K, capacity 98090K, committed 98696K, reserved 1134592K
  class space    used 12517K, capacity 13399K, committed 13696K, reserved 1048576K
}
Event: 47537.316 GC heap before
{Heap before GC invocations=299 (full 15):
 garbage-first heap   total 262144K, used 138153K [0x0000000740000000, 0x0000000800000000)
  region size 1024K, 61 young (62464K), 2 survivors (2048K)
 Metaspace       used 96182K, capacity 98155K, committed 98696K, reserved 1134592K
  class space    used 12518K, capacity 13399K, committed 13696K, reserved 1048576K
}
Event: 47537.317 GC heap after
{Heap after GC invocations=300 (full 15):
 garbage-first heap   total 262144K, used 79149K [0x0000000740000000, 0x0000000800000000)
  region size 1024K, 2 young (2048K), 2 survivors (2048K)
 Metaspace       used 96182K, capacity 98155K, committed 98696K, reserved 1134592K
  class space    used 12518K, capacity 13399K, committed 13696K, reserved 1048576K
}
Event: 47539.000 GC heap before
{Heap before GC invocations=300 (full 15):
 garbage-first heap   total 262144K, used 138541K [0x0000000740000000, 0x0000000800000000)
  region size 1024K, 60 young (61440K), 2 survivors (2048K)
 Metaspace       used 96201K, capacity 98155K, committed 98696K, reserved 1134592K
  class space    used 12518K, capacity 13399K, committed 13696K, reserved 1048576K
}
Event: 47539.001 GC heap after
{Heap after GC invocations=301 (full 15):
 garbage-first heap   total 262144K, used 79198K [0x0000000740000000, 0x0000000800000000)
  region size 1024K, 2 young (2048K), 2 survivors (2048K)
 Metaspace       used 96201K, capacity 98155K, committed 98696K, reserved 1134592K
  class space    used 12518K, capacity 13399K, committed 13696K, reserved 1048576K
}
Event: 47546.053 GC heap before
{Heap before GC invocations=301 (full 15):
 garbage-first heap   total 262144K, used 138590K [0x0000000740000000, 0x0000000800000000)
  region size 1024K, 60 young (61440K), 2 survivors (2048K)
 Metaspace       used 96220K, capacity 98155K, committed 98696K, reserved 1134592K
  class space    used 12518K, capacity 13399K, committed 13696K, reserved 1048576K
}
Event: 47546.055 GC heap after
{Heap after GC invocations=302 (full 15):
 garbage-first heap   total 262144K, used 80177K [0x0000000740000000, 0x0000000800000000)
  region size 1024K, 3 young (3072K), 3 survivors (3072K)
 Metaspace       used 96220K, capacity 98155K, committed 98696K, reserved 1134592K
  class space    used 12518K, capacity 13399K, committed 13696K, reserved 1048576K
}
Event: 47549.245 GC heap before
{Heap before GC invocations=302 (full 15):
 garbage-first heap   total 262144K, used 138545K [0x0000000740000000, 0x0000000800000000)
  region size 1024K, 60 young (61440K), 3 survivors (3072K)
 Metaspace       used 96229K, capacity 98223K, committed 98952K, reserved 1134592K
  class space    used 12518K, capacity 13399K, committed 13696K, reserved 1048576K
}
Event: 47549.246 GC heap after
{Heap after GC invocations=303 (full 15):
 garbage-first heap   total 262144K, used 79382K [0x0000000740000000, 0x0000000800000000)
  region size 1024K, 2 young (2048K), 2 survivors (2048K)
 Metaspace       used 96229K, capacity 98223K, committed 98952K, reserved 1134592K
  class space    used 12518K, capacity 13399K, committed 13696K, reserved 1048576K
}
Event: 47554.071 GC heap before
{Heap before GC invocations=303 (full 15):
 garbage-first heap   total 262144K, used 138774K [0x0000000740000000, 0x0000000800000000)
  region size 1024K, 60 young (61440K), 2 survivors (2048K)
 Metaspace       used 96234K, capacity 98223K, committed 98952K, reserved 1134592K
  class space    used 12518K, capacity 13399K, committed 13696K, reserved 1048576K
}
Event: 47554.073 GC heap after
{Heap after GC invocations=304 (full 15):
 garbage-first heap   total 262144K, used 80130K [0x0000000740000000, 0x0000000800000000)
  region size 1024K, 3 young (3072K), 3 survivors (3072K)
 Metaspace       used 96234K, capacity 98223K, committed 98952K, reserved 1134592K
  class space    used 12518K, capacity 13399K, committed 13696K, reserved 1048576K
}
Event: 47562.058 GC heap before
{Heap before GC invocations=304 (full 15):
 garbage-first heap   total 262144K, used 137474K [0x0000000740000000, 0x0000000800000000)
  region size 1024K, 60 young (61440K), 3 survivors (3072K)
 Metaspace       used 96239K, capacity 98287K, committed 98952K, reserved 1134592K
  class space    used 12518K, capacity 13399K, committed 13696K, reserved 1048576K
}
Event: 47562.059 GC heap after
{Heap after GC invocations=305 (full 15):
 garbage-first heap   total 262144K, used 80061K [0x0000000740000000, 0x0000000800000000)
  region size 1024K, 3 young (3072K), 3 survivors (3072K)
 Metaspace       used 96239K, capacity 98287K, committed 98952K, reserved 1134592K
  class space    used 12518K, capacity 13399K, committed 13696K, reserved 1048576K
}
Event: 47564.098 GC heap before
{Heap before GC invocations=305 (full 15):
 garbage-first heap   total 262144K, used 138429K [0x0000000740000000, 0x0000000800000000)
  region size 1024K, 60 young (61440K), 3 survivors (3072K)
 Metaspace       used 96270K, capacity 98292K, committed 98952K, reserved 1134592K
  class space    used 12518K, capacity 13399K, committed 13696K, reserved 1048576K
}
Event: 47564.100 GC heap after
{Heap after GC invocations=306 (full 15):
 garbage-first heap   total 262144K, used 79891K [0x0000000740000000, 0x0000000800000000)
  region size 1024K, 2 young (2048K), 2 survivors (2048K)
 Metaspace       used 96270K, capacity 98292K, committed 98952K, reserved 1134592K
  class space    used 12518K, capacity 13399K, committed 13696K, reserved 1048576K
}
Event: 47565.795 GC heap before
{Heap before GC invocations=306 (full 15):
 garbage-first heap   total 262144K, used 138259K [0x0000000740000000, 0x0000000800000000)
  region size 1024K, 60 young (61440K), 2 survivors (2048K)
 Metaspace       used 96272K, capacity 98292K, committed 98952K, reserved 1134592K
  class space    used 12518K, capacity 13399K, committed 13696K, reserved 1048576K
}
Event: 47565.796 GC heap after
{Heap after GC invocations=307 (full 15):
 garbage-first heap   total 262144K, used 79368K [0x0000000740000000, 0x0000000800000000)
  region size 1024K, 2 young (2048K), 2 survivors (2048K)
 Metaspace       used 96272K, capacity 98292K, committed 98952K, reserved 1134592K
  class space    used 12518K, capacity 13399K, committed 13696K, reserved 1048576K
}
Event: 47572.109 GC heap before
{Heap before GC invocations=307 (full 15):
 garbage-first heap   total 262144K, used 138760K [0x0000000740000000, 0x0000000800000000)
  region size 1024K, 60 young (61440K), 2 survivors (2048K)
 Metaspace       used 96275K, capacity 98292K, committed 98952K, reserved 1134592K
  class space    used 12518K, capacity 13399K, committed 13696K, reserved 1048576K
}
Event: 47572.111 GC heap after
{Heap after GC invocations=308 (full 15):
 garbage-first heap   total 262144K, used 80230K [0x0000000740000000, 0x0000000800000000)
  region size 1024K, 3 young (3072K), 3 survivors (3072K)
 Metaspace       used 96275K, capacity 98292K, committed 98952K, reserved 1134592K
  class space    used 12518K, capacity 13399K, committed 13696K, reserved 1048576K
}

Deoptimization events (20 events):
Event: 47563.934 Thread 0x00000167171ec000 Uncommon trap: trap_request=0xffffff6e fr.pc=0x00000167093fb29c relative=0x00000000000018dc
Event: 47563.934 Thread 0x00000167171ec000 Uncommon trap: reason=speculate_class_check action=maybe_recompile pc=0x00000167093fb29c method=javax.swing.plaf.synth.SynthButtonUI.getSynthIcon(Ljavax/swing/AbstractButton;I)Ljavax/swing/Icon; @ 11 c2
Event: 47563.934 Thread 0x00000167171ec000 DEOPT PACKING pc=0x00000167093fb29c sp=0x0000001d198fc900
Event: 47563.934 Thread 0x00000167171ec000 DEOPT UNPACKING pc=0x00000167000268af sp=0x0000001d198fc810 mode 2
Event: 47564.112 Thread 0x00000167171ec000 Uncommon trap: trap_request=0xffffff6e fr.pc=0x000001670942bf10 relative=0x0000000000001110
Event: 47564.112 Thread 0x00000167171ec000 Uncommon trap: reason=speculate_class_check action=maybe_recompile pc=0x000001670942bf10 method=javax.swing.AbstractButton.updateMnemonicProperties()V @ 56 c2
Event: 47564.112 Thread 0x00000167171ec000 DEOPT PACKING pc=0x000001670942bf10 sp=0x0000001d198fccc0
Event: 47564.112 Thread 0x00000167171ec000 DEOPT UNPACKING pc=0x00000167000268af sp=0x0000001d198fcbe8 mode 2
Event: 47564.113 Thread 0x00000167171ec000 Uncommon trap: trap_request=0xffffff6e fr.pc=0x00000167093fb29c relative=0x00000000000018dc
Event: 47564.113 Thread 0x00000167171ec000 Uncommon trap: reason=speculate_class_check action=maybe_recompile pc=0x00000167093fb29c method=javax.swing.plaf.synth.SynthButtonUI.getSynthIcon(Ljavax/swing/AbstractButton;I)Ljavax/swing/Icon; @ 11 c2
Event: 47564.113 Thread 0x00000167171ec000 DEOPT PACKING pc=0x00000167093fb29c sp=0x0000001d198f9d60
Event: 47564.113 Thread 0x00000167171ec000 DEOPT UNPACKING pc=0x00000167000268af sp=0x0000001d198f9c70 mode 2
Event: 47564.113 Thread 0x00000167171ec000 Uncommon trap: trap_request=0xffffff6e fr.pc=0x00000167093fb29c relative=0x00000000000018dc
Event: 47564.113 Thread 0x00000167171ec000 Uncommon trap: reason=speculate_class_check action=maybe_recompile pc=0x00000167093fb29c method=javax.swing.plaf.synth.SynthButtonUI.getSynthIcon(Ljavax/swing/AbstractButton;I)Ljavax/swing/Icon; @ 11 c2
Event: 47564.113 Thread 0x00000167171ec000 DEOPT PACKING pc=0x00000167093fb29c sp=0x0000001d198f9eb0
Event: 47564.113 Thread 0x00000167171ec000 DEOPT UNPACKING pc=0x00000167000268af sp=0x0000001d198f9dc0 mode 2
Event: 47564.113 Thread 0x00000167171ec000 Uncommon trap: trap_request=0xffffff6e fr.pc=0x00000167093fb29c relative=0x00000000000018dc
Event: 47564.113 Thread 0x00000167171ec000 Uncommon trap: reason=speculate_class_check action=maybe_recompile pc=0x00000167093fb29c method=javax.swing.plaf.synth.SynthButtonUI.getSynthIcon(Ljavax/swing/AbstractButton;I)Ljavax/swing/Icon; @ 11 c2
Event: 47564.113 Thread 0x00000167171ec000 DEOPT PACKING pc=0x00000167093fb29c sp=0x0000001d198fa130
Event: 47564.113 Thread 0x00000167171ec000 DEOPT UNPACKING pc=0x00000167000268af sp=0x0000001d198fa040 mode 2

Classes redefined (0 events):
No events

Internal exceptions (20 events):
Event: 47536.385 Thread 0x0000016732ab3000 Exception <a 'ui/frmwork/cmd/CommandFailedException'{0x000000074f8865a0}> (0x000000074f8865a0) thrown at [./src/hotspot/share/prims/jni.cpp, line 615]
Event: 47537.861 Thread 0x00000167171ec000 Exception <a 'java/io/FileNotFoundException'{0x000000074fc53d20}> (0x000000074fc53d20) thrown at [./src/hotspot/share/prims/jni.cpp, line 615]
Event: 47537.861 Thread 0x00000167171ec000 Exception <a 'java/io/FileNotFoundException'{0x000000074fc543d8}> (0x000000074fc543d8) thrown at [./src/hotspot/share/prims/jni.cpp, line 615]
Event: 47542.861 Thread 0x00000167171ec000 Exception <a 'java/io/FileNotFoundException'{0x000000074edb10d8}> (0x000000074edb10d8) thrown at [./src/hotspot/share/prims/jni.cpp, line 615]
Event: 47542.862 Thread 0x00000167171ec000 Exception <a 'java/io/FileNotFoundException'{0x000000074edb1790}> (0x000000074edb1790) thrown at [./src/hotspot/share/prims/jni.cpp, line 615]
Event: 47546.104 Thread 0x0000016732aa7800 Exception <a 'java/lang/InterruptedException'{0x000000074feeb7c0}: sleep interrupted> (0x000000074feeb7c0) thrown at [./src/hotspot/share/prims/jvm.cpp, line 3099]
Event: 47547.863 Thread 0x00000167171ec000 Exception <a 'java/io/FileNotFoundException'{0x000000074d5e8300}> (0x000000074d5e8300) thrown at [./src/hotspot/share/prims/jni.cpp, line 615]
Event: 47547.863 Thread 0x00000167171ec000 Exception <a 'java/io/FileNotFoundException'{0x000000074d5e89b8}> (0x000000074d5e89b8) thrown at [./src/hotspot/share/prims/jni.cpp, line 615]
Event: 47552.863 Thread 0x00000167171ec000 Exception <a 'java/io/FileNotFoundException'{0x000000074db30800}> (0x000000074db30800) thrown at [./src/hotspot/share/prims/jni.cpp, line 615]
Event: 47552.864 Thread 0x00000167171ec000 Exception <a 'java/io/FileNotFoundException'{0x000000074db30eb8}> (0x000000074db30eb8) thrown at [./src/hotspot/share/prims/jni.cpp, line 615]
Event: 47557.864 Thread 0x00000167171ec000 Exception <a 'java/io/FileNotFoundException'{0x000000074d9c1720}> (0x000000074d9c1720) thrown at [./src/hotspot/share/prims/jni.cpp, line 615]
Event: 47557.864 Thread 0x00000167171ec000 Exception <a 'java/io/FileNotFoundException'{0x000000074d9c1dd8}> (0x000000074d9c1dd8) thrown at [./src/hotspot/share/prims/jni.cpp, line 615]
Event: 47562.093 Thread 0x0000016732ab3000 Exception <a 'java/lang/InterruptedException'{0x000000074f6003e0}: sleep interrupted> (0x000000074f6003e0) thrown at [./src/hotspot/share/prims/jvm.cpp, line 3099]
Event: 47562.876 Thread 0x00000167171ec000 Exception <a 'java/io/FileNotFoundException'{0x000000074dcc6560}> (0x000000074dcc6560) thrown at [./src/hotspot/share/prims/jni.cpp, line 615]
Event: 47562.876 Thread 0x00000167171ec000 Exception <a 'java/io/FileNotFoundException'{0x000000074dcc6c18}> (0x000000074dcc6c18) thrown at [./src/hotspot/share/prims/jni.cpp, line 615]
Event: 47567.864 Thread 0x00000167171ec000 Exception <a 'java/io/FileNotFoundException'{0x000000074f9af878}> (0x000000074f9af878) thrown at [./src/hotspot/share/prims/jni.cpp, line 615]
Event: 47567.864 Thread 0x00000167171ec000 Exception <a 'java/io/FileNotFoundException'{0x000000074f9aff30}> (0x000000074f9aff30) thrown at [./src/hotspot/share/prims/jni.cpp, line 615]
Event: 47572.115 Thread 0x0000016732ab3000 Exception <a 'java/lang/InterruptedException'{0x000000074fd6ed98}: sleep interrupted> (0x000000074fd6ed98) thrown at [./src/hotspot/share/prims/jvm.cpp, line 3099]
Event: 47572.866 Thread 0x00000167171ec000 Exception <a 'java/io/FileNotFoundException'{0x000000074fa5cc70}> (0x000000074fa5cc70) thrown at [./src/hotspot/share/prims/jni.cpp, line 615]
Event: 47572.867 Thread 0x00000167171ec000 Exception <a 'java/io/FileNotFoundException'{0x000000074fa5d328}> (0x000000074fa5d328) thrown at [./src/hotspot/share/prims/jni.cpp, line 615]

Events (20 events):
Event: 47572.109 Executing VM operation: G1CollectForAllocation
Event: 47572.111 Executing VM operation: G1CollectForAllocation done
Event: 47572.115 Executing VM operation: RevokeBias
Event: 47572.115 Executing VM operation: RevokeBias done
Event: 47572.980 Executing VM operation: RevokeBias
Event: 47572.980 Executing VM operation: RevokeBias done
Event: 47572.981 Executing VM operation: RevokeBias
Event: 47572.981 Executing VM operation: RevokeBias done
Event: 47573.013 Executing VM operation: BulkRevokeBias
Event: 47573.013 Executing VM operation: BulkRevokeBias done
Event: 47573.043 Thread 0x0000016732aa7800 Thread added: 0x0000016732aa7800
Event: 47573.058 Thread 0x0000016732aa7800 Thread exited: 0x0000016732aa7800
Event: 47573.081 Executing VM operation: RevokeBias
Event: 47573.082 Executing VM operation: RevokeBias done
Event: 47574.044 Thread 0x0000016732aa7800 Thread added: 0x0000016732aa7800
Event: 47574.053 Thread 0x0000016732aa7800 Thread exited: 0x0000016732aa7800
Event: 47574.887 Loaded shared library B:\Vivado\Vivado\2022.2\lib\win64.o\librdi_common.dll
Event: 47574.888 Thread 0x0000016732aa7800 Thread added: 0x0000016732aa7800
Event: 47574.934 Executing VM operation: BulkRevokeBias
Event: 47574.935 Executing VM operation: BulkRevokeBias done


Dynamic libraries:
0x00007ff6af910000 - 0x00007ff6af941000 	B:\Vivado\Vivado\2022.2\bin\unwrapped\win64.o\vivado.exe
0x00007ffb2a6f0000 - 0x00007ffb2a8e8000 	C:\WINDOWS\SYSTEM32\ntdll.dll
0x00007ffb2a5e0000 - 0x00007ffb2a6a2000 	C:\WINDOWS\System32\KERNEL32.DLL
0x00007ffb283e0000 - 0x00007ffb286d6000 	C:\WINDOWS\System32\KERNELBASE.dll
0x00007ffb252f0000 - 0x00007ffb25384000 	C:\WINDOWS\SYSTEM32\apphelp.dll
0x00007ffb27db0000 - 0x00007ffb27eb0000 	C:\WINDOWS\System32\ucrtbase.dll
0x00007ffb0ca80000 - 0x00007ffb0cb0d000 	C:\WINDOWS\SYSTEM32\MSVCP140.dll
0x00007ffb0cb40000 - 0x00007ffb0cb5e000 	C:\WINDOWS\SYSTEM32\VCRUNTIME140.dll
0x00007ffb0cb30000 - 0x00007ffb0cb3c000 	C:\WINDOWS\SYSTEM32\VCRUNTIME140_1.dll
0x00007ffb03350000 - 0x00007ffb03368000 	B:\Vivado\Vivado\2022.2\lib\win64.o\librdi_commonmain.dll
0x00007ffb23280000 - 0x00007ffb23289000 	B:\Vivado\Vivado\2022.2\lib\win64.o\librdi_commonversion.dll
0x00007ffafb680000 - 0x00007ffafb6a1000 	B:\Vivado\Vivado\2022.2\lib\win64.o\libboost_filesystem.dll
0x00007ffb28710000 - 0x00007ffb287bf000 	C:\WINDOWS\System32\ADVAPI32.dll
0x00007ffb2a070000 - 0x00007ffb2a10e000 	C:\WINDOWS\System32\msvcrt.dll
0x00007ffb28de0000 - 0x00007ffb28e7f000 	C:\WINDOWS\System32\sechost.dll
0x00007ffb28e80000 - 0x00007ffb28fa3000 	C:\WINDOWS\System32\RPCRT4.dll
0x00007ffb27d80000 - 0x00007ffb27da7000 	C:\WINDOWS\System32\bcrypt.dll
0x00007ffa73d30000 - 0x00007ffa73ee5000 	B:\Vivado\Vivado\2022.2\lib\win64.o\librdi_commonxillic.dll
0x00007ffb2a240000 - 0x00007ffb2a3dd000 	C:\WINDOWS\System32\USER32.dll
0x00007ffb286e0000 - 0x00007ffb28702000 	C:\WINDOWS\System32\win32u.dll
0x00007ffb28db0000 - 0x00007ffb28ddb000 	C:\WINDOWS\System32\GDI32.dll
0x00007ffb282c0000 - 0x00007ffb283da000 	C:\WINDOWS\System32\gdi32full.dll
0x00007ffb28120000 - 0x00007ffb281bd000 	C:\WINDOWS\System32\msvcp_win.dll
0x00007ffb294a0000 - 0x00007ffb2950b000 	C:\WINDOWS\System32\WS2_32.dll
0x0000000054550000 - 0x000000005467b000 	B:\Vivado\Vivado\2022.2\lib\win64.o\tcl85t.dll
0x00007ffa73a10000 - 0x00007ffa73d26000 	B:\Vivado\Vivado\2022.2\lib\win64.o\libXil_lmgr11.dll
0x00007ffb29f30000 - 0x00007ffb2a00a000 	C:\WINDOWS\System32\COMDLG32.dll
0x00007ffb287c0000 - 0x00007ffb28b15000 	C:\WINDOWS\System32\combase.dll
0x00007ffb28d00000 - 0x00007ffb28dad000 	C:\WINDOWS\System32\shcore.dll
0x00007ffb28ca0000 - 0x00007ffb28cf5000 	C:\WINDOWS\System32\SHLWAPI.dll
0x00007ffb29560000 - 0x00007ffb29ccf000 	C:\WINDOWS\System32\SHELL32.dll
0x00007ffb2a3e0000 - 0x00007ffb2a4ad000 	C:\WINDOWS\System32\OLEAUT32.dll
0x00007ffb2a4b0000 - 0x00007ffb2a5db000 	C:\WINDOWS\System32\ole32.dll
0x00007ffb280a0000 - 0x00007ffb28113000 	C:\WINDOWS\System32\WINTRUST.dll
0x00007ffb27f40000 - 0x00007ffb2809d000 	C:\WINDOWS\System32\CRYPT32.dll
0x00007ffaf29c0000 - 0x00007ffaf2ad4000 	B:\Vivado\Vivado\2022.2\lib\win64.o\libboost_regex.dll
0x00007ffa725d0000 - 0x00007ffa73a01000 	B:\Vivado\Vivado\2022.2\lib\win64.o\librdi_common.dll
0x00007ffb0cb80000 - 0x00007ffb0cb99000 	C:\WINDOWS\SYSTEM32\NETAPI32.dll
0x00007ffb108e0000 - 0x00007ffb10990000 	C:\WINDOWS\WinSxS\amd64_microsoft.windows.common-controls_6595b64144ccf1df_5.82.19041.4355_none_792ecafd2442822f\COMCTL32.dll
0x00007ffb22380000 - 0x00007ffb2239d000 	C:\WINDOWS\SYSTEM32\dhcpcsvc.DLL
0x00007ffb007a0000 - 0x00007ffb007a9000 	C:\WINDOWS\SYSTEM32\WSOCK32.dll
0x00007ffb27c30000 - 0x00007ffb27c5e000 	C:\WINDOWS\SYSTEM32\USERENV.dll
0x00007ffb02f80000 - 0x00007ffb02f91000 	B:\Vivado\Vivado\2022.2\lib\win64.o\libboost_date_time.dll
0x00007ffaf3310000 - 0x00007ffaf3389000 	B:\Vivado\Vivado\2022.2\lib\win64.o\libboost_program_options.dll
0x00007ffafb720000 - 0x00007ffafb73c000 	B:\Vivado\Vivado\2022.2\lib\win64.o\libboost_thread.dll
0x00007ffa72260000 - 0x00007ffa725ce000 	B:\Vivado\Vivado\2022.2\lib\win64.o\libCOIN-all.dll
0x00007ffaea3f0000 - 0x00007ffaea472000 	B:\Vivado\Vivado\2022.2\lib\win64.o\libhdlpsolve.dll
0x00007ffb0d5e0000 - 0x00007ffb0d5ec000 	B:\Vivado\Vivado\2022.2\lib\win64.o\libboost_xilinx.dll
0x00007ffae7d40000 - 0x00007ffae7de5000 	B:\Vivado\Vivado\2022.2\lib\win64.o\libhdxml.dll
0x00007ffaf8450000 - 0x00007ffaf847a000 	B:\Vivado\Vivado\2022.2\lib\win64.o\libisl_sysinfo.dll
0x00007ffaf32a0000 - 0x00007ffaf3305000 	B:\Vivado\Vivado\2022.2\lib\win64.o\liblmx6.0.dll
0x00007ffaf6b80000 - 0x00007ffaf6b9a000 	B:\Vivado\Vivado\2022.2\lib\win64.o\pthreadVC2.dll
0x00007ffaf6b60000 - 0x00007ffaf6b7c000 	B:\Vivado\Vivado\2022.2\lib\win64.o\librdiconfig.dll
0x00007ffaf4660000 - 0x00007ffaf4681000 	B:\Vivado\Vivado\2022.2\lib\win64.o\librdizlib.dll
0x00007ffb0b430000 - 0x00007ffb0b907000 	C:\WINDOWS\SYSTEM32\WININET.dll
0x00007ffb21130000 - 0x00007ffb2123a000 	C:\WINDOWS\SYSTEM32\WINHTTP.dll
0x00007ffb11350000 - 0x00007ffb11541000 	C:\WINDOWS\SYSTEM32\urlmon.dll
0x00007ffa2ebe0000 - 0x00007ffa2fb5d200 	B:\Vivado\Vivado\2022.2\lib\win64.o\libisl_iostreams.dll
0x00007ffb02bc0000 - 0x00007ffb02bf0000 	C:\WINDOWS\SYSTEM32\VCOMP140.DLL
0x00007ffb16110000 - 0x00007ffb163cf000 	C:\WINDOWS\SYSTEM32\iertutil.dll
0x00007ffb205e0000 - 0x00007ffb20608000 	C:\WINDOWS\SYSTEM32\srvcli.dll
0x00007ffb27230000 - 0x00007ffb2723c000 	C:\WINDOWS\SYSTEM32\netutils.dll
0x00007ffb25e20000 - 0x00007ffb265c3000 	C:\WINDOWS\SYSTEM32\windows.storage.dll
0x00007ffaf6b40000 - 0x00007ffaf6b58000 	B:\Vivado\Vivado\2022.2\lib\win64.o\libboost_iostreams.dll
0x00007ffb277b0000 - 0x00007ffb277db000 	C:\WINDOWS\SYSTEM32\Wldp.dll
0x00007ffaf4270000 - 0x00007ffaf4294000 	B:\Vivado\Vivado\2022.2\lib\win64.o\libisl_iosutils.dll
0x00007ffa71f90000 - 0x00007ffa72251000 	B:\Vivado\Vivado\2022.2\lib\win64.o\xerces-c_3_2.dll
0x00007ffa2b4a0000 - 0x00007ffa2d3b7000 	B:\Vivado\Vivado\2022.2\lib\win64.o\gurobi90.dll
0x00007ffb28b30000 - 0x00007ffb28b8e000 	C:\WINDOWS\System32\WLDAP32.dll
0x00007ffb2a230000 - 0x00007ffb2a238000 	C:\WINDOWS\System32\Normaliz.dll
0x00007ffb274a0000 - 0x00007ffb2750c000 	C:\WINDOWS\SYSTEM32\MSWSOCK.DLL
0x00007ffb29530000 - 0x00007ffb2955f000 	C:\WINDOWS\System32\IMM32.DLL
0x00007ffb27940000 - 0x00007ffb27952000 	C:\WINDOWS\SYSTEM32\MSASN1.dll
0x00007ffb27710000 - 0x00007ffb27728000 	C:\WINDOWS\SYSTEM32\CRYPTSP.dll
0x00007ffb26d60000 - 0x00007ffb26d98000 	C:\WINDOWS\system32\rsaenh.dll
0x00007ffb27700000 - 0x00007ffb2770c000 	C:\WINDOWS\SYSTEM32\CRYPTBASE.dll
0x00007ffb27eb0000 - 0x00007ffb27f32000 	C:\WINDOWS\System32\bcryptPrimitives.dll
0x00007ffb29510000 - 0x00007ffb2952d000 	C:\WINDOWS\System32\imagehlp.dll
0x00007ffb25c20000 - 0x00007ffb25c32000 	C:\WINDOWS\SYSTEM32\kernel.appcore.dll
0x00007ffa71a50000 - 0x00007ffa71f83000 	B:\Vivado\Vivado\2022.2\lib\win64.o\librdi_commontasks.dll
0x00007ffb22a00000 - 0x00007ffb22a0a000 	C:\WINDOWS\SYSTEM32\VERSION.dll
0x00007ffa2a950000 - 0x00007ffa2b49d000 	B:\Vivado\Vivado\2022.2\tps\win64\jre11.0.11_9\bin\server\jvm.dll
0x00007ffb28fb0000 - 0x00007ffb28fb8000 	C:\WINDOWS\System32\PSAPI.DLL
0x00007ffb20060000 - 0x00007ffb20087000 	C:\WINDOWS\SYSTEM32\WINMM.dll
0x00007ffa71720000 - 0x00007ffa71a45a00 	B:\Vivado\Vivado\2022.2\lib\win64.o\librdi_sio.dll
0x00007ffb27120000 - 0x00007ffb2715b000 	C:\WINDOWS\SYSTEM32\IPHLPAPI.DLL
0x00007ffb27c60000 - 0x00007ffb27c92000 	C:\WINDOWS\SYSTEM32\SspiCli.dll
0x00007ffafbda0000 - 0x00007ffafbdb7000 	C:\WINDOWS\system32\napinsp.dll
0x00007ffafbd80000 - 0x00007ffafbd9b000 	C:\WINDOWS\system32\pnrpnsp.dll
0x00007ffb25020000 - 0x00007ffb2503d000 	C:\WINDOWS\system32\NLAapi.dll
0x00007ffb27160000 - 0x00007ffb2722a000 	C:\WINDOWS\SYSTEM32\DNSAPI.dll
0x00007ffb28b20000 - 0x00007ffb28b28000 	C:\WINDOWS\System32\NSI.dll
0x00007ffafbd60000 - 0x00007ffafbd72000 	C:\WINDOWS\System32\winrnr.dll
0x00007ffafbd40000 - 0x00007ffafbd55000 	C:\WINDOWS\system32\wshbth.dll
0x0000000054680000 - 0x00000000546a6000 	C:\Program Files\Bonjour\mdnsNSP.dll
0x00007ffa27c20000 - 0x00007ffa2a945000 	B:\Vivado\Vivado\2022.2\lib\win64.o\librdi_tcltasks.dll
0x00007ffaea120000 - 0x00007ffaea1a0000 	B:\Vivado\Vivado\2022.2\lib\win64.o\librdi_boarddep.dll
0x00007ffaf4180000 - 0x00007ffaf41c4000 	B:\Vivado\Vivado\2022.2\lib\win64.o\libboost_serialization.dll
0x00007ffa71530000 - 0x00007ffa71713000 	B:\Vivado\Vivado\2022.2\lib\win64.o\librdi_board.dll
0x00007ffa6fec0000 - 0x00007ffa7039d000 	B:\Vivado\Vivado\2022.2\lib\win64.o\librdi_bitstream.dll
0x00007ffabb1b0000 - 0x00007ffabb2d7000 	B:\Vivado\Vivado\2022.2\lib\win64.o\librdi_chipscope.dll
0x00007ffa6fd50000 - 0x00007ffa6feb5000 	B:\Vivado\Vivado\2022.2\lib\win64.o\librdi_containers.dll
0x00007ffa6f9e0000 - 0x00007ffa6fbe2000 	B:\Vivado\Vivado\2022.2\lib\win64.o\librdi_chipscopeimpl.dll
0x00007ffa25c10000 - 0x00007ffa27c1d000 	B:\Vivado\Vivado\2022.2\lib\win64.o\librdi_designutils.dll
0x00007ffa24720000 - 0x00007ffa25c05000 	B:\Vivado\Vivado\2022.2\lib\win64.o\librdi_device.dll
0x00007ffa224f0000 - 0x00007ffa2471c000 	B:\Vivado\Vivado\2022.2\lib\win64.o\librdi_constraints.dll
0x00007ffa2e850000 - 0x00007ffa2ebd3000 	B:\Vivado\Vivado\2022.2\lib\win64.o\librdi_dlyest.dll
0x00007ffae44c0000 - 0x00007ffae4574000 	B:\Vivado\Vivado\2022.2\lib\win64.o\librdi_dsp.dll
0x00007ffa21e10000 - 0x00007ffa224eb000 	B:\Vivado\Vivado\2022.2\lib\win64.o\librdi_drc.dll
0x00007ffa1f820000 - 0x00007ffa21e05000 	B:\Vivado\Vivado\2022.2\lib\win64.o\librdi_coregen.dll
0x00007ffaf3000000 - 0x00007ffaf306b000 	B:\Vivado\Vivado\2022.2\lib\win64.o\librdi_hdf.dll
0x00007ffa1f4f0000 - 0x00007ffa1f81b000 	B:\Vivado\Vivado\2022.2\lib\win64.o\librdi_guitools.dll
0x00007ffa1ee50000 - 0x00007ffa1f4e5000 	B:\Vivado\Vivado\2022.2\lib\win64.o\librdi_filemgmt.dll
0x00007ffa5bc20000 - 0x00007ffa5bedd000 	B:\Vivado\Vivado\2022.2\lib\win64.o\librdi_hip_devdesign.dll
0x00007ffa6f890000 - 0x00007ffa6f9d7000 	B:\Vivado\Vivado\2022.2\lib\win64.o\librdi_hip_perf_analysis.dll
0x00007ffa1e040000 - 0x00007ffa1e7e1000 	B:\Vivado\Vivado\2022.2\lib\win64.o\librdi_lopt.dll
0x00007ffa1d120000 - 0x00007ffa1e03b000 	B:\Vivado\Vivado\2022.2\lib\win64.o\librdi_implflow.dll
0x00007ffa1e7f0000 - 0x00007ffa1ee45000 	B:\Vivado\Vivado\2022.2\lib\win64.o\librdi_memdata.dll
0x00007ffae45a0000 - 0x00007ffae461d000 	B:\Vivado\Vivado\2022.2\lib\win64.o\librdi_memoryarray.dll
0x00007ffaed100000 - 0x00007ffaed15b000 	B:\Vivado\Vivado\2022.2\lib\win64.o\librdi_pfi.dll
0x00007ffa1c2e0000 - 0x00007ffa1d113000 	B:\Vivado\Vivado\2022.2\lib\win64.o\librdi_ippcw.dll
0x00007ffa1be70000 - 0x00007ffa1c2e0000 	B:\Vivado\Vivado\2022.2\lib\win64.o\librdi_platform.dll
0x00007ffa1b700000 - 0x00007ffa1be6d000 	B:\Vivado\Vivado\2022.2\lib\win64.o\librdi_netlist.dll
0x00007ffa180f0000 - 0x00007ffa1a9b5000 	B:\Vivado\Vivado\2022.2\lib\win64.o\librdi_mig.dll
0x00007ffa1afc0000 - 0x00007ffa1b6f5000 	B:\Vivado\Vivado\2022.2\lib\win64.o\librdi_psta.dll
0x00007ffa16600000 - 0x00007ffa16d67000 	B:\Vivado\Vivado\2022.2\lib\win64.o\librdi_project.dll
0x00007ffa15d20000 - 0x00007ffa165f4000 	B:\Vivado\Vivado\2022.2\lib\win64.o\librdi_power.dll
0x00007ffa12c00000 - 0x00007ffa15d20000 	B:\Vivado\Vivado\2022.2\lib\win64.o\librdi_place.dll

dbghelp: loaded successfully - version: 4.0.5 - missing functions: none
symbol engine: initialized successfully - sym options: 0x614 - pdb path: .;B:\Vivado\Vivado\2022.2\bin\unwrapped\win64.o;C:\WINDOWS\SYSTEM32;B:\Vivado\Vivado\2022.2\lib\win64.o;C:\WINDOWS\WinSxS\amd64_microsoft.windows.common-controls_6595b64144ccf1df_5.82.19041.4355_none_792ecafd2442822f;B:\Vivado\Vivado\2022.2\tps\win64\jre11.0.11_9\bin\server;C:\Program Files\Bonjour;B:\Vivado\Vivado\2022.2\tps\win64\python-3.8.3;B:\Vivado\Vivado\2022.2\tps\win64\jre11.0.11_9\bin;C:\WINDOWS\WinSxS\amd64_microsoft.windows.common-controls_6595b64144ccf1df_6.0.19041.4355_none_60b8b9eb71f62e16

VM Arguments:
jvm_args: -Dsun.java2d.pmoffscreen=false -Dhttps.protocols=TLSv1,TLSv1.1,TLSv1.2 -Dsun.java2d.xrender=false -Dsun.java2d.d3d=false -Dsun.awt.nopixfmt=true -Dsun.java2d.dpiaware=true -Dsun.java2d.uiScale.enabled=false -Xverify:none -Dswing.aatext=true -XX:-UsePerfData -Djdk.map.althashing.threshold=512 -XX:StringTableSize=4072 --add-opens=java.desktop/com.sun.awt=ALL-UNNAMED --add-opens=java.desktop/javax.swing.plaf.synth=ALL-UNNAMED --add-opens=java.base/java.nio=ALL-UNNAMED --add-opens=java.desktop/sun.swing=ALL-UNNAMED --add-opens=java.desktop/javax.swing=ALL-UNNAMED --add-opens=java.desktop/javax.swing.tree=ALL-UNNAMED --add-opens=java.desktop/javax.swing.plaf.basic=ALL-UNNAMED --add-opens=java.desktop/javax.swing.plaf.synth=ALL-UNNAMED --add-opens=java.desktop/javax.swing.plaf.basic=ALL-UNNAMED --add-opens=java.desktop/javax.swing=ALL-UNNAMED --add-opens=java.desktop/javax.swing.tree=ALL-UNNAMED --add-opens=java.desktop/java.awt.event=ALL-UNNAMED --add-exports=java.desktop/javax.swing.plaf.synth=ALL-UNNAMED --add-exports=java.base/java.nio=ALL-UNNAMED --add-exports=java.desktop/sun.swing=ALL-UNNAMED --add-exports=java.desktop/javax.swing=ALL-UNNAMED --add-exports=java.desktop/javax.swing.tree=ALL-UNNAMED --add-exports=java.desktop/javax.swing.plaf.basic=ALL-UNNAMED --add-exports=java.desktop/sun.swing=ALL-UNNAMED --add-exports=java.desktop/sun.swing.table=ALL-UNNAMED --add-exports=java.desktop/sun.swing.plaf.synth=ALL-UNNAMED --add-exports=java.desktop/sun.awt.shell=ALL-UNNAMED --add-exports=java.base/sun.security.action=ALL-UNNAMED --add-exports=java.desktop/sun.font=ALL-UNNAMED -XX:NewSize=60m -XX:MaxNewSize=60m -Xms256m -Xmx3072m -Xss5m 
java_command: <unknown>
java_class_path (initial): B:/Vivado/Vivado/2022.2\lib\classes\alloy.jar;B:/Vivado/Vivado/2022.2\lib\classes\asm-9.3.jar;B:/Vivado/Vivado/2022.2\lib\classes\asm-analysis-9.3.jar;B:/Vivado/Vivado/2022.2\lib\classes\asm-commons-9.3.jar;B:/Vivado/Vivado/2022.2\lib\classes\asm-tree-9.3.jar;B:/Vivado/Vivado/2022.2\lib\classes\autoesl-models.jar;B:/Vivado/Vivado/2022.2\lib\classes\batik-anim.jar;B:/Vivado/Vivado/2022.2\lib\classes\batik-awt-util.jar;B:/Vivado/Vivado/2022.2\lib\classes\batik-bridge.jar;B:/Vivado/Vivado/2022.2\lib\classes\batik-codec.jar;B:/Vivado/Vivado/2022.2\lib\classes\batik-css.jar;B:/Vivado/Vivado/2022.2\lib\classes\batik-dom.jar;B:/Vivado/Vivado/2022.2\lib\classes\batik-ext.jar;B:/Vivado/Vivado/2022.2\lib\classes\batik-gui-util.jar;B:/Vivado/Vivado/2022.2\lib\classes\batik-gvt.jar;B:/Vivado/Vivado/2022.2\lib\classes\batik-parser.jar;B:/Vivado/Vivado/2022.2\lib\classes\batik-script.jar;B:/Vivado/Vivado/2022.2\lib\classes\batik-svg-dom.jar;B:/Vivado/Vivado/2022.2\lib\classes\batik-svggen.jar;B:/Vivado/Vivado/2022.2\lib\classes\batik-swing.jar;B:/Vivado/Vivado/2022.2\lib\classes\batik-transcoder.jar;B:/Vivado/Vivado/2022.2\lib\classes\batik-util.jar;B:/Vivado/Vivado/2022.2\lib\classes\batik-xml.jar;B:/Vivado/Vivado/2022.2\lib\classes\com.fasterxml.jackson.core.jackson-annotations_2.12.1.v20210128-1726.jar;B:/Vivado/Vivado/2022.2\lib\classes\com.fasterxml.jackson.core.jackson-core_2.12.1.v20210128-1726.jar;B:/Vivado/Vivado/2022.2\lib\classes\com.fasterxml.jackson.core.jackson-databind_2.12.1.v20210128-1726.jar;B:/Vivado/Vivado/2022.2\lib\classes\com.google.gson_2.8.7.v20210624-1215.jar;B:/Vivado/Vivado/2022.2\lib\classes\com.google.guava_30.1.0.v20210127-2300.jar;B:/Vivado/Vivado/2022.2\lib\classes\com.sigasi.hdt.connection_4.15.0.202201101137.jar;B:/Vivado/Vivado/2022.2\lib\classes\com.sigasi.hdt.epl_4.15.0.202201101137.jar;B:/Vivado/Vivado/2022.2\lib\classes\com.sigasi.hdt.project_4.15.0.202201101137.jar;B:/Vivado/Vivado/2022.2\lib\classes\com.sigasi
Launcher Type: generic

[Global flags]
     bool BytecodeVerificationLocal                = false                                     {product} {command line}
     bool BytecodeVerificationRemote               = false                                     {product} {command line}
     intx CICompilerCount                          = 4                                         {product} {ergonomic}
     uint ConcGCThreads                            = 3                                         {product} {ergonomic}
     uint G1ConcRefinementThreads                  = 10                                        {product} {ergonomic}
   size_t G1HeapRegionSize                         = 1048576                                   {product} {ergonomic}
    uintx GCDrainStackTargetSize                   = 64                                        {product} {ergonomic}
   size_t InitialHeapSize                          = 268435456                                 {product} {command line}
   size_t MarkStackSize                            = 4194304                                   {product} {ergonomic}
   size_t MaxHeapSize                              = 3221225472                                {product} {command line}
   size_t MaxNewSize                               = 62914560                                  {product} {command line}
   size_t MinHeapDeltaBytes                        = 1048576                                   {product} {ergonomic}
   size_t NewSize                                  = 62914560                                  {product} {command line}
    uintx NonNMethodCodeHeapSize                   = 5836300                                {pd product} {ergonomic}
    uintx NonProfiledCodeHeapSize                  = 122910970                              {pd product} {ergonomic}
    uintx ProfiledCodeHeapSize                     = 122910970                              {pd product} {ergonomic}
    uintx ReservedCodeCacheSize                    = 251658240                              {pd product} {ergonomic}
     bool SegmentedCodeCache                       = true                                      {product} {ergonomic}
    uintx StringTableSize                          = 4072                                      {product} {command line}
     intx ThreadStackSize                          = 5120                                   {pd product} {command line}
     bool UseCompressedClassPointers               = true                                 {lp64_product} {ergonomic}
     bool UseCompressedOops                        = true                                 {lp64_product} {ergonomic}
     bool UseG1GC                                  = true                                      {product} {ergonomic}
     bool UseLargePagesIndividualAllocation        = false                                  {pd product} {ergonomic}
     bool UsePerfData                              = false                                     {product} {command line}

Logging:
Log output configuration:
 #0: stdout all=warning uptime,level,tags
 #1: stderr all=off uptime,level,tags

Environment Variables:
PATH=B:/Vivado/Vivado/2022.2/bin;B:/Vivado/Vivado/2022.2/tps/win64/java-cef-95.0.4638.69/bin/lib/win64;B:/Vivado/Vivado/2022.2/tps/win64/javafx-sdk-11.0.2/lib;B:/Vivado/Vivado/2022.2/tps/win64/javafx-sdk-11.0.2/bin;B:/Vivado/Vivado/2022.2/lib/win64.o;B:/Vivado/Vivado/2022.2/tps/win64/jre11.0.11_9/bin/server;B:/Vivado/Vivado/2022.2/tps/win64/jre11.0.11_9/bin;B:/Vivado/Vivado/2022.2/ids_lite/ISE/bin/nt64;B:/Vivado/Vivado/2022.2/ids_lite/ISE/lib/nt64;B:/Vivado/Vitis_HLS/2022.2/bin;C:\Program Files (x86)\Common Files\Oracle\Java\java8path;C:\Program Files (x86)\Common Files\Oracle\Java\javapath;C:\WinAVR-20100110\bin;C:\WinAVR-20100110\utils\bin;C:\Program Files (x86)\NVIDIA Corporation\PhysX\Common;C:\WINDOWS\system32;C:\WINDOWS;C:\WINDOWS\System32\Wbem;C:\WINDOWS\System32\WindowsPowerShell\v1.0\;C:\WINDOWS\System32\OpenSSH\;C:\Program Files\Microsoft SQL Server\Client SDK\ODBC\170\Tools\Binn\;C:\Program Files (x86)\Microsoft SQL Server\150\Tools\Binn\;C:\Program Files\Microsoft SQL Server\150\Tools\Binn\;C:\Program Files\Microsoft SQL Server\150\DTS\Binn\;C:\Program Files (x86)\Windows Kits\8.1\Windows Performance Toolkit\;C:\Program Files\Git\cmd;C:\Program Files\dotnet\;C:\Program Files\MATLAB\R2024b\bin;;C:\Program Files\NVIDIA Corporation\NVIDIA App\NvDLISR;C:\Users\Sam\AppData\Local\Microsoft\WindowsApps;C:\Microsoft VS Code\bin;C:\Program Files (x86)\Atmel\Flip 3.4.7\bin;\MinGW\bin;C:\Users\Sam\.dotnet\tools;B:/Vivado/Vivado/2022.2\tps\mingw\6.2.0\win64.o\nt\bin;B:/Vivado/Vivado/2022.2\tps\mingw\6.2.0\win64.o\nt\libexec\gcc\x86_64-w64-mingw32\6.2.0;B:/Vivado/Vivado/2022.2\tps\win64\python-3.8.3;B:/Vivado/Vivado/2022.2\tps\win64\python-3.8.3\bin;B:/Vivado/Vivado/2022.2\tps\win64\python-3.8.3\lib;B:/Vivado/Vivado/2022.2\tps\win64\python-3.8.3\lib\site-packages
USERNAME=Sam
OS=Windows_NT
PROCESSOR_IDENTIFIER=Intel64 Family 6 Model 158 Stepping 10, GenuineIntel



---------------  S Y S T E M  ---------------

OS: Windows 10 , 64 bit Build 19041 (10.0.19041.5678)
OS uptime: 0 days 15:26 hours

CPU:total 12 (initial active 12) (6 cores per cpu, 2 threads per core) family 6 model 158 stepping 10 microcode 0xb4, cmov, cx8, fxsr, mmx, sse, sse2, sse3, ssse3, sse4.1, sse4.2, popcnt, avx, avx2, aes, clmul, erms, rtm, 3dnowpref, lzcnt, ht, tsc, tscinvbit, bmi1, bmi2, adx, fma

Memory: 4k page, system-wide physical 16297M (6582M free)
TotalPageFile size 32594M (AvailPageFile size 16843M)
current process WorkingSet (physical memory assigned to process): 746M, peak: 1050M
current process commit charge ("private bytes"): 1441M, peak: 1462M

vm_info: OpenJDK 64-Bit Server VM (11.0.11+9) for windows-amd64 JRE (11.0.11+9), built on Apr  9 2021 19:32:08 by "" with MS VC++ 15.5 (VS2017)

END.
