#-----------------------------------------------------------
# Vivado v2022.2 (64-bit)
# SW Build 3671981 on Fri Oct 14 05:00:03 MDT 2022
# IP Build 3669848 on Fri Oct 14 08:30:02 MDT 2022
# Start of session at: Thu May  8 00:02:19 2025
# Process ID: 9064
# Current directory: B:/enel373/PersonalRXtimer/ReactionTimer
# Command line: vivado.exe -gui_launcher_event rodinguilauncherevent14720 B:\enel373\PersonalRXtimer\ReactionTimer\Reaction Timer.xpr
# Log file: B:/enel373/PersonalRXtimer/ReactionTimer/vivado.log
# Journal file: B:/enel373/PersonalRXtimer/ReactionTimer\vivado.jou
# Running On: DESKTOP-H6N6V0T, OS: Windows, CPU Frequency: 3192 MHz, CPU Physical cores: 6, Host memory: 17088 MB
#-----------------------------------------------------------
start_gui
open_project {B:/enel373/PersonalRXtimer/ReactionTimer/Reaction Timer.xpr}
WARNING: [Board 49-26] cannot add Board Part xilinx.com:kc705:part0:1.6 available at B:/Vivado/Vivado/2022.2/data/xhub/boards/XilinxBoardStore/boards/Xilinx/kc705/1.6/board.xml as part xc7k325tffg900-2 specified in board_part file is either invalid or not available
WARNING: [Board 49-26] cannot add Board Part xilinx.com:kcu105:part0:1.6 available at B:/Vivado/Vivado/2022.2/data/xhub/boards/XilinxBoardStore/boards/Xilinx/kcu105/1.6/board.xml as part xcku040-ffva1156-2-e specified in board_part file is either invalid or not available
WARNING: [Board 49-26] cannot add Board Part xilinx.com:kcu105:part0:1.7 available at B:/Vivado/Vivado/2022.2/data/xhub/boards/XilinxBoardStore/boards/Xilinx/kcu105/1.7/board.xml as part xcku040-ffva1156-2-e specified in board_part file is either invalid or not available
WARNING: [Board 49-26] cannot add Board Part xilinx.com:kcu1500:part0:1.2 available at B:/Vivado/Vivado/2022.2/data/xhub/boards/XilinxBoardStore/boards/Xilinx/kcu1500/1.2/board.xml as part xcku115-flvb2104-2-e specified in board_part file is either invalid or not available
WARNING: [Board 49-26] cannot add Board Part xilinx.com:vc707:part0:1.4 available at B:/Vivado/Vivado/2022.2/data/xhub/boards/XilinxBoardStore/boards/Xilinx/vc707/1.4/board.xml as part xc7vx485tffg1761-2 specified in board_part file is either invalid or not available
WARNING: [Board 49-26] cannot add Board Part xilinx.com:vc709:part0:1.8 available at B:/Vivado/Vivado/2022.2/data/xhub/boards/XilinxBoardStore/boards/Xilinx/vc709/1.8/board.xml as part xc7vx690tffg1761-2 specified in board_part file is either invalid or not available
WARNING: [Board 49-26] cannot add Board Part xilinx.com:vck190:part0:2.2 available at B:/Vivado/Vivado/2022.2/data/xhub/boards/XilinxBoardStore/boards/Xilinx/vck190/production/2.2/board.xml as part xcvc1902-vsva2197-2mp-e-s specified in board_part file is either invalid or not available
WARNING: [Board 49-26] cannot add Board Part xilinx.com:vck190:part0:3.0 available at B:/Vivado/Vivado/2022.2/data/xhub/boards/XilinxBoardStore/boards/Xilinx/vck190/production/3.0/board.xml as part xcvc1902-vsva2197-2mp-e-s specified in board_part file is either invalid or not available
WARNING: [Board 49-26] cannot add Board Part xilinx.com:vck190:part0:3.1 available at B:/Vivado/Vivado/2022.2/data/xhub/boards/XilinxBoardStore/boards/Xilinx/vck190/production/3.1/board.xml as part xcvc1902-vsva2197-2mp-e-s specified in board_part file is either invalid or not available
WARNING: [Board 49-26] cannot add Board Part xilinx.com:vck190_newl:part0:1.0 available at B:/Vivado/Vivado/2022.2/data/xhub/boards/XilinxBoardStore/boards/Xilinx/vck190_newl/production/1.0/board.xml as part xcvc1902-vsva2197-2mp-e-s specified in board_part file is either invalid or not available
WARNING: [Board 49-26] cannot add Board Part xilinx.com:vcu108:part0:1.6 available at B:/Vivado/Vivado/2022.2/data/xhub/boards/XilinxBoardStore/boards/Xilinx/vcu108/1.6/board.xml as part xcvu095-ffva2104-2-e specified in board_part file is either invalid or not available
WARNING: [Board 49-26] cannot add Board Part xilinx.com:vcu108:part0:1.7 available at B:/Vivado/Vivado/2022.2/data/xhub/boards/XilinxBoardStore/boards/Xilinx/vcu108/1.7/board.xml as part xcvu095-ffva2104-2-e specified in board_part file is either invalid or not available
WARNING: [Board 49-26] cannot add Board Part xilinx.com:vcu110:part0:1.4 available at B:/Vivado/Vivado/2022.2/data/xhub/boards/XilinxBoardStore/boards/Xilinx/vcu110/1.4/board.xml as part xcvu190-flgc2104-2-e specified in board_part file is either invalid or not available
WARNING: [Board 49-26] cannot add Board Part xilinx.com:vcu118:part0:2.0 available at B:/Vivado/Vivado/2022.2/data/xhub/boards/XilinxBoardStore/boards/Xilinx/vcu118/2.0/board.xml as part xcvu9p-flga2104-2l-e specified in board_part file is either invalid or not available
WARNING: [Board 49-26] cannot add Board Part xilinx.com:vcu118:part0:2.3 available at B:/Vivado/Vivado/2022.2/data/xhub/boards/XilinxBoardStore/boards/Xilinx/vcu118/2.3/board.xml as part xcvu9p-flga2104-2l-e specified in board_part file is either invalid or not available
WARNING: [Board 49-26] cannot add Board Part xilinx.com:vcu118:part0:2.4 available at B:/Vivado/Vivado/2022.2/data/xhub/boards/XilinxBoardStore/boards/Xilinx/vcu118/2.4/board.xml as part xcvu9p-flga2104-2l-e specified in board_part file is either invalid or not available
WARNING: [Board 49-26] cannot add Board Part xilinx.com:vcu128:part0:1.0 available at B:/Vivado/Vivado/2022.2/data/xhub/boards/XilinxBoardStore/boards/Xilinx/vcu128/production/1.0/board.xml as part xcvu37p-fsvh2892-2l-e specified in board_part file is either invalid or not available
WARNING: [Board 49-26] cannot add Board Part xilinx.com:vcu129:part0:1.0 available at B:/Vivado/Vivado/2022.2/data/xhub/boards/XilinxBoardStore/boards/Xilinx/vcu129/production/1.0/board.xml as part xcvu29p-fsga2577-2l-e specified in board_part file is either invalid or not available
WARNING: [Board 49-26] cannot add Board Part xilinx.com:vcu1525:part0:1.3 available at B:/Vivado/Vivado/2022.2/data/xhub/boards/XilinxBoardStore/boards/Xilinx/vcu1525/1.3/board.xml as part xcvu9p-fsgd2104-2l-e specified in board_part file is either invalid or not available
WARNING: [Board 49-26] cannot add Board Part xilinx.com:vek280_es:part0:1.0 available at B:/Vivado/Vivado/2022.2/data/xhub/boards/XilinxBoardStore/boards/Xilinx/vek280/es/1.0/board.xml as part xcve2802-vsvh1760-2lp-e-s-es1 specified in board_part file is either invalid or not available
WARNING: [Board 49-26] cannot add Board Part xilinx.com:vermeo_t1_mpsoc:part0:1.0 available at B:/Vivado/Vivado/2022.2/data/xhub/boards/XilinxBoardStore/boards/Xilinx/vermeo_t1_mpsoc/1.0/board.xml as part xczu19eg-ffvd1760-2l-e specified in board_part file is either invalid or not available
WARNING: [Board 49-26] cannot add Board Part xilinx.com:vermeo_t1_rfsoc:part0:1.0 available at B:/Vivado/Vivado/2022.2/data/xhub/boards/XilinxBoardStore/boards/Xilinx/vermeo_t1_rfsoc/1.0/board.xml as part xczu21dr-ffvd1156-2l-e specified in board_part file is either invalid or not available
WARNING: [Board 49-26] cannot add Board Part xilinx.com:vhk158_es:part0:1.0 available at B:/Vivado/Vivado/2022.2/data/xhub/boards/XilinxBoardStore/boards/Xilinx/vhk158/es/1.0/board.xml as part xcvh1582-vsva3697-2mp-e-s-es1 specified in board_part file is either invalid or not available
WARNING: [Board 49-26] cannot add Board Part xilinx.com:vmk180:part0:2.2 available at B:/Vivado/Vivado/2022.2/data/xhub/boards/XilinxBoardStore/boards/Xilinx/vmk180/production/2.2/board.xml as part xcvm1802-vsva2197-2mp-e-s specified in board_part file is either invalid or not available
WARNING: [Board 49-26] cannot add Board Part xilinx.com:vmk180:part0:3.0 available at B:/Vivado/Vivado/2022.2/data/xhub/boards/XilinxBoardStore/boards/Xilinx/vmk180/production/3.0/board.xml as part xcvm1802-vsva2197-2mp-e-s specified in board_part file is either invalid or not available
WARNING: [Board 49-26] cannot add Board Part xilinx.com:vmk180:part0:3.1 available at B:/Vivado/Vivado/2022.2/data/xhub/boards/XilinxBoardStore/boards/Xilinx/vmk180/production/3.1/board.xml as part xcvm1802-vsva2197-2mp-e-s specified in board_part file is either invalid or not available
WARNING: [Board 49-26] cannot add Board Part xilinx.com:vmk180_newl:part0:1.0 available at B:/Vivado/Vivado/2022.2/data/xhub/boards/XilinxBoardStore/boards/Xilinx/vmk180_newl/production/1.0/board.xml as part xcvm1802-vsva2197-2mp-e-s specified in board_part file is either invalid or not available
WARNING: [Board 49-26] cannot add Board Part xilinx.com:vpk120:part0:1.0 available at B:/Vivado/Vivado/2022.2/data/xhub/boards/XilinxBoardStore/boards/Xilinx/vpk120/production/1.0/board.xml as part xcvp1202-vsva2785-2mp-e-s specified in board_part file is either invalid or not available
WARNING: [Board 49-26] cannot add Board Part xilinx.com:vpk120_es:part0:1.2 available at B:/Vivado/Vivado/2022.2/data/xhub/boards/XilinxBoardStore/boards/Xilinx/vpk120/es/1.2/board.xml as part xcvp1202-vsva2785-2mp-e-s-es1 specified in board_part file is either invalid or not available
WARNING: [Board 49-26] cannot add Board Part xilinx.com:vpk120_es_revb:part0:1.0 available at B:/Vivado/Vivado/2022.2/data/xhub/boards/XilinxBoardStore/boards/Xilinx/vpk120_revb/es/1.0/board.xml as part xcvp1202-vsva2785-2mp-e-s-es1 specified in board_part file is either invalid or not available
WARNING: [Board 49-26] cannot add Board Part xilinx.com:vpk180_es:part0:1.0 available at B:/Vivado/Vivado/2022.2/data/xhub/boards/XilinxBoardStore/boards/Xilinx/vpk180/es/1.0/board.xml as part xcvp1802-lsvc4072-2mp-e-s-es1 specified in board_part file is either invalid or not available
WARNING: [Board 49-26] cannot add Board Part xilinx.com:zc706:part0:1.4 available at B:/Vivado/Vivado/2022.2/data/xhub/boards/XilinxBoardStore/boards/Xilinx/zc706/1.4/board.xml as part xc7z045ffg900-2 specified in board_part file is either invalid or not available
WARNING: [Board 49-26] cannot add Board Part xilinx.com:zcu102:part0:3.3 available at B:/Vivado/Vivado/2022.2/data/xhub/boards/XilinxBoardStore/boards/Xilinx/zcu102/3.3/board.xml as part xczu9eg-ffvb1156-2-e specified in board_part file is either invalid or not available
WARNING: [Board 49-26] cannot add Board Part xilinx.com:zcu102:part0:3.4 available at B:/Vivado/Vivado/2022.2/data/xhub/boards/XilinxBoardStore/boards/Xilinx/zcu102/3.4/board.xml as part xczu9eg-ffvb1156-2-e specified in board_part file is either invalid or not available
WARNING: [Board 49-26] cannot add Board Part xilinx.com:zcu111:part0:1.2 available at B:/Vivado/Vivado/2022.2/data/xhub/boards/XilinxBoardStore/boards/Xilinx/zcu111/1.2/board.xml as part xczu28dr-ffvg1517-2-e specified in board_part file is either invalid or not available
WARNING: [Board 49-26] cannot add Board Part xilinx.com:zcu111:part0:1.3 available at B:/Vivado/Vivado/2022.2/data/xhub/boards/XilinxBoardStore/boards/Xilinx/zcu111/1.3/board.xml as part xczu28dr-ffvg1517-2-e specified in board_part file is either invalid or not available
WARNING: [Board 49-26] cannot add Board Part xilinx.com:zcu111:part0:1.4 available at B:/Vivado/Vivado/2022.2/data/xhub/boards/XilinxBoardStore/boards/Xilinx/zcu111/1.4/board.xml as part xczu28dr-ffvg1517-2-e specified in board_part file is either invalid or not available
WARNING: [Board 49-26] cannot add Board Part xilinx.com:zcu1275:part0:1.0 available at B:/Vivado/Vivado/2022.2/data/xhub/boards/XilinxBoardStore/boards/Xilinx/zcu1275/1.0/board.xml as part xczu29dr-ffvf1760-2-e specified in board_part file is either invalid or not available
WARNING: [Board 49-26] cannot add Board Part xilinx.com:zcu1285:part0:1.0 available at B:/Vivado/Vivado/2022.2/data/xhub/boards/XilinxBoardStore/boards/Xilinx/zcu1285/1.0/board.xml as part xczu39dr-ffvf1760-2-i specified in board_part file is either invalid or not available
WARNING: [Board 49-26] cannot add Board Part xilinx.com:zcu208:part0:2.0 available at B:/Vivado/Vivado/2022.2/data/xhub/boards/XilinxBoardStore/boards/Xilinx/zcu208/production/2.0/board.xml as part xczu48dr-fsvg1517-2-e specified in board_part file is either invalid or not available
WARNING: [Board 49-26] cannot add Board Part xilinx.com:zcu208ld:part0:2.0 available at B:/Vivado/Vivado/2022.2/data/xhub/boards/XilinxBoardStore/boards/Xilinx/zcu208ld/production/2.0/board.xml as part xczu58dr-fsvg1517-2-i specified in board_part file is either invalid or not available
WARNING: [Board 49-26] cannot add Board Part xilinx.com:zcu216:part0:2.0 available at B:/Vivado/Vivado/2022.2/data/xhub/boards/XilinxBoardStore/boards/Xilinx/zcu216/production/2.0/board.xml as part xczu49dr-ffvf1760-2-e specified in board_part file is either invalid or not available
WARNING: [Board 49-26] cannot add Board Part xilinx.com:zcu216ld:part0:2.0 available at B:/Vivado/Vivado/2022.2/data/xhub/boards/XilinxBoardStore/boards/Xilinx/zcu216ld/production/2.0/board.xml as part xczu59dr-ffvf1760-2-i specified in board_part file is either invalid or not available
WARNING: [Board 49-26] cannot add Board Part xilinx.com:zcu670:part0:2.0 available at B:/Vivado/Vivado/2022.2/data/xhub/boards/XilinxBoardStore/boards/Xilinx/zcu670/2.0/board.xml as part xczu67dr-fsve1156-2-i specified in board_part file is either invalid or not available
WARNING: [Board 49-26] cannot add Board Part xilinx.com:zcu670ld:part0:1.0 available at B:/Vivado/Vivado/2022.2/data/xhub/boards/XilinxBoardStore/boards/Xilinx/zcu670ld/1.0/board.xml as part xczu57dr-fsve1156-2-i specified in board_part file is either invalid or not available
Scanning sources...
Finished scanning sources
INFO: [IP_Flow 19-234] Refreshing IP repositories
INFO: [IP_Flow 19-1704] No user IP repositories specified
INFO: [IP_Flow 19-2313] Loaded Vivado IP repository 'B:/Vivado/Vivado/2022.2/data/ip'.
open_project: Time (s): cpu = 00:00:15 ; elapsed = 00:00:09 . Memory (MB): peak = 1084.426 ; gain = 264.129
update_module_reference Reaction_Timer_sevseg_mux_0_0
INFO: [IP_Flow 19-234] Refreshing IP repositories
INFO: [IP_Flow 19-1704] No user IP repositories specified
Reading block design file <B:/enel373/PersonalRXtimer/ReactionTimer/Reaction Timer.srcs/sources_1/bd/Reaction_Timer/Reaction_Timer.bd>...
Adding component instance block -- xilinx.com:module_ref:finite_state_machine:1.0 - finite_state_machine_0
Adding component instance block -- xilinx.com:module_ref:AnodeDecoder:1.0 - AnodeDecoder_0
Adding component instance block -- xilinx.com:module_ref:decade_counter:1.0 - decade_counter_0
Adding component instance block -- xilinx.com:module_ref:decade_counter:1.0 - decade_counter_1
Adding component instance block -- xilinx.com:module_ref:decade_counter:1.0 - decade_counter_2
Adding component instance block -- xilinx.com:module_ref:decade_counter:1.0 - decade_counter_3
Adding component instance block -- xilinx.com:module_ref:DisplaySelector:1.0 - DisplaySelector_0
Adding component instance block -- xilinx.com:module_ref:clock_divider:1.0 - clock_divider_0
Adding component instance block -- xilinx.com:module_ref:bcd_to_7seg:1.0 - bcd_to_7seg_1
Adding component instance block -- xilinx.com:module_ref:clock_divider:1.0 - clock_divider_1
Adding component instance block -- xilinx.com:module_ref:sevseg_mux:1.0 - sevseg_mux_0
Adding component instance block -- xilinx.com:ip:xlconstant:1.1 - xlconstant_0
Adding component instance block -- xilinx.com:ip:xlconstant:1.1 - xlconstant_1
Adding component instance block -- xilinx.com:module_ref:bcd_to_7seg:1.0 - bcd_to_7seg_1_upgraded_ipi
WARNING: [BD 41-1753] The name 'bcd_to_7seg_1_upgraded_ipi' you have specified is long. The Windows OS has path length limitations. It is recommended you use shorter names(less than 25 characters) to reduce the likelihood of issues when/if running on windows OS.
Successfully read diagram <Reaction_Timer> from block design file <B:/enel373/PersonalRXtimer/ReactionTimer/Reaction Timer.srcs/sources_1/bd/Reaction_Timer/Reaction_Timer.bd>
INFO: [BD 41-433] 
Design successfully migrated to use XCI files...
Upgrading 'B:/enel373/PersonalRXtimer/ReactionTimer/Reaction Timer.srcs/sources_1/bd/Reaction_Timer/Reaction_Timer.bd'
INFO: [IP_Flow 19-3420] Updated Reaction_Timer_sevseg_mux_0_0 to use current project options
WARNING: [IP_Flow 19-4700] Upgrade has removed port 'DP'
WARNING: [IP_Flow 19-4698] Upgrade has added port 'DCP'
WARNING: [IP_Flow 19-3298] Detected external port differences while upgrading 'Reaction_Timer_sevseg_mux_0_0'. These changes may impact your design.
CRITICAL WARNING: [BD 41-1167] The pin 'DP' is not found on the upgraded version of the cell '/sevseg_mux_0'. Its connection to the net 'sevseg_mux_0_DP' has been removed.
CRITICAL WARNING: [Coretcl 2-1280] The upgrade of 'Reaction_Timer_sevseg_mux_0_0' has identified issues that may require user intervention. Please verify that the instance is correctly configured, and review any upgrade messages.
WARNING: [BD 41-597] NET <sevseg_mux_0_DP> has no source
Wrote  : <B:\enel373\PersonalRXtimer\ReactionTimer\Reaction Timer.srcs\sources_1\bd\Reaction_Timer\Reaction_Timer.bd> 
Wrote  : <B:/enel373/PersonalRXtimer/ReactionTimer/Reaction Timer.srcs/sources_1/bd/Reaction_Timer/ui/bd_b87f378f.ui> 
upgrade_ip: Time (s): cpu = 00:00:06 ; elapsed = 00:00:07 . Memory (MB): peak = 1163.527 ; gain = 62.516
update_module_reference: Time (s): cpu = 00:00:06 ; elapsed = 00:00:08 . Memory (MB): peak = 1163.527 ; gain = 62.516
update_compile_order -fileset sources_1
set_property location {4 1125 -518} [get_bd_cells clock_divider_1]
delete_bd_objs [get_bd_nets sevseg_mux_0_BCD] [get_bd_cells bcd_to_7seg_1_upgraded_ipi]
set_property location {4 1163 44} [get_bd_cells bcd_to_7seg_1]
connect_bd_net [get_bd_pins sevseg_mux_0/BCD] [get_bd_pins bcd_to_7seg_1/bcd]
set_property location {4 1108 -293} [get_bd_cells clock_divider_1]
connect_bd_net [get_bd_pins sevseg_mux_0/DCP] [get_bd_pins bcd_to_7seg_1/dcp]
create_bd_port -dir O CA
create_bd_port -dir I CB
set_property location {1345 32} [get_bd_ports CB]
delete_bd_objs [get_bd_ports CB]
create_bd_port -dir O CB
create_bd_port -dir O CC
set_property location {1331 -9} [get_bd_ports CB]
startgroup
connect_bd_net [get_bd_ports CA] [get_bd_pins bcd_to_7seg_1/CA]
connect_bd_net [get_bd_ports CB] [get_bd_pins bcd_to_7seg_1/CA]
endgroup
undo
INFO: [Common 17-17] undo 'endgroup'
INFO: [Common 17-17] undo 'connect_bd_net [get_bd_ports CB] [get_bd_pins bcd_to_7seg_1/CA]'
INFO: [Common 17-17] undo 'connect_bd_net [get_bd_ports CA] [get_bd_pins bcd_to_7seg_1/CA]'
INFO: [Common 17-17] undo 'startgroup'
connect_bd_net [get_bd_ports CB] [get_bd_pins bcd_to_7seg_1/CB]
set_property location {1331 -28} [get_bd_ports CA]
connect_bd_net [get_bd_ports CA] [get_bd_pins bcd_to_7seg_1/CA]
set_property location {1336 10} [get_bd_ports CC]
connect_bd_net [get_bd_ports CC] [get_bd_pins bcd_to_7seg_1/CC]
create_bd_port -dir O CD
connect_bd_net [get_bd_ports CD] [get_bd_pins bcd_to_7seg_1/CD]
create_bd_port -dir O CE
connect_bd_net [get_bd_ports CE] [get_bd_pins bcd_to_7seg_1/CE]
create_bd_port -dir O CF
connect_bd_net [get_bd_ports CF] [get_bd_pins bcd_to_7seg_1/CF]
create_bd_port -dir O CG
connect_bd_net [get_bd_ports CG] [get_bd_pins bcd_to_7seg_1/CG]
create_bd_port -dir O DP
connect_bd_net [get_bd_ports DP] [get_bd_pins bcd_to_7seg_1/DP]
save_bd_design
WARNING: [BD 41-597] NET <sevseg_mux_0_DP> has no source
Wrote  : <B:\enel373\PersonalRXtimer\ReactionTimer\Reaction Timer.srcs\sources_1\bd\Reaction_Timer\Reaction_Timer.bd> 
Wrote  : <B:/enel373/PersonalRXtimer/ReactionTimer/Reaction Timer.srcs/sources_1/bd/Reaction_Timer/ui/bd_b87f378f.ui> 
make_wrapper -files [get_files {{B:/enel373/PersonalRXtimer/ReactionTimer/Reaction Timer.srcs/sources_1/bd/Reaction_Timer/Reaction_Timer.bd}}] -top
WARNING: [BD 41-597] NET <sevseg_mux_0_DP> has no source
Wrote  : <B:\enel373\PersonalRXtimer\ReactionTimer\Reaction Timer.srcs\sources_1\bd\Reaction_Timer\Reaction_Timer.bd> 
WARNING: [BD 41-166] Source port for the net:sevseg_mux_0_DP is NULL! Connection will be grounded!
VHDL Output written to : b:/enel373/PersonalRXtimer/ReactionTimer/Reaction Timer.gen/sources_1/bd/Reaction_Timer/synth/Reaction_Timer.vhd
WARNING: [BD 41-166] Source port for the net:sevseg_mux_0_DP is NULL! Connection will be grounded!
VHDL Output written to : b:/enel373/PersonalRXtimer/ReactionTimer/Reaction Timer.gen/sources_1/bd/Reaction_Timer/sim/Reaction_Timer.vhd
VHDL Output written to : b:/enel373/PersonalRXtimer/ReactionTimer/Reaction Timer.gen/sources_1/bd/Reaction_Timer/hdl/Reaction_Timer_wrapper.vhd
expected number but got ""
ERROR: [IP_Flow 19-3317] Tcl Error found in 'validate_PARAM_VALUE.CONST_VAL' method. expected number but got ""
expected number but got ""
ERROR: [IP_Flow 19-3317] Tcl Error found in 'validate_PARAM_VALUE.CONST_VAL' method. expected number but got ""
startgroup
set_property CONFIG.CONST_VAL {16960} [get_bd_cells xlconstant_1]
endgroup
startgroup
endgroup
startgroup
set_property CONFIG.CONST_VAL {16960} [get_bd_cells xlconstant_0]
endgroup
save_bd_design
WARNING: [BD 41-597] NET <sevseg_mux_0_DP> has no source
Wrote  : <B:\enel373\PersonalRXtimer\ReactionTimer\Reaction Timer.srcs\sources_1\bd\Reaction_Timer\Reaction_Timer.bd> 
Wrote  : <B:/enel373/PersonalRXtimer/ReactionTimer/Reaction Timer.srcs/sources_1/bd/Reaction_Timer/ui/bd_b87f378f.ui> 
launch_runs impl_1 -to_step write_bitstream -jobs 6
WARNING: [BD 41-597] NET <sevseg_mux_0_DP> has no source
Wrote  : <B:\enel373\PersonalRXtimer\ReactionTimer\Reaction Timer.srcs\sources_1\bd\Reaction_Timer\Reaction_Timer.bd> 
WARNING: [BD 41-166] Source port for the net:sevseg_mux_0_DP is NULL! Connection will be grounded!
VHDL Output written to : b:/enel373/PersonalRXtimer/ReactionTimer/Reaction Timer.gen/sources_1/bd/Reaction_Timer/synth/Reaction_Timer.vhd
WARNING: [BD 41-166] Source port for the net:sevseg_mux_0_DP is NULL! Connection will be grounded!
VHDL Output written to : b:/enel373/PersonalRXtimer/ReactionTimer/Reaction Timer.gen/sources_1/bd/Reaction_Timer/sim/Reaction_Timer.vhd
VHDL Output written to : b:/enel373/PersonalRXtimer/ReactionTimer/Reaction Timer.gen/sources_1/bd/Reaction_Timer/hdl/Reaction_Timer_wrapper.vhd
INFO: [BD 41-1029] Generation completed for the IP Integrator block finite_state_machine_0 .
INFO: [BD 41-1029] Generation completed for the IP Integrator block AnodeDecoder_0 .
INFO: [BD 41-1029] Generation completed for the IP Integrator block decade_counter_0 .
INFO: [BD 41-1029] Generation completed for the IP Integrator block decade_counter_1 .
INFO: [BD 41-1029] Generation completed for the IP Integrator block decade_counter_2 .
INFO: [BD 41-1029] Generation completed for the IP Integrator block decade_counter_3 .
INFO: [BD 41-1029] Generation completed for the IP Integrator block DisplaySelector_0 .
INFO: [BD 41-1029] Generation completed for the IP Integrator block clock_divider_0 .
INFO: [BD 41-1029] Generation completed for the IP Integrator block bcd_to_7seg_1 .
INFO: [BD 41-1029] Generation completed for the IP Integrator block clock_divider_1 .
INFO: [BD 41-1029] Generation completed for the IP Integrator block sevseg_mux_0 .
INFO: [BD 41-1029] Generation completed for the IP Integrator block xlconstant_0 .
INFO: [BD 41-1029] Generation completed for the IP Integrator block xlconstant_1 .
Exporting to file b:/enel373/PersonalRXtimer/ReactionTimer/Reaction Timer.gen/sources_1/bd/Reaction_Timer/hw_handoff/Reaction_Timer.hwh
Generated Hardware Definition File b:/enel373/PersonalRXtimer/ReactionTimer/Reaction Timer.gen/sources_1/bd/Reaction_Timer/synth/Reaction_Timer.hwdef
INFO: [IP_Flow 19-6930] IPCACHE: runCacheChecks() number of threads = 8
INFO: [IP_Flow 19-6921] IPCACHE: Adding cache check func to thread queue for IP Reaction_Timer_AnodeDecoder_0_0
INFO: [IP_Flow 19-6921] IPCACHE: Adding cache check func to thread queue for IP Reaction_Timer_DisplaySelector_0_0
INFO: [IP_Flow 19-6921] IPCACHE: Adding cache check func to thread queue for IP Reaction_Timer_bcd_to_7seg_1_0
INFO: [IP_Flow 19-6921] IPCACHE: Adding cache check func to thread queue for IP Reaction_Timer_clock_divider_0_0
INFO: [IP_Flow 19-6921] IPCACHE: Adding cache check func to thread queue for IP Reaction_Timer_clock_divider_1_0
INFO: [IP_Flow 19-6921] IPCACHE: Adding cache check func to thread queue for IP Reaction_Timer_decade_counter_0_0
INFO: [IP_Flow 19-6921] IPCACHE: Adding cache check func to thread queue for IP Reaction_Timer_decade_counter_1_0
INFO: [IP_Flow 19-6921] IPCACHE: Adding cache check func to thread queue for IP Reaction_Timer_decade_counter_2_0
INFO: [IP_Flow 19-6921] IPCACHE: Adding cache check func to thread queue for IP Reaction_Timer_decade_counter_3_0
INFO: [IP_Flow 19-6921] IPCACHE: Adding cache check func to thread queue for IP Reaction_Timer_finite_state_machine_0_0
INFO: [IP_Flow 19-6921] IPCACHE: Adding cache check func to thread queue for IP Reaction_Timer_sevseg_mux_0_0
INFO: [IP_Flow 19-8020] IPCACHE: runCacheChecks() calling threadPool finishWork()
INFO: [IP_Flow 19-6924] IPCACHE: Running cache check for IP inst: Reaction_Timer_AnodeDecoder_0_0
INFO: [IP_Flow 19-6924] IPCACHE: Running cache check for IP inst: Reaction_Timer_DisplaySelector_0_0
INFO: [IP_Flow 19-6924] IPCACHE: Running cache check for IP inst: Reaction_Timer_sevseg_mux_0_0
INFO: [IP_Flow 19-6924] IPCACHE: Running cache check for IP inst: Reaction_Timer_bcd_to_7seg_1_0
INFO: [IP_Flow 19-6924] IPCACHE: Running cache check for IP inst: Reaction_Timer_clock_divider_0_0
INFO: [IP_Flow 19-6924] IPCACHE: Running cache check for IP inst: Reaction_Timer_clock_divider_1_0
INFO: [IP_Flow 19-6924] IPCACHE: Running cache check for IP inst: Reaction_Timer_decade_counter_0_0
INFO: [IP_Flow 19-6924] IPCACHE: Running cache check for IP inst: Reaction_Timer_decade_counter_1_0
INFO: [IP_Flow 19-6924] IPCACHE: Running cache check for IP inst: Reaction_Timer_decade_counter_2_0
INFO: [IP_Flow 19-6924] IPCACHE: Running cache check for IP inst: Reaction_Timer_decade_counter_3_0
INFO: [IP_Flow 19-6924] IPCACHE: Running cache check for IP inst: Reaction_Timer_finite_state_machine_0_0
[Thu May  8 00:13:48 2025] Launched Reaction_Timer_clock_divider_0_0_synth_1, Reaction_Timer_AnodeDecoder_0_0_synth_1, Reaction_Timer_decade_counter_3_0_synth_1, Reaction_Timer_decade_counter_1_0_synth_1, Reaction_Timer_decade_counter_0_0_synth_1, Reaction_Timer_bcd_to_7seg_1_0_synth_1, Reaction_Timer_DisplaySelector_0_0_synth_1, Reaction_Timer_finite_state_machine_0_0_synth_1, Reaction_Timer_sevseg_mux_0_0_synth_1, Reaction_Timer_decade_counter_2_0_synth_1, Reaction_Timer_clock_divider_1_0_synth_1, synth_1...
Run output will be captured here:
Reaction_Timer_clock_divider_0_0_synth_1: B:/enel373/PersonalRXtimer/ReactionTimer/Reaction Timer.runs/Reaction_Timer_clock_divider_0_0_synth_1/runme.log
Reaction_Timer_AnodeDecoder_0_0_synth_1: B:/enel373/PersonalRXtimer/ReactionTimer/Reaction Timer.runs/Reaction_Timer_AnodeDecoder_0_0_synth_1/runme.log
Reaction_Timer_decade_counter_3_0_synth_1: B:/enel373/PersonalRXtimer/ReactionTimer/Reaction Timer.runs/Reaction_Timer_decade_counter_3_0_synth_1/runme.log
Reaction_Timer_decade_counter_1_0_synth_1: B:/enel373/PersonalRXtimer/ReactionTimer/Reaction Timer.runs/Reaction_Timer_decade_counter_1_0_synth_1/runme.log
Reaction_Timer_decade_counter_0_0_synth_1: B:/enel373/PersonalRXtimer/ReactionTimer/Reaction Timer.runs/Reaction_Timer_decade_counter_0_0_synth_1/runme.log
Reaction_Timer_bcd_to_7seg_1_0_synth_1: B:/enel373/PersonalRXtimer/ReactionTimer/Reaction Timer.runs/Reaction_Timer_bcd_to_7seg_1_0_synth_1/runme.log
Reaction_Timer_DisplaySelector_0_0_synth_1: B:/enel373/PersonalRXtimer/ReactionTimer/Reaction Timer.runs/Reaction_Timer_DisplaySelector_0_0_synth_1/runme.log
Reaction_Timer_finite_state_machine_0_0_synth_1: B:/enel373/PersonalRXtimer/ReactionTimer/Reaction Timer.runs/Reaction_Timer_finite_state_machine_0_0_synth_1/runme.log
Reaction_Timer_sevseg_mux_0_0_synth_1: B:/enel373/PersonalRXtimer/ReactionTimer/Reaction Timer.runs/Reaction_Timer_sevseg_mux_0_0_synth_1/runme.log
Reaction_Timer_decade_counter_2_0_synth_1: B:/enel373/PersonalRXtimer/ReactionTimer/Reaction Timer.runs/Reaction_Timer_decade_counter_2_0_synth_1/runme.log
Reaction_Timer_clock_divider_1_0_synth_1: B:/enel373/PersonalRXtimer/ReactionTimer/Reaction Timer.runs/Reaction_Timer_clock_divider_1_0_synth_1/runme.log
synth_1: B:/enel373/PersonalRXtimer/ReactionTimer/Reaction Timer.runs/synth_1/runme.log
[Thu May  8 00:13:48 2025] Launched impl_1...
Run output will be captured here: B:/enel373/PersonalRXtimer/ReactionTimer/Reaction Timer.runs/impl_1/runme.log
launch_runs: Time (s): cpu = 00:00:06 ; elapsed = 00:00:22 . Memory (MB): peak = 1445.172 ; gain = 0.000
reset_run synth_1
INFO: [Project 1-1160] Copying file B:/enel373/PersonalRXtimer/ReactionTimer/Reaction Timer.runs/synth_1/Reaction_Timer_wrapper.dcp to B:/enel373/PersonalRXtimer/ReactionTimer/Reaction Timer.srcs/utils_1/imports/synth_1 and adding it to utils fileset
launch_runs impl_1 -to_step write_bitstream -jobs 6
[Thu May  8 00:19:40 2025] Launched synth_1...
Run output will be captured here: B:/enel373/PersonalRXtimer/ReactionTimer/Reaction Timer.runs/synth_1/runme.log
[Thu May  8 00:19:40 2025] Launched impl_1...
Run output will be captured here: B:/enel373/PersonalRXtimer/ReactionTimer/Reaction Timer.runs/impl_1/runme.log
open_hw_manager
connect_hw_server -allow_non_jtag
INFO: [Labtools 27-2285] Connecting to hw_server url TCP:localhost:3121
INFO: [Labtools 27-2222] Launching hw_server...
INFO: [Labtools 27-2221] Launch Output:

****** Xilinx hw_server v2022.2
  **** Build date : Oct 14 2022 at 05:18:10
    ** Copyright 1986-2022 Xilinx, Inc. All Rights Reserved.


INFO: [Labtools 27-3415] Connecting to cs_server url TCP:localhost:0
INFO: [Labtools 27-3417] Launching cs_server...
INFO: [Labtools 27-2221] Launch Output:


******** Xilinx cs_server v2022.2.0
  ****** Build date   : Oct 05 2022-12:25:37
    **** Build number : 2022.2.1664925937
      ** Copyright 2017-2025 Xilinx, Inc. All Rights Reserved.



ERROR: [Labtools 27-3733] Error during cs_server initialization: Failed to connect cs_server at TCP:localhost:55544 to hw_server at TCP:localhost:3121.
connect_hw_server: Time (s): cpu = 00:00:01 ; elapsed = 00:00:06 . Memory (MB): peak = 1510.961 ; gain = 12.137
ERROR: [Common 17-39] 'connect_hw_server' failed due to earlier errors.
connect_hw_server -allow_non_jtag
INFO: [Labtools 27-2285] Connecting to hw_server url TCP:localhost:3121
INFO: [Labtools 27-3415] Connecting to cs_server url TCP:localhost:0
INFO: [Labtools 27-3417] Launching cs_server...
INFO: [Labtools 27-2221] Launch Output:


******** Xilinx cs_server v2022.2.0
  ****** Build date   : Oct 05 2022-12:25:37
    **** Build number : 2022.2.1664925937
      ** Copyright 2017-2025 Xilinx, Inc. All Rights Reserved.



ERROR: [Labtools 27-3733] Error during cs_server initialization: Failed to connect cs_server at TCP:localhost:55554 to hw_server at TCP:localhost:3121.
ERROR: [Common 17-39] 'connect_hw_server' failed due to earlier errors.
close_hw_manager
set_property location {2 285 -467} [get_bd_cells decade_counter_3]
set_property location {2 267 253} [get_bd_cells decade_counter_0]
set_property location {2 267 99} [get_bd_cells decade_counter_1]
set_property location {2 271 -32} [get_bd_cells decade_counter_2]
set_property location {2 273 -153} [get_bd_cells decade_counter_3]
update_module_reference Reaction_Timer_finite_state_machine_0_0
INFO: [IP_Flow 19-5107] Inferred bus interface 'counter_rst' of definition 'xilinx.com:signal:reset:1.0' (from Xilinx Repository).
INFO: [IP_Flow 19-5107] Inferred bus interface 'rst' of definition 'xilinx.com:signal:reset:1.0' (from Xilinx Repository).
INFO: [IP_Flow 19-5107] Inferred bus interface 'clk' of definition 'xilinx.com:signal:clock:1.0' (from Xilinx Repository).
INFO: [IP_Flow 19-4728] Bus Interface 'clk': Added interface parameter 'ASSOCIATED_RESET' with value 'rst'.
WARNING: [IP_Flow 19-5661] Bus Interface 'clk' does not have any bus interfaces associated with it.
INFO: [IP_Flow 19-234] Refreshing IP repositories
INFO: [IP_Flow 19-1704] No user IP repositories specified
Upgrading 'B:/enel373/PersonalRXtimer/ReactionTimer/Reaction Timer.srcs/sources_1/bd/Reaction_Timer/Reaction_Timer.bd'
INFO: [IP_Flow 19-3420] Updated Reaction_Timer_finite_state_machine_0_0 to use current project options
WARNING: [IP_Flow 19-4698] Upgrade has added port 'BTND'
WARNING: [IP_Flow 19-4698] Upgrade has added port 'BTNL'
WARNING: [IP_Flow 19-4698] Upgrade has added port 'BTNR'
WARNING: [IP_Flow 19-4698] Upgrade has added port 'BTNU'
WARNING: [IP_Flow 19-4698] Upgrade has added port 'COUNT_5'
WARNING: [IP_Flow 19-4698] Upgrade has added port 'COUNT_6'
WARNING: [IP_Flow 19-4698] Upgrade has added port 'COUNT_7'
WARNING: [IP_Flow 19-4698] Upgrade has added port 'COUNT_8'
WARNING: [IP_Flow 19-3298] Detected external port differences while upgrading 'Reaction_Timer_finite_state_machine_0_0'. These changes may impact your design.
CRITICAL WARNING: [Coretcl 2-1280] The upgrade of 'Reaction_Timer_finite_state_machine_0_0' has identified issues that may require user intervention. Please verify that the instance is correctly configured, and review any upgrade messages.
WARNING: [BD 41-597] NET <sevseg_mux_0_DP> has no source
Wrote  : <B:\enel373\PersonalRXtimer\ReactionTimer\Reaction Timer.srcs\sources_1\bd\Reaction_Timer\Reaction_Timer.bd> 
Wrote  : <B:/enel373/PersonalRXtimer/ReactionTimer/Reaction Timer.srcs/sources_1/bd/Reaction_Timer/ui/bd_b87f378f.ui> 
update_module_reference: Time (s): cpu = 00:00:02 ; elapsed = 00:00:26 . Memory (MB): peak = 1522.074 ; gain = 3.641
set_property location {1.5 40 -88} [get_bd_cells xlconstant_0]
set_property location {1 -101 -99} [get_bd_cells xlconstant_1]
create_bd_port -dir I BTNU
create_bd_port -dir I BTND
create_bd_port -dir I BTNR
create_bd_port -dir I BTNL
connect_bd_net [get_bd_ports BTNU] [get_bd_pins finite_state_machine_0/BTNU]
connect_bd_net [get_bd_ports BTND] [get_bd_pins finite_state_machine_0/BTND]
connect_bd_net [get_bd_ports BTNR] [get_bd_pins finite_state_machine_0/BTNR]
connect_bd_net [get_bd_ports BTNL] [get_bd_pins finite_state_machine_0/BTNL]
create_bd_cell -type module -reference decade_counter decade_counter_4
set_property location {4 652 -318} [get_bd_cells decade_counter_4]
create_bd_cell -type module -reference decade_counter decade_counter_5
set_property location {4 661 -478} [get_bd_cells decade_counter_5]
create_bd_cell -type module -reference decade_counter decade_counter_6
create_bd_cell -type module -reference decade_counter decade_counter_7
connect_bd_net [get_bd_pins decade_counter_4/EN] [get_bd_pins finite_state_machine_0/counter_en]
connect_bd_net [get_bd_pins decade_counter_5/EN] [get_bd_pins finite_state_machine_0/counter_en]
connect_bd_net [get_bd_pins decade_counter_6/EN] [get_bd_pins finite_state_machine_0/counter_en]
connect_bd_net [get_bd_pins decade_counter_7/EN] [get_bd_pins finite_state_machine_0/counter_en]
connect_bd_net [get_bd_pins decade_counter_4/RESET] [get_bd_pins finite_state_machine_0/counter_rst]
connect_bd_net [get_bd_pins decade_counter_5/RESET] [get_bd_pins finite_state_machine_0/counter_rst]
connect_bd_net [get_bd_pins decade_counter_6/RESET] [get_bd_pins finite_state_machine_0/counter_rst]
connect_bd_net [get_bd_pins decade_counter_7/RESET] [get_bd_pins finite_state_machine_0/counter_rst]
connect_bd_net [get_bd_pins decade_counter_4/TICK] [get_bd_pins finite_state_machine_0/COUNT_5]
delete_bd_objs [get_bd_nets decade_counter_4_TICK]
connect_bd_net [get_bd_pins decade_counter_4/COUNT] [get_bd_pins finite_state_machine_0/COUNT_5]
connect_bd_net [get_bd_pins decade_counter_5/COUNT] [get_bd_pins finite_state_machine_0/COUNT_6]
connect_bd_net [get_bd_pins decade_counter_6/COUNT] [get_bd_pins finite_state_machine_0/COUNT_7]
connect_bd_net [get_bd_pins decade_counter_7/COUNT] [get_bd_pins finite_state_machine_0/COUNT_8]
connect_bd_net [get_bd_pins decade_counter_3/TICK] [get_bd_pins decade_counter_4/INCREMENT]
connect_bd_net [get_bd_pins decade_counter_4/TICK] [get_bd_pins decade_counter_5/INCREMENT]
connect_bd_net [get_bd_pins decade_counter_5/TICK] [get_bd_pins decade_counter_6/INCREMENT]
connect_bd_net [get_bd_pins decade_counter_6/TICK] [get_bd_pins decade_counter_7/INCREMENT]
undo
INFO: [Common 17-17] undo 'connect_bd_net [get_bd_pins decade_counter_6/TICK] [get_bd_pins decade_counter_7/INCREMENT]'
undo
INFO: [Common 17-17] undo 'connect_bd_net [get_bd_pins decade_counter_5/TICK] [get_bd_pins decade_counter_6/INCREMENT]'
undo
INFO: [Common 17-17] undo 'connect_bd_net [get_bd_pins decade_counter_4/TICK] [get_bd_pins decade_counter_5/INCREMENT]'
undo
INFO: [Common 17-17] undo 'connect_bd_net [get_bd_pins decade_counter_3/TICK] [get_bd_pins decade_counter_4/INCREMENT]'
connect_bd_net [get_bd_pins decade_counter_3/TICK] [get_bd_pins decade_counter_4/INCREMENT]
connect_bd_net [get_bd_pins decade_counter_4/TICK] [get_bd_pins decade_counter_5/INCREMENT]
connect_bd_net [get_bd_pins decade_counter_5/TICK] [get_bd_pins decade_counter_6/INCREMENT]
connect_bd_net [get_bd_pins decade_counter_6/TICK] [get_bd_pins decade_counter_7/INCREMENT]
save_bd_design
WARNING: [BD 41-597] NET <sevseg_mux_0_DP> has no source
Wrote  : <B:\enel373\PersonalRXtimer\ReactionTimer\Reaction Timer.srcs\sources_1\bd\Reaction_Timer\Reaction_Timer.bd> 
Wrote  : <B:/enel373/PersonalRXtimer/ReactionTimer/Reaction Timer.srcs/sources_1/bd/Reaction_Timer/ui/bd_b87f378f.ui> 
update_module_reference Reaction_Timer_finite_state_machine_0_0
INFO: [IP_Flow 19-5107] Inferred bus interface 'counter_rst' of definition 'xilinx.com:signal:reset:1.0' (from Xilinx Repository).
INFO: [IP_Flow 19-5107] Inferred bus interface 'rst' of definition 'xilinx.com:signal:reset:1.0' (from Xilinx Repository).
INFO: [IP_Flow 19-5107] Inferred bus interface 'clk' of definition 'xilinx.com:signal:clock:1.0' (from Xilinx Repository).
INFO: [IP_Flow 19-4728] Bus Interface 'clk': Added interface parameter 'ASSOCIATED_RESET' with value 'rst'.
WARNING: [IP_Flow 19-5661] Bus Interface 'clk' does not have any bus interfaces associated with it.
INFO: [IP_Flow 19-234] Refreshing IP repositories
INFO: [IP_Flow 19-1704] No user IP repositories specified
Upgrading 'B:/enel373/PersonalRXtimer/ReactionTimer/Reaction Timer.srcs/sources_1/bd/Reaction_Timer/Reaction_Timer.bd'
INFO: [IP_Flow 19-3420] Updated Reaction_Timer_finite_state_machine_0_0 to use current project options
WARNING: [BD 41-597] NET <sevseg_mux_0_DP> has no source
Wrote  : <B:\enel373\PersonalRXtimer\ReactionTimer\Reaction Timer.srcs\sources_1\bd\Reaction_Timer\Reaction_Timer.bd> 
Wrote  : <B:/enel373/PersonalRXtimer/ReactionTimer/Reaction Timer.srcs/sources_1/bd/Reaction_Timer/ui/bd_b87f378f.ui> 
reset_run synth_1
INFO: [Project 1-1161] Replacing file B:/enel373/PersonalRXtimer/ReactionTimer/Reaction Timer.srcs/utils_1/imports/synth_1/Reaction_Timer_wrapper.dcp with file B:/enel373/PersonalRXtimer/ReactionTimer/Reaction Timer.runs/synth_1/Reaction_Timer_wrapper.dcp
launch_runs impl_1 -to_step write_bitstream -jobs 6
WARNING: [BD 41-597] NET <sevseg_mux_0_DP> has no source
Wrote  : <B:\enel373\PersonalRXtimer\ReactionTimer\Reaction Timer.srcs\sources_1\bd\Reaction_Timer\Reaction_Timer.bd> 
Wrote  : <B:/enel373/PersonalRXtimer/ReactionTimer/Reaction Timer.srcs/sources_1/bd/Reaction_Timer/ui/bd_b87f378f.ui> 
WARNING: [BD 41-166] Source port for the net:sevseg_mux_0_DP is NULL! Connection will be grounded!
VHDL Output written to : b:/enel373/PersonalRXtimer/ReactionTimer/Reaction Timer.gen/sources_1/bd/Reaction_Timer/synth/Reaction_Timer.vhd
WARNING: [BD 41-166] Source port for the net:sevseg_mux_0_DP is NULL! Connection will be grounded!
VHDL Output written to : b:/enel373/PersonalRXtimer/ReactionTimer/Reaction Timer.gen/sources_1/bd/Reaction_Timer/sim/Reaction_Timer.vhd
VHDL Output written to : b:/enel373/PersonalRXtimer/ReactionTimer/Reaction Timer.gen/sources_1/bd/Reaction_Timer/hdl/Reaction_Timer_wrapper.vhd
INFO: [BD 41-1029] Generation completed for the IP Integrator block finite_state_machine_0 .
INFO: [BD 41-1029] Generation completed for the IP Integrator block decade_counter_4 .
INFO: [BD 41-1029] Generation completed for the IP Integrator block decade_counter_5 .
INFO: [BD 41-1029] Generation completed for the IP Integrator block decade_counter_6 .
INFO: [BD 41-1029] Generation completed for the IP Integrator block decade_counter_7 .
Exporting to file b:/enel373/PersonalRXtimer/ReactionTimer/Reaction Timer.gen/sources_1/bd/Reaction_Timer/hw_handoff/Reaction_Timer.hwh
Generated Hardware Definition File b:/enel373/PersonalRXtimer/ReactionTimer/Reaction Timer.gen/sources_1/bd/Reaction_Timer/synth/Reaction_Timer.hwdef
INFO: [IP_Flow 19-6930] IPCACHE: runCacheChecks() number of threads = 8
INFO: [IP_Flow 19-6921] IPCACHE: Adding cache check func to thread queue for IP Reaction_Timer_decade_counter_4_0
INFO: [IP_Flow 19-6921] IPCACHE: Adding cache check func to thread queue for IP Reaction_Timer_decade_counter_5_0
INFO: [IP_Flow 19-6921] IPCACHE: Adding cache check func to thread queue for IP Reaction_Timer_decade_counter_6_0
INFO: [IP_Flow 19-6921] IPCACHE: Adding cache check func to thread queue for IP Reaction_Timer_decade_counter_7_0
INFO: [IP_Flow 19-6921] IPCACHE: Adding cache check func to thread queue for IP Reaction_Timer_finite_state_machine_0_0
INFO: [IP_Flow 19-8020] IPCACHE: runCacheChecks() calling threadPool finishWork()
INFO: [IP_Flow 19-6924] IPCACHE: Running cache check for IP inst: Reaction_Timer_decade_counter_4_0
INFO: [IP_Flow 19-6922] IPCACHE: Exporting cached entry 49364e73f046a876 to dir: b:/enel373/PersonalRXtimer/ReactionTimer/Reaction Timer.gen/sources_1/bd/Reaction_Timer/ip/Reaction_Timer_decade_counter_4_0
INFO: [IP_Flow 19-6928] IPCACHE: copied cached file b:/enel373/PersonalRXtimer/ReactionTimer/Reaction Timer.cache/ip/2022.2/4/9/49364e73f046a876/Reaction_Timer_decade_counter_0_0.dcp to b:/enel373/PersonalRXtimer/ReactionTimer/Reaction Timer.gen/sources_1/bd/Reaction_Timer/ip/Reaction_Timer_decade_counter_4_0/Reaction_Timer_decade_counter_4_0.dcp.
INFO: [IP_Flow 19-6926] IPCACHE: added file to list for BOM: b:/enel373/PersonalRXtimer/ReactionTimer/Reaction Timer.gen/sources_1/bd/Reaction_Timer/ip/Reaction_Timer_decade_counter_4_0/Reaction_Timer_decade_counter_4_0.dcp
INFO: [IP_Flow 19-6928] IPCACHE: copied cached file b:/enel373/PersonalRXtimer/ReactionTimer/Reaction Timer.cache/ip/2022.2/4/9/49364e73f046a876/Reaction_Timer_decade_counter_0_0_sim_netlist.v to b:/enel373/PersonalRXtimer/ReactionTimer/Reaction Timer.gen/sources_1/bd/Reaction_Timer/ip/Reaction_Timer_decade_counter_4_0/Reaction_Timer_decade_counter_4_0_sim_netlist.v.
INFO: [IP_Flow 19-6926] IPCACHE: added file to list for BOM: b:/enel373/PersonalRXtimer/ReactionTimer/Reaction Timer.gen/sources_1/bd/Reaction_Timer/ip/Reaction_Timer_decade_counter_4_0/Reaction_Timer_decade_counter_4_0_sim_netlist.v
INFO: [IP_Flow 19-6928] IPCACHE: copied cached file b:/enel373/PersonalRXtimer/ReactionTimer/Reaction Timer.cache/ip/2022.2/4/9/49364e73f046a876/Reaction_Timer_decade_counter_0_0_sim_netlist.vhdl to b:/enel373/PersonalRXtimer/ReactionTimer/Reaction Timer.gen/sources_1/bd/Reaction_Timer/ip/Reaction_Timer_decade_counter_4_0/Reaction_Timer_decade_counter_4_0_sim_netlist.vhdl.
INFO: [IP_Flow 19-6926] IPCACHE: added file to list for BOM: b:/enel373/PersonalRXtimer/ReactionTimer/Reaction Timer.gen/sources_1/bd/Reaction_Timer/ip/Reaction_Timer_decade_counter_4_0/Reaction_Timer_decade_counter_4_0_sim_netlist.vhdl
INFO: [IP_Flow 19-6928] IPCACHE: copied cached file b:/enel373/PersonalRXtimer/ReactionTimer/Reaction Timer.cache/ip/2022.2/4/9/49364e73f046a876/Reaction_Timer_decade_counter_0_0_stub.v to b:/enel373/PersonalRXtimer/ReactionTimer/Reaction Timer.gen/sources_1/bd/Reaction_Timer/ip/Reaction_Timer_decade_counter_4_0/Reaction_Timer_decade_counter_4_0_stub.v.
INFO: [IP_Flow 19-6926] IPCACHE: added file to list for BOM: b:/enel373/PersonalRXtimer/ReactionTimer/Reaction Timer.gen/sources_1/bd/Reaction_Timer/ip/Reaction_Timer_decade_counter_4_0/Reaction_Timer_decade_counter_4_0_stub.v
INFO: [IP_Flow 19-6928] IPCACHE: copied cached file b:/enel373/PersonalRXtimer/ReactionTimer/Reaction Timer.cache/ip/2022.2/4/9/49364e73f046a876/Reaction_Timer_decade_counter_0_0_stub.vhdl to b:/enel373/PersonalRXtimer/ReactionTimer/Reaction Timer.gen/sources_1/bd/Reaction_Timer/ip/Reaction_Timer_decade_counter_4_0/Reaction_Timer_decade_counter_4_0_stub.vhdl.
INFO: [IP_Flow 19-6926] IPCACHE: added file to list for BOM: b:/enel373/PersonalRXtimer/ReactionTimer/Reaction Timer.gen/sources_1/bd/Reaction_Timer/ip/Reaction_Timer_decade_counter_4_0/Reaction_Timer_decade_counter_4_0_stub.vhdl
INFO: [IP_Flow 19-4993] Using cached IP synthesis design for IP Reaction_Timer_decade_counter_4_0, cache-ID = 49364e73f046a876; cache size = 0.261 MB.
INFO: [IP_Flow 19-6924] IPCACHE: Running cache check for IP inst: Reaction_Timer_decade_counter_5_0
INFO: [IP_Flow 19-6922] IPCACHE: Exporting cached entry 49364e73f046a876 to dir: b:/enel373/PersonalRXtimer/ReactionTimer/Reaction Timer.gen/sources_1/bd/Reaction_Timer/ip/Reaction_Timer_decade_counter_5_0
INFO: [IP_Flow 19-6928] IPCACHE: copied cached file b:/enel373/PersonalRXtimer/ReactionTimer/Reaction Timer.cache/ip/2022.2/4/9/49364e73f046a876/Reaction_Timer_decade_counter_0_0.dcp to b:/enel373/PersonalRXtimer/ReactionTimer/Reaction Timer.gen/sources_1/bd/Reaction_Timer/ip/Reaction_Timer_decade_counter_5_0/Reaction_Timer_decade_counter_5_0.dcp.
INFO: [IP_Flow 19-6926] IPCACHE: added file to list for BOM: b:/enel373/PersonalRXtimer/ReactionTimer/Reaction Timer.gen/sources_1/bd/Reaction_Timer/ip/Reaction_Timer_decade_counter_5_0/Reaction_Timer_decade_counter_5_0.dcp
INFO: [IP_Flow 19-6928] IPCACHE: copied cached file b:/enel373/PersonalRXtimer/ReactionTimer/Reaction Timer.cache/ip/2022.2/4/9/49364e73f046a876/Reaction_Timer_decade_counter_0_0_sim_netlist.v to b:/enel373/PersonalRXtimer/ReactionTimer/Reaction Timer.gen/sources_1/bd/Reaction_Timer/ip/Reaction_Timer_decade_counter_5_0/Reaction_Timer_decade_counter_5_0_sim_netlist.v.
INFO: [IP_Flow 19-6926] IPCACHE: added file to list for BOM: b:/enel373/PersonalRXtimer/ReactionTimer/Reaction Timer.gen/sources_1/bd/Reaction_Timer/ip/Reaction_Timer_decade_counter_5_0/Reaction_Timer_decade_counter_5_0_sim_netlist.v
INFO: [IP_Flow 19-6928] IPCACHE: copied cached file b:/enel373/PersonalRXtimer/ReactionTimer/Reaction Timer.cache/ip/2022.2/4/9/49364e73f046a876/Reaction_Timer_decade_counter_0_0_sim_netlist.vhdl to b:/enel373/PersonalRXtimer/ReactionTimer/Reaction Timer.gen/sources_1/bd/Reaction_Timer/ip/Reaction_Timer_decade_counter_5_0/Reaction_Timer_decade_counter_5_0_sim_netlist.vhdl.
INFO: [IP_Flow 19-6926] IPCACHE: added file to list for BOM: b:/enel373/PersonalRXtimer/ReactionTimer/Reaction Timer.gen/sources_1/bd/Reaction_Timer/ip/Reaction_Timer_decade_counter_5_0/Reaction_Timer_decade_counter_5_0_sim_netlist.vhdl
INFO: [IP_Flow 19-6928] IPCACHE: copied cached file b:/enel373/PersonalRXtimer/ReactionTimer/Reaction Timer.cache/ip/2022.2/4/9/49364e73f046a876/Reaction_Timer_decade_counter_0_0_stub.v to b:/enel373/PersonalRXtimer/ReactionTimer/Reaction Timer.gen/sources_1/bd/Reaction_Timer/ip/Reaction_Timer_decade_counter_5_0/Reaction_Timer_decade_counter_5_0_stub.v.
INFO: [IP_Flow 19-6926] IPCACHE: added file to list for BOM: b:/enel373/PersonalRXtimer/ReactionTimer/Reaction Timer.gen/sources_1/bd/Reaction_Timer/ip/Reaction_Timer_decade_counter_5_0/Reaction_Timer_decade_counter_5_0_stub.v
INFO: [IP_Flow 19-6928] IPCACHE: copied cached file b:/enel373/PersonalRXtimer/ReactionTimer/Reaction Timer.cache/ip/2022.2/4/9/49364e73f046a876/Reaction_Timer_decade_counter_0_0_stub.vhdl to b:/enel373/PersonalRXtimer/ReactionTimer/Reaction Timer.gen/sources_1/bd/Reaction_Timer/ip/Reaction_Timer_decade_counter_5_0/Reaction_Timer_decade_counter_5_0_stub.vhdl.
INFO: [IP_Flow 19-6926] IPCACHE: added file to list for BOM: b:/enel373/PersonalRXtimer/ReactionTimer/Reaction Timer.gen/sources_1/bd/Reaction_Timer/ip/Reaction_Timer_decade_counter_5_0/Reaction_Timer_decade_counter_5_0_stub.vhdl
INFO: [IP_Flow 19-4993] Using cached IP synthesis design for IP Reaction_Timer_decade_counter_5_0, cache-ID = 49364e73f046a876; cache size = 0.261 MB.
INFO: [IP_Flow 19-6924] IPCACHE: Running cache check for IP inst: Reaction_Timer_decade_counter_6_0
INFO: [IP_Flow 19-6922] IPCACHE: Exporting cached entry 49364e73f046a876 to dir: b:/enel373/PersonalRXtimer/ReactionTimer/Reaction Timer.gen/sources_1/bd/Reaction_Timer/ip/Reaction_Timer_decade_counter_6_0
INFO: [IP_Flow 19-6928] IPCACHE: copied cached file b:/enel373/PersonalRXtimer/ReactionTimer/Reaction Timer.cache/ip/2022.2/4/9/49364e73f046a876/Reaction_Timer_decade_counter_0_0.dcp to b:/enel373/PersonalRXtimer/ReactionTimer/Reaction Timer.gen/sources_1/bd/Reaction_Timer/ip/Reaction_Timer_decade_counter_6_0/Reaction_Timer_decade_counter_6_0.dcp.
INFO: [IP_Flow 19-6926] IPCACHE: added file to list for BOM: b:/enel373/PersonalRXtimer/ReactionTimer/Reaction Timer.gen/sources_1/bd/Reaction_Timer/ip/Reaction_Timer_decade_counter_6_0/Reaction_Timer_decade_counter_6_0.dcp
INFO: [IP_Flow 19-6928] IPCACHE: copied cached file b:/enel373/PersonalRXtimer/ReactionTimer/Reaction Timer.cache/ip/2022.2/4/9/49364e73f046a876/Reaction_Timer_decade_counter_0_0_sim_netlist.v to b:/enel373/PersonalRXtimer/ReactionTimer/Reaction Timer.gen/sources_1/bd/Reaction_Timer/ip/Reaction_Timer_decade_counter_6_0/Reaction_Timer_decade_counter_6_0_sim_netlist.v.
INFO: [IP_Flow 19-6926] IPCACHE: added file to list for BOM: b:/enel373/PersonalRXtimer/ReactionTimer/Reaction Timer.gen/sources_1/bd/Reaction_Timer/ip/Reaction_Timer_decade_counter_6_0/Reaction_Timer_decade_counter_6_0_sim_netlist.v
INFO: [IP_Flow 19-6928] IPCACHE: copied cached file b:/enel373/PersonalRXtimer/ReactionTimer/Reaction Timer.cache/ip/2022.2/4/9/49364e73f046a876/Reaction_Timer_decade_counter_0_0_sim_netlist.vhdl to b:/enel373/PersonalRXtimer/ReactionTimer/Reaction Timer.gen/sources_1/bd/Reaction_Timer/ip/Reaction_Timer_decade_counter_6_0/Reaction_Timer_decade_counter_6_0_sim_netlist.vhdl.
INFO: [IP_Flow 19-6926] IPCACHE: added file to list for BOM: b:/enel373/PersonalRXtimer/ReactionTimer/Reaction Timer.gen/sources_1/bd/Reaction_Timer/ip/Reaction_Timer_decade_counter_6_0/Reaction_Timer_decade_counter_6_0_sim_netlist.vhdl
INFO: [IP_Flow 19-6928] IPCACHE: copied cached file b:/enel373/PersonalRXtimer/ReactionTimer/Reaction Timer.cache/ip/2022.2/4/9/49364e73f046a876/Reaction_Timer_decade_counter_0_0_stub.v to b:/enel373/PersonalRXtimer/ReactionTimer/Reaction Timer.gen/sources_1/bd/Reaction_Timer/ip/Reaction_Timer_decade_counter_6_0/Reaction_Timer_decade_counter_6_0_stub.v.
INFO: [IP_Flow 19-6926] IPCACHE: added file to list for BOM: b:/enel373/PersonalRXtimer/ReactionTimer/Reaction Timer.gen/sources_1/bd/Reaction_Timer/ip/Reaction_Timer_decade_counter_6_0/Reaction_Timer_decade_counter_6_0_stub.v
INFO: [IP_Flow 19-6928] IPCACHE: copied cached file b:/enel373/PersonalRXtimer/ReactionTimer/Reaction Timer.cache/ip/2022.2/4/9/49364e73f046a876/Reaction_Timer_decade_counter_0_0_stub.vhdl to b:/enel373/PersonalRXtimer/ReactionTimer/Reaction Timer.gen/sources_1/bd/Reaction_Timer/ip/Reaction_Timer_decade_counter_6_0/Reaction_Timer_decade_counter_6_0_stub.vhdl.
INFO: [IP_Flow 19-6926] IPCACHE: added file to list for BOM: b:/enel373/PersonalRXtimer/ReactionTimer/Reaction Timer.gen/sources_1/bd/Reaction_Timer/ip/Reaction_Timer_decade_counter_6_0/Reaction_Timer_decade_counter_6_0_stub.vhdl
INFO: [IP_Flow 19-4993] Using cached IP synthesis design for IP Reaction_Timer_decade_counter_6_0, cache-ID = 49364e73f046a876; cache size = 0.261 MB.
INFO: [IP_Flow 19-6924] IPCACHE: Running cache check for IP inst: Reaction_Timer_decade_counter_7_0
INFO: [IP_Flow 19-6922] IPCACHE: Exporting cached entry 49364e73f046a876 to dir: b:/enel373/PersonalRXtimer/ReactionTimer/Reaction Timer.gen/sources_1/bd/Reaction_Timer/ip/Reaction_Timer_decade_counter_7_0
INFO: [IP_Flow 19-6928] IPCACHE: copied cached file b:/enel373/PersonalRXtimer/ReactionTimer/Reaction Timer.cache/ip/2022.2/4/9/49364e73f046a876/Reaction_Timer_decade_counter_0_0.dcp to b:/enel373/PersonalRXtimer/ReactionTimer/Reaction Timer.gen/sources_1/bd/Reaction_Timer/ip/Reaction_Timer_decade_counter_7_0/Reaction_Timer_decade_counter_7_0.dcp.
INFO: [IP_Flow 19-6926] IPCACHE: added file to list for BOM: b:/enel373/PersonalRXtimer/ReactionTimer/Reaction Timer.gen/sources_1/bd/Reaction_Timer/ip/Reaction_Timer_decade_counter_7_0/Reaction_Timer_decade_counter_7_0.dcp
INFO: [IP_Flow 19-6928] IPCACHE: copied cached file b:/enel373/PersonalRXtimer/ReactionTimer/Reaction Timer.cache/ip/2022.2/4/9/49364e73f046a876/Reaction_Timer_decade_counter_0_0_sim_netlist.v to b:/enel373/PersonalRXtimer/ReactionTimer/Reaction Timer.gen/sources_1/bd/Reaction_Timer/ip/Reaction_Timer_decade_counter_7_0/Reaction_Timer_decade_counter_7_0_sim_netlist.v.
INFO: [IP_Flow 19-6926] IPCACHE: added file to list for BOM: b:/enel373/PersonalRXtimer/ReactionTimer/Reaction Timer.gen/sources_1/bd/Reaction_Timer/ip/Reaction_Timer_decade_counter_7_0/Reaction_Timer_decade_counter_7_0_sim_netlist.v
INFO: [IP_Flow 19-6928] IPCACHE: copied cached file b:/enel373/PersonalRXtimer/ReactionTimer/Reaction Timer.cache/ip/2022.2/4/9/49364e73f046a876/Reaction_Timer_decade_counter_0_0_sim_netlist.vhdl to b:/enel373/PersonalRXtimer/ReactionTimer/Reaction Timer.gen/sources_1/bd/Reaction_Timer/ip/Reaction_Timer_decade_counter_7_0/Reaction_Timer_decade_counter_7_0_sim_netlist.vhdl.
INFO: [IP_Flow 19-6926] IPCACHE: added file to list for BOM: b:/enel373/PersonalRXtimer/ReactionTimer/Reaction Timer.gen/sources_1/bd/Reaction_Timer/ip/Reaction_Timer_decade_counter_7_0/Reaction_Timer_decade_counter_7_0_sim_netlist.vhdl
INFO: [IP_Flow 19-6928] IPCACHE: copied cached file b:/enel373/PersonalRXtimer/ReactionTimer/Reaction Timer.cache/ip/2022.2/4/9/49364e73f046a876/Reaction_Timer_decade_counter_0_0_stub.v to b:/enel373/PersonalRXtimer/ReactionTimer/Reaction Timer.gen/sources_1/bd/Reaction_Timer/ip/Reaction_Timer_decade_counter_7_0/Reaction_Timer_decade_counter_7_0_stub.v.
INFO: [IP_Flow 19-6926] IPCACHE: added file to list for BOM: b:/enel373/PersonalRXtimer/ReactionTimer/Reaction Timer.gen/sources_1/bd/Reaction_Timer/ip/Reaction_Timer_decade_counter_7_0/Reaction_Timer_decade_counter_7_0_stub.v
INFO: [IP_Flow 19-6928] IPCACHE: copied cached file b:/enel373/PersonalRXtimer/ReactionTimer/Reaction Timer.cache/ip/2022.2/4/9/49364e73f046a876/Reaction_Timer_decade_counter_0_0_stub.vhdl to b:/enel373/PersonalRXtimer/ReactionTimer/Reaction Timer.gen/sources_1/bd/Reaction_Timer/ip/Reaction_Timer_decade_counter_7_0/Reaction_Timer_decade_counter_7_0_stub.vhdl.
INFO: [IP_Flow 19-6926] IPCACHE: added file to list for BOM: b:/enel373/PersonalRXtimer/ReactionTimer/Reaction Timer.gen/sources_1/bd/Reaction_Timer/ip/Reaction_Timer_decade_counter_7_0/Reaction_Timer_decade_counter_7_0_stub.vhdl
INFO: [IP_Flow 19-4993] Using cached IP synthesis design for IP Reaction_Timer_decade_counter_7_0, cache-ID = 49364e73f046a876; cache size = 0.261 MB.
INFO: [IP_Flow 19-6924] IPCACHE: Running cache check for IP inst: Reaction_Timer_finite_state_machine_0_0
[Thu May  8 01:13:07 2025] Launched Reaction_Timer_finite_state_machine_0_0_synth_1, synth_1...
Run output will be captured here:
Reaction_Timer_finite_state_machine_0_0_synth_1: B:/enel373/PersonalRXtimer/ReactionTimer/Reaction Timer.runs/Reaction_Timer_finite_state_machine_0_0_synth_1/runme.log
synth_1: B:/enel373/PersonalRXtimer/ReactionTimer/Reaction Timer.runs/synth_1/runme.log
[Thu May  8 01:13:07 2025] Launched impl_1...
Run output will be captured here: B:/enel373/PersonalRXtimer/ReactionTimer/Reaction Timer.runs/impl_1/runme.log
launch_runs: Time (s): cpu = 00:00:02 ; elapsed = 00:00:27 . Memory (MB): peak = 1530.742 ; gain = 0.000
update_module_reference Reaction_Timer_finite_state_machine_0_0
INFO: [IP_Flow 19-5107] Inferred bus interface 'counter_rst' of definition 'xilinx.com:signal:reset:1.0' (from Xilinx Repository).
INFO: [IP_Flow 19-5107] Inferred bus interface 'rst' of definition 'xilinx.com:signal:reset:1.0' (from Xilinx Repository).
INFO: [IP_Flow 19-5107] Inferred bus interface 'clk' of definition 'xilinx.com:signal:clock:1.0' (from Xilinx Repository).
INFO: [IP_Flow 19-4728] Bus Interface 'clk': Added interface parameter 'ASSOCIATED_RESET' with value 'rst'.
WARNING: [IP_Flow 19-5661] Bus Interface 'clk' does not have any bus interfaces associated with it.
INFO: [IP_Flow 19-234] Refreshing IP repositories
INFO: [IP_Flow 19-1704] No user IP repositories specified
Upgrading 'B:/enel373/PersonalRXtimer/ReactionTimer/Reaction Timer.srcs/sources_1/bd/Reaction_Timer/Reaction_Timer.bd'
INFO: [IP_Flow 19-3420] Updated Reaction_Timer_finite_state_machine_0_0 to use current project options
WARNING: [BD 41-597] NET <sevseg_mux_0_DP> has no source
Wrote  : <B:\enel373\PersonalRXtimer\ReactionTimer\Reaction Timer.srcs\sources_1\bd\Reaction_Timer\Reaction_Timer.bd> 
update_module_reference: Time (s): cpu = 00:00:01 ; elapsed = 00:00:25 . Memory (MB): peak = 1530.742 ; gain = 0.000
reset_run synth_1
launch_runs impl_1 -to_step write_bitstream -jobs 4
WARNING: [BD 41-597] NET <sevseg_mux_0_DP> has no source
Wrote  : <B:\enel373\PersonalRXtimer\ReactionTimer\Reaction Timer.srcs\sources_1\bd\Reaction_Timer\Reaction_Timer.bd> 
WARNING: [BD 41-166] Source port for the net:sevseg_mux_0_DP is NULL! Connection will be grounded!
VHDL Output written to : b:/enel373/PersonalRXtimer/ReactionTimer/Reaction Timer.gen/sources_1/bd/Reaction_Timer/synth/Reaction_Timer.vhd
WARNING: [BD 41-166] Source port for the net:sevseg_mux_0_DP is NULL! Connection will be grounded!
VHDL Output written to : b:/enel373/PersonalRXtimer/ReactionTimer/Reaction Timer.gen/sources_1/bd/Reaction_Timer/sim/Reaction_Timer.vhd
VHDL Output written to : b:/enel373/PersonalRXtimer/ReactionTimer/Reaction Timer.gen/sources_1/bd/Reaction_Timer/hdl/Reaction_Timer_wrapper.vhd
INFO: [BD 41-1029] Generation completed for the IP Integrator block finite_state_machine_0 .
Exporting to file b:/enel373/PersonalRXtimer/ReactionTimer/Reaction Timer.gen/sources_1/bd/Reaction_Timer/hw_handoff/Reaction_Timer.hwh
Generated Hardware Definition File b:/enel373/PersonalRXtimer/ReactionTimer/Reaction Timer.gen/sources_1/bd/Reaction_Timer/synth/Reaction_Timer.hwdef
INFO: [IP_Flow 19-6924] IPCACHE: Running cache check for IP inst: Reaction_Timer_finite_state_machine_0_0
[Thu May  8 01:16:13 2025] Launched Reaction_Timer_finite_state_machine_0_0_synth_1, synth_1...
Run output will be captured here:
Reaction_Timer_finite_state_machine_0_0_synth_1: B:/enel373/PersonalRXtimer/ReactionTimer/Reaction Timer.runs/Reaction_Timer_finite_state_machine_0_0_synth_1/runme.log
synth_1: B:/enel373/PersonalRXtimer/ReactionTimer/Reaction Timer.runs/synth_1/runme.log
[Thu May  8 01:16:13 2025] Launched impl_1...
Run output will be captured here: B:/enel373/PersonalRXtimer/ReactionTimer/Reaction Timer.runs/impl_1/runme.log
launch_runs: Time (s): cpu = 00:00:02 ; elapsed = 00:00:23 . Memory (MB): peak = 1530.742 ; gain = 0.000
reset_run synth_1
INFO: [Project 1-1161] Replacing file B:/enel373/PersonalRXtimer/ReactionTimer/Reaction Timer.srcs/utils_1/imports/synth_1/Reaction_Timer_wrapper.dcp with file B:/enel373/PersonalRXtimer/ReactionTimer/Reaction Timer.runs/synth_1/Reaction_Timer_wrapper.dcp
launch_runs impl_1 -to_step write_bitstream -jobs 4
[Thu May  8 01:20:00 2025] Launched synth_1...
Run output will be captured here: B:/enel373/PersonalRXtimer/ReactionTimer/Reaction Timer.runs/synth_1/runme.log
[Thu May  8 01:20:00 2025] Launched impl_1...
Run output will be captured here: B:/enel373/PersonalRXtimer/ReactionTimer/Reaction Timer.runs/impl_1/runme.log
open_run impl_1
INFO: [Device 21-403] Loading part xc7a100tcsg324-1
Netlist sorting complete. Time (s): cpu = 00:00:00 ; elapsed = 00:00:00.008 . Memory (MB): peak = 1691.605 ; gain = 0.000
INFO: [Netlist 29-17] Analyzing 153 Unisim elements for replacement
INFO: [Netlist 29-28] Unisim Transformation completed in 0 CPU seconds
WARNING: [Netlist 29-43] Netlist 'Reaction_Timer_wrapper' is not ideal for floorplanning, since the cellview 'Reaction_Timer_finite_state_machine_0_0_finite_state_machine' defined in file 'Reaction_Timer_finite_state_machine_0_0.edf' contains large number of primitives.  Please consider enabling hierarchy in synthesis if you want to do floorplanning.
INFO: [Project 1-479] Netlist was created with Vivado 2022.2
INFO: [Project 1-570] Preparing netlist for logic optimization
INFO: [Timing 38-478] Restoring timing data from binary archive.
INFO: [Timing 38-479] Binary timing data restore complete.
INFO: [Project 1-856] Restoring constraints from binary archive.
INFO: [Project 1-853] Binary constraint restore complete.
Reading XDEF placement.
Reading placer database...
Reading XDEF routing.
Read XDEF Files: Time (s): cpu = 00:00:01 ; elapsed = 00:00:00.127 . Memory (MB): peak = 2390.543 ; gain = 0.000
Restored from archive | CPU: 1.000000 secs | Memory: 0.000000 MB |
Finished XDEF File Restore: Time (s): cpu = 00:00:01 ; elapsed = 00:00:00.127 . Memory (MB): peak = 2390.543 ; gain = 0.000
Netlist sorting complete. Time (s): cpu = 00:00:00 ; elapsed = 00:00:00 . Memory (MB): peak = 2390.543 ; gain = 0.000
INFO: [Project 1-111] Unisim Transformation Summary:
No Unisim elements were transformed.

open_run: Time (s): cpu = 00:00:17 ; elapsed = 00:00:15 . Memory (MB): peak = 2514.238 ; gain = 983.496
exit
INFO: [Common 17-206] Exiting Vivado at Thu May  8 01:24:09 2025...
