
*** Running vivado
    with args -log Reaction_Timer_decade_counter_2_0.vds -m64 -product Vivado -mode batch -messageDb vivado.pb -notrace -source Reaction_Timer_decade_counter_2_0.tcl



****** Vivado v2022.2 (64-bit)
  **** SW Build 3671981 on Fri Oct 14 05:00:03 MDT 2022
  **** IP Build 3669848 on Fri Oct 14 08:30:02 MDT 2022
    ** Copyright 1986-2022 Xilinx, Inc. All Rights Reserved.

source Reaction_Timer_decade_counter_2_0.tcl -notrace
create_project: Time (s): cpu = 00:00:06 ; elapsed = 00:00:08 . Memory (MB): peak = 395.047 ; gain = 50.492
INFO: [IP_Flow 19-234] Refreshing IP repositories
INFO: [IP_Flow 19-1704] No user IP repositories specified
INFO: [IP_Flow 19-2313] Loaded Vivado IP repository 'B:/Vivado/Vivado/2022.2/data/ip'.
INFO: [IP_Flow 19-6924] IPCACHE: Running cache check for IP inst: Reaction_Timer_decade_counter_2_0
INFO: [IP_Flow 19-6922] IPCACHE: Exporting cached entry 49364e73f046a876 to dir: B:/enel373/PersonalRXtimer/ReactionTimer/Reaction Timer.runs/Reaction_Timer_decade_counter_2_0_synth_1
INFO: [IP_Flow 19-6928] IPCACHE: copied cached file b:/enel373/PersonalRXtimer/ReactionTimer/Reaction Timer.cache/ip/2022.2/4/9/49364e73f046a876/Reaction_Timer_decade_counter_0_0.dcp to B:/enel373/PersonalRXtimer/ReactionTimer/Reaction Timer.runs/Reaction_Timer_decade_counter_2_0_synth_1/Reaction_Timer_decade_counter_2_0.dcp.
INFO: [IP_Flow 19-6928] IPCACHE: copied cached file b:/enel373/PersonalRXtimer/ReactionTimer/Reaction Timer.cache/ip/2022.2/4/9/49364e73f046a876/Reaction_Timer_decade_counter_0_0_sim_netlist.v to B:/enel373/PersonalRXtimer/ReactionTimer/Reaction Timer.runs/Reaction_Timer_decade_counter_2_0_synth_1/Reaction_Timer_decade_counter_2_0_sim_netlist.v.
INFO: [IP_Flow 19-6928] IPCACHE: copied cached file b:/enel373/PersonalRXtimer/ReactionTimer/Reaction Timer.cache/ip/2022.2/4/9/49364e73f046a876/Reaction_Timer_decade_counter_0_0_sim_netlist.vhdl to B:/enel373/PersonalRXtimer/ReactionTimer/Reaction Timer.runs/Reaction_Timer_decade_counter_2_0_synth_1/Reaction_Timer_decade_counter_2_0_sim_netlist.vhdl.
INFO: [IP_Flow 19-6928] IPCACHE: copied cached file b:/enel373/PersonalRXtimer/ReactionTimer/Reaction Timer.cache/ip/2022.2/4/9/49364e73f046a876/Reaction_Timer_decade_counter_0_0_stub.v to B:/enel373/PersonalRXtimer/ReactionTimer/Reaction Timer.runs/Reaction_Timer_decade_counter_2_0_synth_1/Reaction_Timer_decade_counter_2_0_stub.v.
INFO: [IP_Flow 19-6928] IPCACHE: copied cached file b:/enel373/PersonalRXtimer/ReactionTimer/Reaction Timer.cache/ip/2022.2/4/9/49364e73f046a876/Reaction_Timer_decade_counter_0_0_stub.vhdl to B:/enel373/PersonalRXtimer/ReactionTimer/Reaction Timer.runs/Reaction_Timer_decade_counter_2_0_synth_1/Reaction_Timer_decade_counter_2_0_stub.vhdl.
INFO: [IP_Flow 19-4838] Using cached IP synthesis design for IP Reaction_Timer_decade_counter_2_0, cache-ID = 49364e73f046a876.
INFO: [Common 17-206] Exiting Vivado at Thu May  8 00:15:14 2025...
