Copyright 1986-2022 Xilinx, Inc. All Rights Reserved.
--------------------------------------------------------------------------------------------------------------------------------------------------------------------------------------------------------
| Tool Version : Vivado v.2022.2 (win64) Build 3671981 Fri Oct 14 05:00:03 MDT 2022
| Date         : Thu May  8 01:22:08 2025
| Host         : DESKTOP-H6N6V0T running 64-bit major release  (build 9200)
| Command      : report_methodology -file Reaction_Timer_wrapper_methodology_drc_routed.rpt -pb Reaction_Timer_wrapper_methodology_drc_routed.pb -rpx Reaction_Timer_wrapper_methodology_drc_routed.rpx
| Design       : Reaction_Timer_wrapper
| Device       : xc7a100tcsg324-1
| Speed File   : -1
| Design State : Fully Routed
--------------------------------------------------------------------------------------------------------------------------------------------------------------------------------------------------------

Report Methodology

Table of Contents
-----------------
1. REPORT SUMMARY
2. REPORT DETAILS

1. REPORT SUMMARY
-----------------
            Netlist: netlist
          Floorplan: design_1
      Design limits: <entire design considered>
             Max violations: <unlimited>
             Violations found: 224
+-----------+------------------+--------------------------------+------------+
| Rule      | Severity         | Description                    | Violations |
+-----------+------------------+--------------------------------+------------+
| TIMING-17 | Critical Warning | Non-clocked sequential cell    | 61         |
| LUTAR-1   | Warning          | LUT drives async reset alert   | 1          |
| TIMING-20 | Warning          | Non-clocked latch              | 161        |
| LATCH-1   | Advisory         | Existing latches in the design | 1          |
+-----------+------------------+--------------------------------+------------+

2. REPORT DETAILS
-----------------
TIMING-17#1 Critical Warning
Non-clocked sequential cell  
The clock pin Reaction_Timer_i/DisplaySelector_0/U0/display_count_reg[0]/C is not reached by a timing clock
Related violations: <none>

TIMING-17#2 Critical Warning
Non-clocked sequential cell  
The clock pin Reaction_Timer_i/DisplaySelector_0/U0/display_count_reg[1]/C is not reached by a timing clock
Related violations: <none>

TIMING-17#3 Critical Warning
Non-clocked sequential cell  
The clock pin Reaction_Timer_i/DisplaySelector_0/U0/display_count_reg[2]/C is not reached by a timing clock
Related violations: <none>

TIMING-17#4 Critical Warning
Non-clocked sequential cell  
The clock pin Reaction_Timer_i/decade_counter_0/U0/count_reg_reg[0]/C is not reached by a timing clock
Related violations: <none>

TIMING-17#5 Critical Warning
Non-clocked sequential cell  
The clock pin Reaction_Timer_i/decade_counter_0/U0/count_reg_reg[1]/C is not reached by a timing clock
Related violations: <none>

TIMING-17#6 Critical Warning
Non-clocked sequential cell  
The clock pin Reaction_Timer_i/decade_counter_0/U0/count_reg_reg[2]/C is not reached by a timing clock
Related violations: <none>

TIMING-17#7 Critical Warning
Non-clocked sequential cell  
The clock pin Reaction_Timer_i/decade_counter_0/U0/count_reg_reg[3]/C is not reached by a timing clock
Related violations: <none>

TIMING-17#8 Critical Warning
Non-clocked sequential cell  
The clock pin Reaction_Timer_i/decade_counter_0/U0/tick_reg_reg/C is not reached by a timing clock
Related violations: <none>

TIMING-17#9 Critical Warning
Non-clocked sequential cell  
The clock pin Reaction_Timer_i/decade_counter_1/U0/count_reg_reg[0]/C is not reached by a timing clock
Related violations: <none>

TIMING-17#10 Critical Warning
Non-clocked sequential cell  
The clock pin Reaction_Timer_i/decade_counter_1/U0/count_reg_reg[1]/C is not reached by a timing clock
Related violations: <none>

TIMING-17#11 Critical Warning
Non-clocked sequential cell  
The clock pin Reaction_Timer_i/decade_counter_1/U0/count_reg_reg[2]/C is not reached by a timing clock
Related violations: <none>

TIMING-17#12 Critical Warning
Non-clocked sequential cell  
The clock pin Reaction_Timer_i/decade_counter_1/U0/count_reg_reg[3]/C is not reached by a timing clock
Related violations: <none>

TIMING-17#13 Critical Warning
Non-clocked sequential cell  
The clock pin Reaction_Timer_i/decade_counter_1/U0/tick_reg_reg/C is not reached by a timing clock
Related violations: <none>

TIMING-17#14 Critical Warning
Non-clocked sequential cell  
The clock pin Reaction_Timer_i/decade_counter_2/U0/count_reg_reg[0]/C is not reached by a timing clock
Related violations: <none>

TIMING-17#15 Critical Warning
Non-clocked sequential cell  
The clock pin Reaction_Timer_i/decade_counter_2/U0/count_reg_reg[1]/C is not reached by a timing clock
Related violations: <none>

TIMING-17#16 Critical Warning
Non-clocked sequential cell  
The clock pin Reaction_Timer_i/decade_counter_2/U0/count_reg_reg[2]/C is not reached by a timing clock
Related violations: <none>

TIMING-17#17 Critical Warning
Non-clocked sequential cell  
The clock pin Reaction_Timer_i/decade_counter_2/U0/count_reg_reg[3]/C is not reached by a timing clock
Related violations: <none>

TIMING-17#18 Critical Warning
Non-clocked sequential cell  
The clock pin Reaction_Timer_i/decade_counter_2/U0/tick_reg_reg/C is not reached by a timing clock
Related violations: <none>

TIMING-17#19 Critical Warning
Non-clocked sequential cell  
The clock pin Reaction_Timer_i/decade_counter_3/U0/count_reg_reg[0]/C is not reached by a timing clock
Related violations: <none>

TIMING-17#20 Critical Warning
Non-clocked sequential cell  
The clock pin Reaction_Timer_i/decade_counter_3/U0/count_reg_reg[1]/C is not reached by a timing clock
Related violations: <none>

TIMING-17#21 Critical Warning
Non-clocked sequential cell  
The clock pin Reaction_Timer_i/decade_counter_3/U0/count_reg_reg[2]/C is not reached by a timing clock
Related violations: <none>

TIMING-17#22 Critical Warning
Non-clocked sequential cell  
The clock pin Reaction_Timer_i/decade_counter_3/U0/count_reg_reg[3]/C is not reached by a timing clock
Related violations: <none>

TIMING-17#23 Critical Warning
Non-clocked sequential cell  
The clock pin Reaction_Timer_i/decade_counter_3/U0/tick_reg_reg/C is not reached by a timing clock
Related violations: <none>

TIMING-17#24 Critical Warning
Non-clocked sequential cell  
The clock pin Reaction_Timer_i/decade_counter_4/U0/count_reg_reg[0]/C is not reached by a timing clock
Related violations: <none>

TIMING-17#25 Critical Warning
Non-clocked sequential cell  
The clock pin Reaction_Timer_i/decade_counter_4/U0/count_reg_reg[1]/C is not reached by a timing clock
Related violations: <none>

TIMING-17#26 Critical Warning
Non-clocked sequential cell  
The clock pin Reaction_Timer_i/decade_counter_4/U0/count_reg_reg[2]/C is not reached by a timing clock
Related violations: <none>

TIMING-17#27 Critical Warning
Non-clocked sequential cell  
The clock pin Reaction_Timer_i/decade_counter_4/U0/count_reg_reg[3]/C is not reached by a timing clock
Related violations: <none>

TIMING-17#28 Critical Warning
Non-clocked sequential cell  
The clock pin Reaction_Timer_i/decade_counter_4/U0/tick_reg_reg/C is not reached by a timing clock
Related violations: <none>

TIMING-17#29 Critical Warning
Non-clocked sequential cell  
The clock pin Reaction_Timer_i/decade_counter_5/U0/count_reg_reg[0]/C is not reached by a timing clock
Related violations: <none>

TIMING-17#30 Critical Warning
Non-clocked sequential cell  
The clock pin Reaction_Timer_i/decade_counter_5/U0/count_reg_reg[1]/C is not reached by a timing clock
Related violations: <none>

TIMING-17#31 Critical Warning
Non-clocked sequential cell  
The clock pin Reaction_Timer_i/decade_counter_5/U0/count_reg_reg[2]/C is not reached by a timing clock
Related violations: <none>

TIMING-17#32 Critical Warning
Non-clocked sequential cell  
The clock pin Reaction_Timer_i/decade_counter_5/U0/count_reg_reg[3]/C is not reached by a timing clock
Related violations: <none>

TIMING-17#33 Critical Warning
Non-clocked sequential cell  
The clock pin Reaction_Timer_i/decade_counter_5/U0/tick_reg_reg/C is not reached by a timing clock
Related violations: <none>

TIMING-17#34 Critical Warning
Non-clocked sequential cell  
The clock pin Reaction_Timer_i/decade_counter_6/U0/count_reg_reg[0]/C is not reached by a timing clock
Related violations: <none>

TIMING-17#35 Critical Warning
Non-clocked sequential cell  
The clock pin Reaction_Timer_i/decade_counter_6/U0/count_reg_reg[1]/C is not reached by a timing clock
Related violations: <none>

TIMING-17#36 Critical Warning
Non-clocked sequential cell  
The clock pin Reaction_Timer_i/decade_counter_6/U0/count_reg_reg[2]/C is not reached by a timing clock
Related violations: <none>

TIMING-17#37 Critical Warning
Non-clocked sequential cell  
The clock pin Reaction_Timer_i/decade_counter_6/U0/count_reg_reg[3]/C is not reached by a timing clock
Related violations: <none>

TIMING-17#38 Critical Warning
Non-clocked sequential cell  
The clock pin Reaction_Timer_i/decade_counter_6/U0/tick_reg_reg/C is not reached by a timing clock
Related violations: <none>

TIMING-17#39 Critical Warning
Non-clocked sequential cell  
The clock pin Reaction_Timer_i/decade_counter_7/U0/count_reg_reg[0]/C is not reached by a timing clock
Related violations: <none>

TIMING-17#40 Critical Warning
Non-clocked sequential cell  
The clock pin Reaction_Timer_i/decade_counter_7/U0/count_reg_reg[1]/C is not reached by a timing clock
Related violations: <none>

TIMING-17#41 Critical Warning
Non-clocked sequential cell  
The clock pin Reaction_Timer_i/decade_counter_7/U0/count_reg_reg[2]/C is not reached by a timing clock
Related violations: <none>

TIMING-17#42 Critical Warning
Non-clocked sequential cell  
The clock pin Reaction_Timer_i/decade_counter_7/U0/count_reg_reg[3]/C is not reached by a timing clock
Related violations: <none>

TIMING-17#43 Critical Warning
Non-clocked sequential cell  
The clock pin Reaction_Timer_i/finite_state_machine_0/U0/FSM_onehot_current_state_reg[0]/C is not reached by a timing clock
Related violations: <none>

TIMING-17#44 Critical Warning
Non-clocked sequential cell  
The clock pin Reaction_Timer_i/finite_state_machine_0/U0/FSM_onehot_current_state_reg[1]/C is not reached by a timing clock
Related violations: <none>

TIMING-17#45 Critical Warning
Non-clocked sequential cell  
The clock pin Reaction_Timer_i/finite_state_machine_0/U0/FSM_onehot_current_state_reg[2]/C is not reached by a timing clock
Related violations: <none>

TIMING-17#46 Critical Warning
Non-clocked sequential cell  
The clock pin Reaction_Timer_i/finite_state_machine_0/U0/FSM_onehot_current_state_reg[3]/C is not reached by a timing clock
Related violations: <none>

TIMING-17#47 Critical Warning
Non-clocked sequential cell  
The clock pin Reaction_Timer_i/finite_state_machine_0/U0/FSM_onehot_current_state_reg[4]/C is not reached by a timing clock
Related violations: <none>

TIMING-17#48 Critical Warning
Non-clocked sequential cell  
The clock pin Reaction_Timer_i/finite_state_machine_0/U0/FSM_onehot_current_state_reg[5]/C is not reached by a timing clock
Related violations: <none>

TIMING-17#49 Critical Warning
Non-clocked sequential cell  
The clock pin Reaction_Timer_i/finite_state_machine_0/U0/FSM_onehot_current_state_reg[6]/C is not reached by a timing clock
Related violations: <none>

TIMING-17#50 Critical Warning
Non-clocked sequential cell  
The clock pin Reaction_Timer_i/finite_state_machine_0/U0/FSM_onehot_current_state_reg[7]/C is not reached by a timing clock
Related violations: <none>

TIMING-17#51 Critical Warning
Non-clocked sequential cell  
The clock pin Reaction_Timer_i/finite_state_machine_0/U0/FSM_onehot_current_state_reg[8]/C is not reached by a timing clock
Related violations: <none>

TIMING-17#52 Critical Warning
Non-clocked sequential cell  
The clock pin Reaction_Timer_i/finite_state_machine_0/U0/t_reg[0]/C is not reached by a timing clock
Related violations: <none>

TIMING-17#53 Critical Warning
Non-clocked sequential cell  
The clock pin Reaction_Timer_i/finite_state_machine_0/U0/t_reg[1]/C is not reached by a timing clock
Related violations: <none>

TIMING-17#54 Critical Warning
Non-clocked sequential cell  
The clock pin Reaction_Timer_i/finite_state_machine_0/U0/t_reg[2]/C is not reached by a timing clock
Related violations: <none>

TIMING-17#55 Critical Warning
Non-clocked sequential cell  
The clock pin Reaction_Timer_i/finite_state_machine_0/U0/t_reg[3]/C is not reached by a timing clock
Related violations: <none>

TIMING-17#56 Critical Warning
Non-clocked sequential cell  
The clock pin Reaction_Timer_i/finite_state_machine_0/U0/t_reg[4]/C is not reached by a timing clock
Related violations: <none>

TIMING-17#57 Critical Warning
Non-clocked sequential cell  
The clock pin Reaction_Timer_i/finite_state_machine_0/U0/t_reg[5]/C is not reached by a timing clock
Related violations: <none>

TIMING-17#58 Critical Warning
Non-clocked sequential cell  
The clock pin Reaction_Timer_i/finite_state_machine_0/U0/t_reg[6]/C is not reached by a timing clock
Related violations: <none>

TIMING-17#59 Critical Warning
Non-clocked sequential cell  
The clock pin Reaction_Timer_i/finite_state_machine_0/U0/t_reg[7]/C is not reached by a timing clock
Related violations: <none>

TIMING-17#60 Critical Warning
Non-clocked sequential cell  
The clock pin Reaction_Timer_i/finite_state_machine_0/U0/t_reg[8]/C is not reached by a timing clock
Related violations: <none>

TIMING-17#61 Critical Warning
Non-clocked sequential cell  
The clock pin Reaction_Timer_i/finite_state_machine_0/U0/t_reg[9]/C is not reached by a timing clock
Related violations: <none>

LUTAR-1#1 Warning
LUT drives async reset alert  
LUT cell Reaction_Timer_i/finite_state_machine_0/U0/counter_rst_INST_0, with 2 or more inputs, drives asynchronous preset/clear pin(s) Reaction_Timer_i/decade_counter_4/U0/tick_reg_reg/CLR,
Reaction_Timer_i/decade_counter_5/U0/count_reg_reg[0]/CLR,
Reaction_Timer_i/decade_counter_5/U0/count_reg_reg[1]/CLR,
Reaction_Timer_i/decade_counter_5/U0/count_reg_reg[2]/CLR,
Reaction_Timer_i/decade_counter_5/U0/count_reg_reg[3]/CLR,
Reaction_Timer_i/decade_counter_5/U0/tick_reg_reg/CLR,
Reaction_Timer_i/decade_counter_6/U0/count_reg_reg[0]/CLR,
Reaction_Timer_i/decade_counter_6/U0/count_reg_reg[1]/CLR,
Reaction_Timer_i/decade_counter_6/U0/count_reg_reg[2]/CLR,
Reaction_Timer_i/decade_counter_6/U0/count_reg_reg[3]/CLR,
Reaction_Timer_i/decade_counter_6/U0/tick_reg_reg/CLR,
Reaction_Timer_i/decade_counter_7/U0/count_reg_reg[0]/CLR,
Reaction_Timer_i/decade_counter_7/U0/count_reg_reg[1]/CLR,
Reaction_Timer_i/decade_counter_7/U0/count_reg_reg[2]/CLR,
Reaction_Timer_i/decade_counter_7/U0/count_reg_reg[3]/CLR
 (the first 15 of 39 listed). The LUT may glitch and trigger an unexpected reset, even if it is a properly timed path.
Related violations: <none>

TIMING-20#1 Warning
Non-clocked latch  
The latch Reaction_Timer_i/finite_state_machine_0/U0/avg_reg[0] cannot be properly analyzed as its control pin Reaction_Timer_i/finite_state_machine_0/U0/avg_reg[0]/G is not reached by a timing clock
Related violations: <none>

TIMING-20#2 Warning
Non-clocked latch  
The latch Reaction_Timer_i/finite_state_machine_0/U0/avg_reg[10] cannot be properly analyzed as its control pin Reaction_Timer_i/finite_state_machine_0/U0/avg_reg[10]/G is not reached by a timing clock
Related violations: <none>

TIMING-20#3 Warning
Non-clocked latch  
The latch Reaction_Timer_i/finite_state_machine_0/U0/avg_reg[11] cannot be properly analyzed as its control pin Reaction_Timer_i/finite_state_machine_0/U0/avg_reg[11]/G is not reached by a timing clock
Related violations: <none>

TIMING-20#4 Warning
Non-clocked latch  
The latch Reaction_Timer_i/finite_state_machine_0/U0/avg_reg[12] cannot be properly analyzed as its control pin Reaction_Timer_i/finite_state_machine_0/U0/avg_reg[12]/G is not reached by a timing clock
Related violations: <none>

TIMING-20#5 Warning
Non-clocked latch  
The latch Reaction_Timer_i/finite_state_machine_0/U0/avg_reg[13] cannot be properly analyzed as its control pin Reaction_Timer_i/finite_state_machine_0/U0/avg_reg[13]/G is not reached by a timing clock
Related violations: <none>

TIMING-20#6 Warning
Non-clocked latch  
The latch Reaction_Timer_i/finite_state_machine_0/U0/avg_reg[14] cannot be properly analyzed as its control pin Reaction_Timer_i/finite_state_machine_0/U0/avg_reg[14]/G is not reached by a timing clock
Related violations: <none>

TIMING-20#7 Warning
Non-clocked latch  
The latch Reaction_Timer_i/finite_state_machine_0/U0/avg_reg[15] cannot be properly analyzed as its control pin Reaction_Timer_i/finite_state_machine_0/U0/avg_reg[15]/G is not reached by a timing clock
Related violations: <none>

TIMING-20#8 Warning
Non-clocked latch  
The latch Reaction_Timer_i/finite_state_machine_0/U0/avg_reg[16] cannot be properly analyzed as its control pin Reaction_Timer_i/finite_state_machine_0/U0/avg_reg[16]/G is not reached by a timing clock
Related violations: <none>

TIMING-20#9 Warning
Non-clocked latch  
The latch Reaction_Timer_i/finite_state_machine_0/U0/avg_reg[17] cannot be properly analyzed as its control pin Reaction_Timer_i/finite_state_machine_0/U0/avg_reg[17]/G is not reached by a timing clock
Related violations: <none>

TIMING-20#10 Warning
Non-clocked latch  
The latch Reaction_Timer_i/finite_state_machine_0/U0/avg_reg[18] cannot be properly analyzed as its control pin Reaction_Timer_i/finite_state_machine_0/U0/avg_reg[18]/G is not reached by a timing clock
Related violations: <none>

TIMING-20#11 Warning
Non-clocked latch  
The latch Reaction_Timer_i/finite_state_machine_0/U0/avg_reg[19] cannot be properly analyzed as its control pin Reaction_Timer_i/finite_state_machine_0/U0/avg_reg[19]/G is not reached by a timing clock
Related violations: <none>

TIMING-20#12 Warning
Non-clocked latch  
The latch Reaction_Timer_i/finite_state_machine_0/U0/avg_reg[1] cannot be properly analyzed as its control pin Reaction_Timer_i/finite_state_machine_0/U0/avg_reg[1]/G is not reached by a timing clock
Related violations: <none>

TIMING-20#13 Warning
Non-clocked latch  
The latch Reaction_Timer_i/finite_state_machine_0/U0/avg_reg[20] cannot be properly analyzed as its control pin Reaction_Timer_i/finite_state_machine_0/U0/avg_reg[20]/G is not reached by a timing clock
Related violations: <none>

TIMING-20#14 Warning
Non-clocked latch  
The latch Reaction_Timer_i/finite_state_machine_0/U0/avg_reg[21] cannot be properly analyzed as its control pin Reaction_Timer_i/finite_state_machine_0/U0/avg_reg[21]/G is not reached by a timing clock
Related violations: <none>

TIMING-20#15 Warning
Non-clocked latch  
The latch Reaction_Timer_i/finite_state_machine_0/U0/avg_reg[22] cannot be properly analyzed as its control pin Reaction_Timer_i/finite_state_machine_0/U0/avg_reg[22]/G is not reached by a timing clock
Related violations: <none>

TIMING-20#16 Warning
Non-clocked latch  
The latch Reaction_Timer_i/finite_state_machine_0/U0/avg_reg[23] cannot be properly analyzed as its control pin Reaction_Timer_i/finite_state_machine_0/U0/avg_reg[23]/G is not reached by a timing clock
Related violations: <none>

TIMING-20#17 Warning
Non-clocked latch  
The latch Reaction_Timer_i/finite_state_machine_0/U0/avg_reg[24] cannot be properly analyzed as its control pin Reaction_Timer_i/finite_state_machine_0/U0/avg_reg[24]/G is not reached by a timing clock
Related violations: <none>

TIMING-20#18 Warning
Non-clocked latch  
The latch Reaction_Timer_i/finite_state_machine_0/U0/avg_reg[25] cannot be properly analyzed as its control pin Reaction_Timer_i/finite_state_machine_0/U0/avg_reg[25]/G is not reached by a timing clock
Related violations: <none>

TIMING-20#19 Warning
Non-clocked latch  
The latch Reaction_Timer_i/finite_state_machine_0/U0/avg_reg[26] cannot be properly analyzed as its control pin Reaction_Timer_i/finite_state_machine_0/U0/avg_reg[26]/G is not reached by a timing clock
Related violations: <none>

TIMING-20#20 Warning
Non-clocked latch  
The latch Reaction_Timer_i/finite_state_machine_0/U0/avg_reg[27] cannot be properly analyzed as its control pin Reaction_Timer_i/finite_state_machine_0/U0/avg_reg[27]/G is not reached by a timing clock
Related violations: <none>

TIMING-20#21 Warning
Non-clocked latch  
The latch Reaction_Timer_i/finite_state_machine_0/U0/avg_reg[28] cannot be properly analyzed as its control pin Reaction_Timer_i/finite_state_machine_0/U0/avg_reg[28]/G is not reached by a timing clock
Related violations: <none>

TIMING-20#22 Warning
Non-clocked latch  
The latch Reaction_Timer_i/finite_state_machine_0/U0/avg_reg[29] cannot be properly analyzed as its control pin Reaction_Timer_i/finite_state_machine_0/U0/avg_reg[29]/G is not reached by a timing clock
Related violations: <none>

TIMING-20#23 Warning
Non-clocked latch  
The latch Reaction_Timer_i/finite_state_machine_0/U0/avg_reg[2] cannot be properly analyzed as its control pin Reaction_Timer_i/finite_state_machine_0/U0/avg_reg[2]/G is not reached by a timing clock
Related violations: <none>

TIMING-20#24 Warning
Non-clocked latch  
The latch Reaction_Timer_i/finite_state_machine_0/U0/avg_reg[30] cannot be properly analyzed as its control pin Reaction_Timer_i/finite_state_machine_0/U0/avg_reg[30]/G is not reached by a timing clock
Related violations: <none>

TIMING-20#25 Warning
Non-clocked latch  
The latch Reaction_Timer_i/finite_state_machine_0/U0/avg_reg[3] cannot be properly analyzed as its control pin Reaction_Timer_i/finite_state_machine_0/U0/avg_reg[3]/G is not reached by a timing clock
Related violations: <none>

TIMING-20#26 Warning
Non-clocked latch  
The latch Reaction_Timer_i/finite_state_machine_0/U0/avg_reg[4] cannot be properly analyzed as its control pin Reaction_Timer_i/finite_state_machine_0/U0/avg_reg[4]/G is not reached by a timing clock
Related violations: <none>

TIMING-20#27 Warning
Non-clocked latch  
The latch Reaction_Timer_i/finite_state_machine_0/U0/avg_reg[5] cannot be properly analyzed as its control pin Reaction_Timer_i/finite_state_machine_0/U0/avg_reg[5]/G is not reached by a timing clock
Related violations: <none>

TIMING-20#28 Warning
Non-clocked latch  
The latch Reaction_Timer_i/finite_state_machine_0/U0/avg_reg[6] cannot be properly analyzed as its control pin Reaction_Timer_i/finite_state_machine_0/U0/avg_reg[6]/G is not reached by a timing clock
Related violations: <none>

TIMING-20#29 Warning
Non-clocked latch  
The latch Reaction_Timer_i/finite_state_machine_0/U0/avg_reg[7] cannot be properly analyzed as its control pin Reaction_Timer_i/finite_state_machine_0/U0/avg_reg[7]/G is not reached by a timing clock
Related violations: <none>

TIMING-20#30 Warning
Non-clocked latch  
The latch Reaction_Timer_i/finite_state_machine_0/U0/avg_reg[8] cannot be properly analyzed as its control pin Reaction_Timer_i/finite_state_machine_0/U0/avg_reg[8]/G is not reached by a timing clock
Related violations: <none>

TIMING-20#31 Warning
Non-clocked latch  
The latch Reaction_Timer_i/finite_state_machine_0/U0/avg_reg[9] cannot be properly analyzed as its control pin Reaction_Timer_i/finite_state_machine_0/U0/avg_reg[9]/G is not reached by a timing clock
Related violations: <none>

TIMING-20#32 Warning
Non-clocked latch  
The latch Reaction_Timer_i/finite_state_machine_0/U0/reaction_index_reg[0] cannot be properly analyzed as its control pin Reaction_Timer_i/finite_state_machine_0/U0/reaction_index_reg[0]/G is not reached by a timing clock
Related violations: <none>

TIMING-20#33 Warning
Non-clocked latch  
The latch Reaction_Timer_i/finite_state_machine_0/U0/reaction_index_reg[1] cannot be properly analyzed as its control pin Reaction_Timer_i/finite_state_machine_0/U0/reaction_index_reg[1]/G is not reached by a timing clock
Related violations: <none>

TIMING-20#34 Warning
Non-clocked latch  
The latch Reaction_Timer_i/finite_state_machine_0/U0/reaction_times_reg[0][0] cannot be properly analyzed as its control pin Reaction_Timer_i/finite_state_machine_0/U0/reaction_times_reg[0][0]/G is not reached by a timing clock
Related violations: <none>

TIMING-20#35 Warning
Non-clocked latch  
The latch Reaction_Timer_i/finite_state_machine_0/U0/reaction_times_reg[0][10] cannot be properly analyzed as its control pin Reaction_Timer_i/finite_state_machine_0/U0/reaction_times_reg[0][10]/G is not reached by a timing clock
Related violations: <none>

TIMING-20#36 Warning
Non-clocked latch  
The latch Reaction_Timer_i/finite_state_machine_0/U0/reaction_times_reg[0][11] cannot be properly analyzed as its control pin Reaction_Timer_i/finite_state_machine_0/U0/reaction_times_reg[0][11]/G is not reached by a timing clock
Related violations: <none>

TIMING-20#37 Warning
Non-clocked latch  
The latch Reaction_Timer_i/finite_state_machine_0/U0/reaction_times_reg[0][12] cannot be properly analyzed as its control pin Reaction_Timer_i/finite_state_machine_0/U0/reaction_times_reg[0][12]/G is not reached by a timing clock
Related violations: <none>

TIMING-20#38 Warning
Non-clocked latch  
The latch Reaction_Timer_i/finite_state_machine_0/U0/reaction_times_reg[0][13] cannot be properly analyzed as its control pin Reaction_Timer_i/finite_state_machine_0/U0/reaction_times_reg[0][13]/G is not reached by a timing clock
Related violations: <none>

TIMING-20#39 Warning
Non-clocked latch  
The latch Reaction_Timer_i/finite_state_machine_0/U0/reaction_times_reg[0][14] cannot be properly analyzed as its control pin Reaction_Timer_i/finite_state_machine_0/U0/reaction_times_reg[0][14]/G is not reached by a timing clock
Related violations: <none>

TIMING-20#40 Warning
Non-clocked latch  
The latch Reaction_Timer_i/finite_state_machine_0/U0/reaction_times_reg[0][15] cannot be properly analyzed as its control pin Reaction_Timer_i/finite_state_machine_0/U0/reaction_times_reg[0][15]/G is not reached by a timing clock
Related violations: <none>

TIMING-20#41 Warning
Non-clocked latch  
The latch Reaction_Timer_i/finite_state_machine_0/U0/reaction_times_reg[0][16] cannot be properly analyzed as its control pin Reaction_Timer_i/finite_state_machine_0/U0/reaction_times_reg[0][16]/G is not reached by a timing clock
Related violations: <none>

TIMING-20#42 Warning
Non-clocked latch  
The latch Reaction_Timer_i/finite_state_machine_0/U0/reaction_times_reg[0][17] cannot be properly analyzed as its control pin Reaction_Timer_i/finite_state_machine_0/U0/reaction_times_reg[0][17]/G is not reached by a timing clock
Related violations: <none>

TIMING-20#43 Warning
Non-clocked latch  
The latch Reaction_Timer_i/finite_state_machine_0/U0/reaction_times_reg[0][18] cannot be properly analyzed as its control pin Reaction_Timer_i/finite_state_machine_0/U0/reaction_times_reg[0][18]/G is not reached by a timing clock
Related violations: <none>

TIMING-20#44 Warning
Non-clocked latch  
The latch Reaction_Timer_i/finite_state_machine_0/U0/reaction_times_reg[0][19] cannot be properly analyzed as its control pin Reaction_Timer_i/finite_state_machine_0/U0/reaction_times_reg[0][19]/G is not reached by a timing clock
Related violations: <none>

TIMING-20#45 Warning
Non-clocked latch  
The latch Reaction_Timer_i/finite_state_machine_0/U0/reaction_times_reg[0][1] cannot be properly analyzed as its control pin Reaction_Timer_i/finite_state_machine_0/U0/reaction_times_reg[0][1]/G is not reached by a timing clock
Related violations: <none>

TIMING-20#46 Warning
Non-clocked latch  
The latch Reaction_Timer_i/finite_state_machine_0/U0/reaction_times_reg[0][20] cannot be properly analyzed as its control pin Reaction_Timer_i/finite_state_machine_0/U0/reaction_times_reg[0][20]/G is not reached by a timing clock
Related violations: <none>

TIMING-20#47 Warning
Non-clocked latch  
The latch Reaction_Timer_i/finite_state_machine_0/U0/reaction_times_reg[0][21] cannot be properly analyzed as its control pin Reaction_Timer_i/finite_state_machine_0/U0/reaction_times_reg[0][21]/G is not reached by a timing clock
Related violations: <none>

TIMING-20#48 Warning
Non-clocked latch  
The latch Reaction_Timer_i/finite_state_machine_0/U0/reaction_times_reg[0][22] cannot be properly analyzed as its control pin Reaction_Timer_i/finite_state_machine_0/U0/reaction_times_reg[0][22]/G is not reached by a timing clock
Related violations: <none>

TIMING-20#49 Warning
Non-clocked latch  
The latch Reaction_Timer_i/finite_state_machine_0/U0/reaction_times_reg[0][23] cannot be properly analyzed as its control pin Reaction_Timer_i/finite_state_machine_0/U0/reaction_times_reg[0][23]/G is not reached by a timing clock
Related violations: <none>

TIMING-20#50 Warning
Non-clocked latch  
The latch Reaction_Timer_i/finite_state_machine_0/U0/reaction_times_reg[0][24] cannot be properly analyzed as its control pin Reaction_Timer_i/finite_state_machine_0/U0/reaction_times_reg[0][24]/G is not reached by a timing clock
Related violations: <none>

TIMING-20#51 Warning
Non-clocked latch  
The latch Reaction_Timer_i/finite_state_machine_0/U0/reaction_times_reg[0][25] cannot be properly analyzed as its control pin Reaction_Timer_i/finite_state_machine_0/U0/reaction_times_reg[0][25]/G is not reached by a timing clock
Related violations: <none>

TIMING-20#52 Warning
Non-clocked latch  
The latch Reaction_Timer_i/finite_state_machine_0/U0/reaction_times_reg[0][26] cannot be properly analyzed as its control pin Reaction_Timer_i/finite_state_machine_0/U0/reaction_times_reg[0][26]/G is not reached by a timing clock
Related violations: <none>

TIMING-20#53 Warning
Non-clocked latch  
The latch Reaction_Timer_i/finite_state_machine_0/U0/reaction_times_reg[0][27] cannot be properly analyzed as its control pin Reaction_Timer_i/finite_state_machine_0/U0/reaction_times_reg[0][27]/G is not reached by a timing clock
Related violations: <none>

TIMING-20#54 Warning
Non-clocked latch  
The latch Reaction_Timer_i/finite_state_machine_0/U0/reaction_times_reg[0][28] cannot be properly analyzed as its control pin Reaction_Timer_i/finite_state_machine_0/U0/reaction_times_reg[0][28]/G is not reached by a timing clock
Related violations: <none>

TIMING-20#55 Warning
Non-clocked latch  
The latch Reaction_Timer_i/finite_state_machine_0/U0/reaction_times_reg[0][29] cannot be properly analyzed as its control pin Reaction_Timer_i/finite_state_machine_0/U0/reaction_times_reg[0][29]/G is not reached by a timing clock
Related violations: <none>

TIMING-20#56 Warning
Non-clocked latch  
The latch Reaction_Timer_i/finite_state_machine_0/U0/reaction_times_reg[0][2] cannot be properly analyzed as its control pin Reaction_Timer_i/finite_state_machine_0/U0/reaction_times_reg[0][2]/G is not reached by a timing clock
Related violations: <none>

TIMING-20#57 Warning
Non-clocked latch  
The latch Reaction_Timer_i/finite_state_machine_0/U0/reaction_times_reg[0][30] cannot be properly analyzed as its control pin Reaction_Timer_i/finite_state_machine_0/U0/reaction_times_reg[0][30]/G is not reached by a timing clock
Related violations: <none>

TIMING-20#58 Warning
Non-clocked latch  
The latch Reaction_Timer_i/finite_state_machine_0/U0/reaction_times_reg[0][31] cannot be properly analyzed as its control pin Reaction_Timer_i/finite_state_machine_0/U0/reaction_times_reg[0][31]/G is not reached by a timing clock
Related violations: <none>

TIMING-20#59 Warning
Non-clocked latch  
The latch Reaction_Timer_i/finite_state_machine_0/U0/reaction_times_reg[0][3] cannot be properly analyzed as its control pin Reaction_Timer_i/finite_state_machine_0/U0/reaction_times_reg[0][3]/G is not reached by a timing clock
Related violations: <none>

TIMING-20#60 Warning
Non-clocked latch  
The latch Reaction_Timer_i/finite_state_machine_0/U0/reaction_times_reg[0][4] cannot be properly analyzed as its control pin Reaction_Timer_i/finite_state_machine_0/U0/reaction_times_reg[0][4]/G is not reached by a timing clock
Related violations: <none>

TIMING-20#61 Warning
Non-clocked latch  
The latch Reaction_Timer_i/finite_state_machine_0/U0/reaction_times_reg[0][5] cannot be properly analyzed as its control pin Reaction_Timer_i/finite_state_machine_0/U0/reaction_times_reg[0][5]/G is not reached by a timing clock
Related violations: <none>

TIMING-20#62 Warning
Non-clocked latch  
The latch Reaction_Timer_i/finite_state_machine_0/U0/reaction_times_reg[0][6] cannot be properly analyzed as its control pin Reaction_Timer_i/finite_state_machine_0/U0/reaction_times_reg[0][6]/G is not reached by a timing clock
Related violations: <none>

TIMING-20#63 Warning
Non-clocked latch  
The latch Reaction_Timer_i/finite_state_machine_0/U0/reaction_times_reg[0][7] cannot be properly analyzed as its control pin Reaction_Timer_i/finite_state_machine_0/U0/reaction_times_reg[0][7]/G is not reached by a timing clock
Related violations: <none>

TIMING-20#64 Warning
Non-clocked latch  
The latch Reaction_Timer_i/finite_state_machine_0/U0/reaction_times_reg[0][8] cannot be properly analyzed as its control pin Reaction_Timer_i/finite_state_machine_0/U0/reaction_times_reg[0][8]/G is not reached by a timing clock
Related violations: <none>

TIMING-20#65 Warning
Non-clocked latch  
The latch Reaction_Timer_i/finite_state_machine_0/U0/reaction_times_reg[0][9] cannot be properly analyzed as its control pin Reaction_Timer_i/finite_state_machine_0/U0/reaction_times_reg[0][9]/G is not reached by a timing clock
Related violations: <none>

TIMING-20#66 Warning
Non-clocked latch  
The latch Reaction_Timer_i/finite_state_machine_0/U0/reaction_times_reg[1][0] cannot be properly analyzed as its control pin Reaction_Timer_i/finite_state_machine_0/U0/reaction_times_reg[1][0]/G is not reached by a timing clock
Related violations: <none>

TIMING-20#67 Warning
Non-clocked latch  
The latch Reaction_Timer_i/finite_state_machine_0/U0/reaction_times_reg[1][10] cannot be properly analyzed as its control pin Reaction_Timer_i/finite_state_machine_0/U0/reaction_times_reg[1][10]/G is not reached by a timing clock
Related violations: <none>

TIMING-20#68 Warning
Non-clocked latch  
The latch Reaction_Timer_i/finite_state_machine_0/U0/reaction_times_reg[1][11] cannot be properly analyzed as its control pin Reaction_Timer_i/finite_state_machine_0/U0/reaction_times_reg[1][11]/G is not reached by a timing clock
Related violations: <none>

TIMING-20#69 Warning
Non-clocked latch  
The latch Reaction_Timer_i/finite_state_machine_0/U0/reaction_times_reg[1][12] cannot be properly analyzed as its control pin Reaction_Timer_i/finite_state_machine_0/U0/reaction_times_reg[1][12]/G is not reached by a timing clock
Related violations: <none>

TIMING-20#70 Warning
Non-clocked latch  
The latch Reaction_Timer_i/finite_state_machine_0/U0/reaction_times_reg[1][13] cannot be properly analyzed as its control pin Reaction_Timer_i/finite_state_machine_0/U0/reaction_times_reg[1][13]/G is not reached by a timing clock
Related violations: <none>

TIMING-20#71 Warning
Non-clocked latch  
The latch Reaction_Timer_i/finite_state_machine_0/U0/reaction_times_reg[1][14] cannot be properly analyzed as its control pin Reaction_Timer_i/finite_state_machine_0/U0/reaction_times_reg[1][14]/G is not reached by a timing clock
Related violations: <none>

TIMING-20#72 Warning
Non-clocked latch  
The latch Reaction_Timer_i/finite_state_machine_0/U0/reaction_times_reg[1][15] cannot be properly analyzed as its control pin Reaction_Timer_i/finite_state_machine_0/U0/reaction_times_reg[1][15]/G is not reached by a timing clock
Related violations: <none>

TIMING-20#73 Warning
Non-clocked latch  
The latch Reaction_Timer_i/finite_state_machine_0/U0/reaction_times_reg[1][16] cannot be properly analyzed as its control pin Reaction_Timer_i/finite_state_machine_0/U0/reaction_times_reg[1][16]/G is not reached by a timing clock
Related violations: <none>

TIMING-20#74 Warning
Non-clocked latch  
The latch Reaction_Timer_i/finite_state_machine_0/U0/reaction_times_reg[1][17] cannot be properly analyzed as its control pin Reaction_Timer_i/finite_state_machine_0/U0/reaction_times_reg[1][17]/G is not reached by a timing clock
Related violations: <none>

TIMING-20#75 Warning
Non-clocked latch  
The latch Reaction_Timer_i/finite_state_machine_0/U0/reaction_times_reg[1][18] cannot be properly analyzed as its control pin Reaction_Timer_i/finite_state_machine_0/U0/reaction_times_reg[1][18]/G is not reached by a timing clock
Related violations: <none>

TIMING-20#76 Warning
Non-clocked latch  
The latch Reaction_Timer_i/finite_state_machine_0/U0/reaction_times_reg[1][19] cannot be properly analyzed as its control pin Reaction_Timer_i/finite_state_machine_0/U0/reaction_times_reg[1][19]/G is not reached by a timing clock
Related violations: <none>

TIMING-20#77 Warning
Non-clocked latch  
The latch Reaction_Timer_i/finite_state_machine_0/U0/reaction_times_reg[1][1] cannot be properly analyzed as its control pin Reaction_Timer_i/finite_state_machine_0/U0/reaction_times_reg[1][1]/G is not reached by a timing clock
Related violations: <none>

TIMING-20#78 Warning
Non-clocked latch  
The latch Reaction_Timer_i/finite_state_machine_0/U0/reaction_times_reg[1][20] cannot be properly analyzed as its control pin Reaction_Timer_i/finite_state_machine_0/U0/reaction_times_reg[1][20]/G is not reached by a timing clock
Related violations: <none>

TIMING-20#79 Warning
Non-clocked latch  
The latch Reaction_Timer_i/finite_state_machine_0/U0/reaction_times_reg[1][21] cannot be properly analyzed as its control pin Reaction_Timer_i/finite_state_machine_0/U0/reaction_times_reg[1][21]/G is not reached by a timing clock
Related violations: <none>

TIMING-20#80 Warning
Non-clocked latch  
The latch Reaction_Timer_i/finite_state_machine_0/U0/reaction_times_reg[1][22] cannot be properly analyzed as its control pin Reaction_Timer_i/finite_state_machine_0/U0/reaction_times_reg[1][22]/G is not reached by a timing clock
Related violations: <none>

TIMING-20#81 Warning
Non-clocked latch  
The latch Reaction_Timer_i/finite_state_machine_0/U0/reaction_times_reg[1][23] cannot be properly analyzed as its control pin Reaction_Timer_i/finite_state_machine_0/U0/reaction_times_reg[1][23]/G is not reached by a timing clock
Related violations: <none>

TIMING-20#82 Warning
Non-clocked latch  
The latch Reaction_Timer_i/finite_state_machine_0/U0/reaction_times_reg[1][24] cannot be properly analyzed as its control pin Reaction_Timer_i/finite_state_machine_0/U0/reaction_times_reg[1][24]/G is not reached by a timing clock
Related violations: <none>

TIMING-20#83 Warning
Non-clocked latch  
The latch Reaction_Timer_i/finite_state_machine_0/U0/reaction_times_reg[1][25] cannot be properly analyzed as its control pin Reaction_Timer_i/finite_state_machine_0/U0/reaction_times_reg[1][25]/G is not reached by a timing clock
Related violations: <none>

TIMING-20#84 Warning
Non-clocked latch  
The latch Reaction_Timer_i/finite_state_machine_0/U0/reaction_times_reg[1][26] cannot be properly analyzed as its control pin Reaction_Timer_i/finite_state_machine_0/U0/reaction_times_reg[1][26]/G is not reached by a timing clock
Related violations: <none>

TIMING-20#85 Warning
Non-clocked latch  
The latch Reaction_Timer_i/finite_state_machine_0/U0/reaction_times_reg[1][27] cannot be properly analyzed as its control pin Reaction_Timer_i/finite_state_machine_0/U0/reaction_times_reg[1][27]/G is not reached by a timing clock
Related violations: <none>

TIMING-20#86 Warning
Non-clocked latch  
The latch Reaction_Timer_i/finite_state_machine_0/U0/reaction_times_reg[1][28] cannot be properly analyzed as its control pin Reaction_Timer_i/finite_state_machine_0/U0/reaction_times_reg[1][28]/G is not reached by a timing clock
Related violations: <none>

TIMING-20#87 Warning
Non-clocked latch  
The latch Reaction_Timer_i/finite_state_machine_0/U0/reaction_times_reg[1][29] cannot be properly analyzed as its control pin Reaction_Timer_i/finite_state_machine_0/U0/reaction_times_reg[1][29]/G is not reached by a timing clock
Related violations: <none>

TIMING-20#88 Warning
Non-clocked latch  
The latch Reaction_Timer_i/finite_state_machine_0/U0/reaction_times_reg[1][2] cannot be properly analyzed as its control pin Reaction_Timer_i/finite_state_machine_0/U0/reaction_times_reg[1][2]/G is not reached by a timing clock
Related violations: <none>

TIMING-20#89 Warning
Non-clocked latch  
The latch Reaction_Timer_i/finite_state_machine_0/U0/reaction_times_reg[1][30] cannot be properly analyzed as its control pin Reaction_Timer_i/finite_state_machine_0/U0/reaction_times_reg[1][30]/G is not reached by a timing clock
Related violations: <none>

TIMING-20#90 Warning
Non-clocked latch  
The latch Reaction_Timer_i/finite_state_machine_0/U0/reaction_times_reg[1][31] cannot be properly analyzed as its control pin Reaction_Timer_i/finite_state_machine_0/U0/reaction_times_reg[1][31]/G is not reached by a timing clock
Related violations: <none>

TIMING-20#91 Warning
Non-clocked latch  
The latch Reaction_Timer_i/finite_state_machine_0/U0/reaction_times_reg[1][3] cannot be properly analyzed as its control pin Reaction_Timer_i/finite_state_machine_0/U0/reaction_times_reg[1][3]/G is not reached by a timing clock
Related violations: <none>

TIMING-20#92 Warning
Non-clocked latch  
The latch Reaction_Timer_i/finite_state_machine_0/U0/reaction_times_reg[1][4] cannot be properly analyzed as its control pin Reaction_Timer_i/finite_state_machine_0/U0/reaction_times_reg[1][4]/G is not reached by a timing clock
Related violations: <none>

TIMING-20#93 Warning
Non-clocked latch  
The latch Reaction_Timer_i/finite_state_machine_0/U0/reaction_times_reg[1][5] cannot be properly analyzed as its control pin Reaction_Timer_i/finite_state_machine_0/U0/reaction_times_reg[1][5]/G is not reached by a timing clock
Related violations: <none>

TIMING-20#94 Warning
Non-clocked latch  
The latch Reaction_Timer_i/finite_state_machine_0/U0/reaction_times_reg[1][6] cannot be properly analyzed as its control pin Reaction_Timer_i/finite_state_machine_0/U0/reaction_times_reg[1][6]/G is not reached by a timing clock
Related violations: <none>

TIMING-20#95 Warning
Non-clocked latch  
The latch Reaction_Timer_i/finite_state_machine_0/U0/reaction_times_reg[1][7] cannot be properly analyzed as its control pin Reaction_Timer_i/finite_state_machine_0/U0/reaction_times_reg[1][7]/G is not reached by a timing clock
Related violations: <none>

TIMING-20#96 Warning
Non-clocked latch  
The latch Reaction_Timer_i/finite_state_machine_0/U0/reaction_times_reg[1][8] cannot be properly analyzed as its control pin Reaction_Timer_i/finite_state_machine_0/U0/reaction_times_reg[1][8]/G is not reached by a timing clock
Related violations: <none>

TIMING-20#97 Warning
Non-clocked latch  
The latch Reaction_Timer_i/finite_state_machine_0/U0/reaction_times_reg[1][9] cannot be properly analyzed as its control pin Reaction_Timer_i/finite_state_machine_0/U0/reaction_times_reg[1][9]/G is not reached by a timing clock
Related violations: <none>

TIMING-20#98 Warning
Non-clocked latch  
The latch Reaction_Timer_i/finite_state_machine_0/U0/reaction_times_reg[2][0] cannot be properly analyzed as its control pin Reaction_Timer_i/finite_state_machine_0/U0/reaction_times_reg[2][0]/G is not reached by a timing clock
Related violations: <none>

TIMING-20#99 Warning
Non-clocked latch  
The latch Reaction_Timer_i/finite_state_machine_0/U0/reaction_times_reg[2][10] cannot be properly analyzed as its control pin Reaction_Timer_i/finite_state_machine_0/U0/reaction_times_reg[2][10]/G is not reached by a timing clock
Related violations: <none>

TIMING-20#100 Warning
Non-clocked latch  
The latch Reaction_Timer_i/finite_state_machine_0/U0/reaction_times_reg[2][11] cannot be properly analyzed as its control pin Reaction_Timer_i/finite_state_machine_0/U0/reaction_times_reg[2][11]/G is not reached by a timing clock
Related violations: <none>

TIMING-20#101 Warning
Non-clocked latch  
The latch Reaction_Timer_i/finite_state_machine_0/U0/reaction_times_reg[2][12] cannot be properly analyzed as its control pin Reaction_Timer_i/finite_state_machine_0/U0/reaction_times_reg[2][12]/G is not reached by a timing clock
Related violations: <none>

TIMING-20#102 Warning
Non-clocked latch  
The latch Reaction_Timer_i/finite_state_machine_0/U0/reaction_times_reg[2][13] cannot be properly analyzed as its control pin Reaction_Timer_i/finite_state_machine_0/U0/reaction_times_reg[2][13]/G is not reached by a timing clock
Related violations: <none>

TIMING-20#103 Warning
Non-clocked latch  
The latch Reaction_Timer_i/finite_state_machine_0/U0/reaction_times_reg[2][14] cannot be properly analyzed as its control pin Reaction_Timer_i/finite_state_machine_0/U0/reaction_times_reg[2][14]/G is not reached by a timing clock
Related violations: <none>

TIMING-20#104 Warning
Non-clocked latch  
The latch Reaction_Timer_i/finite_state_machine_0/U0/reaction_times_reg[2][15] cannot be properly analyzed as its control pin Reaction_Timer_i/finite_state_machine_0/U0/reaction_times_reg[2][15]/G is not reached by a timing clock
Related violations: <none>

TIMING-20#105 Warning
Non-clocked latch  
The latch Reaction_Timer_i/finite_state_machine_0/U0/reaction_times_reg[2][16] cannot be properly analyzed as its control pin Reaction_Timer_i/finite_state_machine_0/U0/reaction_times_reg[2][16]/G is not reached by a timing clock
Related violations: <none>

TIMING-20#106 Warning
Non-clocked latch  
The latch Reaction_Timer_i/finite_state_machine_0/U0/reaction_times_reg[2][17] cannot be properly analyzed as its control pin Reaction_Timer_i/finite_state_machine_0/U0/reaction_times_reg[2][17]/G is not reached by a timing clock
Related violations: <none>

TIMING-20#107 Warning
Non-clocked latch  
The latch Reaction_Timer_i/finite_state_machine_0/U0/reaction_times_reg[2][18] cannot be properly analyzed as its control pin Reaction_Timer_i/finite_state_machine_0/U0/reaction_times_reg[2][18]/G is not reached by a timing clock
Related violations: <none>

TIMING-20#108 Warning
Non-clocked latch  
The latch Reaction_Timer_i/finite_state_machine_0/U0/reaction_times_reg[2][19] cannot be properly analyzed as its control pin Reaction_Timer_i/finite_state_machine_0/U0/reaction_times_reg[2][19]/G is not reached by a timing clock
Related violations: <none>

TIMING-20#109 Warning
Non-clocked latch  
The latch Reaction_Timer_i/finite_state_machine_0/U0/reaction_times_reg[2][1] cannot be properly analyzed as its control pin Reaction_Timer_i/finite_state_machine_0/U0/reaction_times_reg[2][1]/G is not reached by a timing clock
Related violations: <none>

TIMING-20#110 Warning
Non-clocked latch  
The latch Reaction_Timer_i/finite_state_machine_0/U0/reaction_times_reg[2][20] cannot be properly analyzed as its control pin Reaction_Timer_i/finite_state_machine_0/U0/reaction_times_reg[2][20]/G is not reached by a timing clock
Related violations: <none>

TIMING-20#111 Warning
Non-clocked latch  
The latch Reaction_Timer_i/finite_state_machine_0/U0/reaction_times_reg[2][21] cannot be properly analyzed as its control pin Reaction_Timer_i/finite_state_machine_0/U0/reaction_times_reg[2][21]/G is not reached by a timing clock
Related violations: <none>

TIMING-20#112 Warning
Non-clocked latch  
The latch Reaction_Timer_i/finite_state_machine_0/U0/reaction_times_reg[2][22] cannot be properly analyzed as its control pin Reaction_Timer_i/finite_state_machine_0/U0/reaction_times_reg[2][22]/G is not reached by a timing clock
Related violations: <none>

TIMING-20#113 Warning
Non-clocked latch  
The latch Reaction_Timer_i/finite_state_machine_0/U0/reaction_times_reg[2][23] cannot be properly analyzed as its control pin Reaction_Timer_i/finite_state_machine_0/U0/reaction_times_reg[2][23]/G is not reached by a timing clock
Related violations: <none>

TIMING-20#114 Warning
Non-clocked latch  
The latch Reaction_Timer_i/finite_state_machine_0/U0/reaction_times_reg[2][24] cannot be properly analyzed as its control pin Reaction_Timer_i/finite_state_machine_0/U0/reaction_times_reg[2][24]/G is not reached by a timing clock
Related violations: <none>

TIMING-20#115 Warning
Non-clocked latch  
The latch Reaction_Timer_i/finite_state_machine_0/U0/reaction_times_reg[2][25] cannot be properly analyzed as its control pin Reaction_Timer_i/finite_state_machine_0/U0/reaction_times_reg[2][25]/G is not reached by a timing clock
Related violations: <none>

TIMING-20#116 Warning
Non-clocked latch  
The latch Reaction_Timer_i/finite_state_machine_0/U0/reaction_times_reg[2][26] cannot be properly analyzed as its control pin Reaction_Timer_i/finite_state_machine_0/U0/reaction_times_reg[2][26]/G is not reached by a timing clock
Related violations: <none>

TIMING-20#117 Warning
Non-clocked latch  
The latch Reaction_Timer_i/finite_state_machine_0/U0/reaction_times_reg[2][27] cannot be properly analyzed as its control pin Reaction_Timer_i/finite_state_machine_0/U0/reaction_times_reg[2][27]/G is not reached by a timing clock
Related violations: <none>

TIMING-20#118 Warning
Non-clocked latch  
The latch Reaction_Timer_i/finite_state_machine_0/U0/reaction_times_reg[2][28] cannot be properly analyzed as its control pin Reaction_Timer_i/finite_state_machine_0/U0/reaction_times_reg[2][28]/G is not reached by a timing clock
Related violations: <none>

TIMING-20#119 Warning
Non-clocked latch  
The latch Reaction_Timer_i/finite_state_machine_0/U0/reaction_times_reg[2][29] cannot be properly analyzed as its control pin Reaction_Timer_i/finite_state_machine_0/U0/reaction_times_reg[2][29]/G is not reached by a timing clock
Related violations: <none>

TIMING-20#120 Warning
Non-clocked latch  
The latch Reaction_Timer_i/finite_state_machine_0/U0/reaction_times_reg[2][2] cannot be properly analyzed as its control pin Reaction_Timer_i/finite_state_machine_0/U0/reaction_times_reg[2][2]/G is not reached by a timing clock
Related violations: <none>

TIMING-20#121 Warning
Non-clocked latch  
The latch Reaction_Timer_i/finite_state_machine_0/U0/reaction_times_reg[2][30] cannot be properly analyzed as its control pin Reaction_Timer_i/finite_state_machine_0/U0/reaction_times_reg[2][30]/G is not reached by a timing clock
Related violations: <none>

TIMING-20#122 Warning
Non-clocked latch  
The latch Reaction_Timer_i/finite_state_machine_0/U0/reaction_times_reg[2][31] cannot be properly analyzed as its control pin Reaction_Timer_i/finite_state_machine_0/U0/reaction_times_reg[2][31]/G is not reached by a timing clock
Related violations: <none>

TIMING-20#123 Warning
Non-clocked latch  
The latch Reaction_Timer_i/finite_state_machine_0/U0/reaction_times_reg[2][3] cannot be properly analyzed as its control pin Reaction_Timer_i/finite_state_machine_0/U0/reaction_times_reg[2][3]/G is not reached by a timing clock
Related violations: <none>

TIMING-20#124 Warning
Non-clocked latch  
The latch Reaction_Timer_i/finite_state_machine_0/U0/reaction_times_reg[2][4] cannot be properly analyzed as its control pin Reaction_Timer_i/finite_state_machine_0/U0/reaction_times_reg[2][4]/G is not reached by a timing clock
Related violations: <none>

TIMING-20#125 Warning
Non-clocked latch  
The latch Reaction_Timer_i/finite_state_machine_0/U0/reaction_times_reg[2][5] cannot be properly analyzed as its control pin Reaction_Timer_i/finite_state_machine_0/U0/reaction_times_reg[2][5]/G is not reached by a timing clock
Related violations: <none>

TIMING-20#126 Warning
Non-clocked latch  
The latch Reaction_Timer_i/finite_state_machine_0/U0/reaction_times_reg[2][6] cannot be properly analyzed as its control pin Reaction_Timer_i/finite_state_machine_0/U0/reaction_times_reg[2][6]/G is not reached by a timing clock
Related violations: <none>

TIMING-20#127 Warning
Non-clocked latch  
The latch Reaction_Timer_i/finite_state_machine_0/U0/reaction_times_reg[2][7] cannot be properly analyzed as its control pin Reaction_Timer_i/finite_state_machine_0/U0/reaction_times_reg[2][7]/G is not reached by a timing clock
Related violations: <none>

TIMING-20#128 Warning
Non-clocked latch  
The latch Reaction_Timer_i/finite_state_machine_0/U0/reaction_times_reg[2][8] cannot be properly analyzed as its control pin Reaction_Timer_i/finite_state_machine_0/U0/reaction_times_reg[2][8]/G is not reached by a timing clock
Related violations: <none>

TIMING-20#129 Warning
Non-clocked latch  
The latch Reaction_Timer_i/finite_state_machine_0/U0/reaction_times_reg[2][9] cannot be properly analyzed as its control pin Reaction_Timer_i/finite_state_machine_0/U0/reaction_times_reg[2][9]/G is not reached by a timing clock
Related violations: <none>

TIMING-20#130 Warning
Non-clocked latch  
The latch Reaction_Timer_i/finite_state_machine_0/U0/total_reg[0] cannot be properly analyzed as its control pin Reaction_Timer_i/finite_state_machine_0/U0/total_reg[0]/G is not reached by a timing clock
Related violations: <none>

TIMING-20#131 Warning
Non-clocked latch  
The latch Reaction_Timer_i/finite_state_machine_0/U0/total_reg[10] cannot be properly analyzed as its control pin Reaction_Timer_i/finite_state_machine_0/U0/total_reg[10]/G is not reached by a timing clock
Related violations: <none>

TIMING-20#132 Warning
Non-clocked latch  
The latch Reaction_Timer_i/finite_state_machine_0/U0/total_reg[11] cannot be properly analyzed as its control pin Reaction_Timer_i/finite_state_machine_0/U0/total_reg[11]/G is not reached by a timing clock
Related violations: <none>

TIMING-20#133 Warning
Non-clocked latch  
The latch Reaction_Timer_i/finite_state_machine_0/U0/total_reg[12] cannot be properly analyzed as its control pin Reaction_Timer_i/finite_state_machine_0/U0/total_reg[12]/G is not reached by a timing clock
Related violations: <none>

TIMING-20#134 Warning
Non-clocked latch  
The latch Reaction_Timer_i/finite_state_machine_0/U0/total_reg[13] cannot be properly analyzed as its control pin Reaction_Timer_i/finite_state_machine_0/U0/total_reg[13]/G is not reached by a timing clock
Related violations: <none>

TIMING-20#135 Warning
Non-clocked latch  
The latch Reaction_Timer_i/finite_state_machine_0/U0/total_reg[14] cannot be properly analyzed as its control pin Reaction_Timer_i/finite_state_machine_0/U0/total_reg[14]/G is not reached by a timing clock
Related violations: <none>

TIMING-20#136 Warning
Non-clocked latch  
The latch Reaction_Timer_i/finite_state_machine_0/U0/total_reg[15] cannot be properly analyzed as its control pin Reaction_Timer_i/finite_state_machine_0/U0/total_reg[15]/G is not reached by a timing clock
Related violations: <none>

TIMING-20#137 Warning
Non-clocked latch  
The latch Reaction_Timer_i/finite_state_machine_0/U0/total_reg[16] cannot be properly analyzed as its control pin Reaction_Timer_i/finite_state_machine_0/U0/total_reg[16]/G is not reached by a timing clock
Related violations: <none>

TIMING-20#138 Warning
Non-clocked latch  
The latch Reaction_Timer_i/finite_state_machine_0/U0/total_reg[17] cannot be properly analyzed as its control pin Reaction_Timer_i/finite_state_machine_0/U0/total_reg[17]/G is not reached by a timing clock
Related violations: <none>

TIMING-20#139 Warning
Non-clocked latch  
The latch Reaction_Timer_i/finite_state_machine_0/U0/total_reg[18] cannot be properly analyzed as its control pin Reaction_Timer_i/finite_state_machine_0/U0/total_reg[18]/G is not reached by a timing clock
Related violations: <none>

TIMING-20#140 Warning
Non-clocked latch  
The latch Reaction_Timer_i/finite_state_machine_0/U0/total_reg[19] cannot be properly analyzed as its control pin Reaction_Timer_i/finite_state_machine_0/U0/total_reg[19]/G is not reached by a timing clock
Related violations: <none>

TIMING-20#141 Warning
Non-clocked latch  
The latch Reaction_Timer_i/finite_state_machine_0/U0/total_reg[1] cannot be properly analyzed as its control pin Reaction_Timer_i/finite_state_machine_0/U0/total_reg[1]/G is not reached by a timing clock
Related violations: <none>

TIMING-20#142 Warning
Non-clocked latch  
The latch Reaction_Timer_i/finite_state_machine_0/U0/total_reg[20] cannot be properly analyzed as its control pin Reaction_Timer_i/finite_state_machine_0/U0/total_reg[20]/G is not reached by a timing clock
Related violations: <none>

TIMING-20#143 Warning
Non-clocked latch  
The latch Reaction_Timer_i/finite_state_machine_0/U0/total_reg[21] cannot be properly analyzed as its control pin Reaction_Timer_i/finite_state_machine_0/U0/total_reg[21]/G is not reached by a timing clock
Related violations: <none>

TIMING-20#144 Warning
Non-clocked latch  
The latch Reaction_Timer_i/finite_state_machine_0/U0/total_reg[22] cannot be properly analyzed as its control pin Reaction_Timer_i/finite_state_machine_0/U0/total_reg[22]/G is not reached by a timing clock
Related violations: <none>

TIMING-20#145 Warning
Non-clocked latch  
The latch Reaction_Timer_i/finite_state_machine_0/U0/total_reg[23] cannot be properly analyzed as its control pin Reaction_Timer_i/finite_state_machine_0/U0/total_reg[23]/G is not reached by a timing clock
Related violations: <none>

TIMING-20#146 Warning
Non-clocked latch  
The latch Reaction_Timer_i/finite_state_machine_0/U0/total_reg[24] cannot be properly analyzed as its control pin Reaction_Timer_i/finite_state_machine_0/U0/total_reg[24]/G is not reached by a timing clock
Related violations: <none>

TIMING-20#147 Warning
Non-clocked latch  
The latch Reaction_Timer_i/finite_state_machine_0/U0/total_reg[25] cannot be properly analyzed as its control pin Reaction_Timer_i/finite_state_machine_0/U0/total_reg[25]/G is not reached by a timing clock
Related violations: <none>

TIMING-20#148 Warning
Non-clocked latch  
The latch Reaction_Timer_i/finite_state_machine_0/U0/total_reg[26] cannot be properly analyzed as its control pin Reaction_Timer_i/finite_state_machine_0/U0/total_reg[26]/G is not reached by a timing clock
Related violations: <none>

TIMING-20#149 Warning
Non-clocked latch  
The latch Reaction_Timer_i/finite_state_machine_0/U0/total_reg[27] cannot be properly analyzed as its control pin Reaction_Timer_i/finite_state_machine_0/U0/total_reg[27]/G is not reached by a timing clock
Related violations: <none>

TIMING-20#150 Warning
Non-clocked latch  
The latch Reaction_Timer_i/finite_state_machine_0/U0/total_reg[28] cannot be properly analyzed as its control pin Reaction_Timer_i/finite_state_machine_0/U0/total_reg[28]/G is not reached by a timing clock
Related violations: <none>

TIMING-20#151 Warning
Non-clocked latch  
The latch Reaction_Timer_i/finite_state_machine_0/U0/total_reg[29] cannot be properly analyzed as its control pin Reaction_Timer_i/finite_state_machine_0/U0/total_reg[29]/G is not reached by a timing clock
Related violations: <none>

TIMING-20#152 Warning
Non-clocked latch  
The latch Reaction_Timer_i/finite_state_machine_0/U0/total_reg[2] cannot be properly analyzed as its control pin Reaction_Timer_i/finite_state_machine_0/U0/total_reg[2]/G is not reached by a timing clock
Related violations: <none>

TIMING-20#153 Warning
Non-clocked latch  
The latch Reaction_Timer_i/finite_state_machine_0/U0/total_reg[30] cannot be properly analyzed as its control pin Reaction_Timer_i/finite_state_machine_0/U0/total_reg[30]/G is not reached by a timing clock
Related violations: <none>

TIMING-20#154 Warning
Non-clocked latch  
The latch Reaction_Timer_i/finite_state_machine_0/U0/total_reg[31] cannot be properly analyzed as its control pin Reaction_Timer_i/finite_state_machine_0/U0/total_reg[31]/G is not reached by a timing clock
Related violations: <none>

TIMING-20#155 Warning
Non-clocked latch  
The latch Reaction_Timer_i/finite_state_machine_0/U0/total_reg[3] cannot be properly analyzed as its control pin Reaction_Timer_i/finite_state_machine_0/U0/total_reg[3]/G is not reached by a timing clock
Related violations: <none>

TIMING-20#156 Warning
Non-clocked latch  
The latch Reaction_Timer_i/finite_state_machine_0/U0/total_reg[4] cannot be properly analyzed as its control pin Reaction_Timer_i/finite_state_machine_0/U0/total_reg[4]/G is not reached by a timing clock
Related violations: <none>

TIMING-20#157 Warning
Non-clocked latch  
The latch Reaction_Timer_i/finite_state_machine_0/U0/total_reg[5] cannot be properly analyzed as its control pin Reaction_Timer_i/finite_state_machine_0/U0/total_reg[5]/G is not reached by a timing clock
Related violations: <none>

TIMING-20#158 Warning
Non-clocked latch  
The latch Reaction_Timer_i/finite_state_machine_0/U0/total_reg[6] cannot be properly analyzed as its control pin Reaction_Timer_i/finite_state_machine_0/U0/total_reg[6]/G is not reached by a timing clock
Related violations: <none>

TIMING-20#159 Warning
Non-clocked latch  
The latch Reaction_Timer_i/finite_state_machine_0/U0/total_reg[7] cannot be properly analyzed as its control pin Reaction_Timer_i/finite_state_machine_0/U0/total_reg[7]/G is not reached by a timing clock
Related violations: <none>

TIMING-20#160 Warning
Non-clocked latch  
The latch Reaction_Timer_i/finite_state_machine_0/U0/total_reg[8] cannot be properly analyzed as its control pin Reaction_Timer_i/finite_state_machine_0/U0/total_reg[8]/G is not reached by a timing clock
Related violations: <none>

TIMING-20#161 Warning
Non-clocked latch  
The latch Reaction_Timer_i/finite_state_machine_0/U0/total_reg[9] cannot be properly analyzed as its control pin Reaction_Timer_i/finite_state_machine_0/U0/total_reg[9]/G is not reached by a timing clock
Related violations: <none>

LATCH-1#1 Advisory
Existing latches in the design  
There are 161 latches found in the design. Inferred latches are often the result of HDL coding mistakes, such as incomplete if or case statements.
Related violations: <none>


