Copyright 1986-2022 Xilinx, Inc. All Rights Reserved.
---------------------------------------------------------------------------------------------------
| Tool Version : Vivado v.2022.2 (win64) Build 3671981 Fri Oct 14 05:00:03 MDT 2022
| Date         : Thu May  8 01:21:35 2025
| Host         : DESKTOP-H6N6V0T running 64-bit major release  (build 9200)
| Command      : report_control_sets -verbose -file Reaction_Timer_wrapper_control_sets_placed.rpt
| Design       : Reaction_Timer_wrapper
| Device       : xc7a100t
---------------------------------------------------------------------------------------------------

Control Set Information

Table of Contents
-----------------
1. Summary
2. Histogram
3. Flip-Flop Distribution
4. Detailed Control Set Information

1. Summary
----------

+----------------------------------------------------------+-------+
|                          Status                          | Count |
+----------------------------------------------------------+-------+
| Total control sets                                       |    26 |
|    Minimum number of control sets                        |    26 |
|    Addition due to synthesis replication                 |     0 |
|    Addition due to physical synthesis replication        |     0 |
| Unused register locations in slices containing registers |   120 |
+----------------------------------------------------------+-------+
* Control sets can be merged at opt_design using control_set_merge or merge_equivalent_drivers
** Run report_qor_suggestions for automated merging and remapping suggestions


2. Histogram
------------

+--------------------+-------+
|       Fanout       | Count |
+--------------------+-------+
| Total control sets |    26 |
| >= 0 to < 4        |    10 |
| >= 4 to < 6        |     8 |
| >= 6 to < 8        |     0 |
| >= 8 to < 10       |     1 |
| >= 10 to < 12      |     1 |
| >= 12 to < 14      |     0 |
| >= 14 to < 16      |     0 |
| >= 16              |     6 |
+--------------------+-------+
* Control sets can be remapped at either synth_design or opt_design


3. Flip-Flop Distribution
-------------------------

+--------------+-----------------------+------------------------+-----------------+--------------+
| Clock Enable | Synchronous Set/Reset | Asynchronous Set/Reset | Total Registers | Total Slices |
+--------------+-----------------------+------------------------+-----------------+--------------+
| No           | No                    | No                     |             166 |           70 |
| No           | No                    | Yes                    |               7 |            7 |
| No           | Yes                   | No                     |              65 |           18 |
| Yes          | No                    | No                     |               0 |            0 |
| Yes          | No                    | Yes                    |              32 |           10 |
| Yes          | Yes                   | No                     |              10 |            3 |
+--------------+-----------------------+------------------------+-----------------+--------------+


4. Detailed Control Set Information
-----------------------------------

+----------------------------------------------------------------------+---------------------------------------------------------+--------------------------------------------------------+------------------+----------------+--------------+
|                             Clock Signal                             |                      Enable Signal                      |                    Set/Reset Signal                    | Slice Load Count | Bel Load Count | Bels / Slice |
+----------------------------------------------------------------------+---------------------------------------------------------+--------------------------------------------------------+------------------+----------------+--------------+
|  Reaction_Timer_i/clock_divider_0/U0/SLOWCLK                         |                                                         | Reaction_Timer_i/finite_state_machine_0/U0/counter_rst |                1 |              1 |         1.00 |
|  Reaction_Timer_i/decade_counter_2/U0/TICK                           |                                                         | Reaction_Timer_i/finite_state_machine_0/U0/counter_rst |                1 |              1 |         1.00 |
|  Reaction_Timer_i/decade_counter_3/U0/TICK                           |                                                         | Reaction_Timer_i/finite_state_machine_0/U0/counter_rst |                1 |              1 |         1.00 |
|  Reaction_Timer_i/decade_counter_4/U0/TICK                           |                                                         | Reaction_Timer_i/finite_state_machine_0/U0/counter_rst |                1 |              1 |         1.00 |
|  Reaction_Timer_i/decade_counter_1/U0/TICK                           |                                                         | Reaction_Timer_i/finite_state_machine_0/U0/counter_rst |                1 |              1 |         1.00 |
|  Reaction_Timer_i/decade_counter_5/U0/TICK                           |                                                         | Reaction_Timer_i/finite_state_machine_0/U0/counter_rst |                1 |              1 |         1.00 |
|  Reaction_Timer_i/decade_counter_0/U0/TICK                           |                                                         | Reaction_Timer_i/finite_state_machine_0/U0/counter_rst |                1 |              1 |         1.00 |
|  CLK100MHZ_IBUF_BUFG                                                 |                                                         |                                                        |                2 |              2 |         1.00 |
|  Reaction_Timer_i/finite_state_machine_0/U0/reaction_index__0        |                                                         |                                                        |                1 |              2 |         2.00 |
|  Reaction_Timer_i/clock_divider_1/U0/SLOWCLK                         |                                                         |                                                        |                1 |              3 |         3.00 |
|  Reaction_Timer_i/clock_divider_0/U0/SLOWCLK                         | Reaction_Timer_i/finite_state_machine_0/U0/counter_en   | Reaction_Timer_i/finite_state_machine_0/U0/counter_rst |                1 |              4 |         4.00 |
|  Reaction_Timer_i/decade_counter_2/U0/TICK                           | Reaction_Timer_i/finite_state_machine_0/U0/counter_en   | Reaction_Timer_i/finite_state_machine_0/U0/counter_rst |                2 |              4 |         2.00 |
|  Reaction_Timer_i/decade_counter_3/U0/TICK                           | Reaction_Timer_i/finite_state_machine_0/U0/counter_en   | Reaction_Timer_i/finite_state_machine_0/U0/counter_rst |                1 |              4 |         4.00 |
|  Reaction_Timer_i/decade_counter_4/U0/TICK                           | Reaction_Timer_i/finite_state_machine_0/U0/counter_en   | Reaction_Timer_i/finite_state_machine_0/U0/counter_rst |                1 |              4 |         4.00 |
|  Reaction_Timer_i/decade_counter_1/U0/TICK                           | Reaction_Timer_i/finite_state_machine_0/U0/counter_en   | Reaction_Timer_i/finite_state_machine_0/U0/counter_rst |                2 |              4 |         2.00 |
|  Reaction_Timer_i/decade_counter_5/U0/TICK                           | Reaction_Timer_i/finite_state_machine_0/U0/counter_en   | Reaction_Timer_i/finite_state_machine_0/U0/counter_rst |                1 |              4 |         4.00 |
|  Reaction_Timer_i/decade_counter_6/U0/TICK                           | Reaction_Timer_i/finite_state_machine_0/U0/counter_en   | Reaction_Timer_i/finite_state_machine_0/U0/counter_rst |                1 |              4 |         4.00 |
|  Reaction_Timer_i/decade_counter_0/U0/TICK                           | Reaction_Timer_i/finite_state_machine_0/U0/counter_en   | Reaction_Timer_i/finite_state_machine_0/U0/counter_rst |                1 |              4 |         4.00 |
|  Reaction_Timer_i/clock_divider_0/U0/SLOWCLK                         |                                                         | CPU_RESETN_IBUF                                        |                4 |              9 |         2.25 |
|  Reaction_Timer_i/clock_divider_0/U0/SLOWCLK                         | Reaction_Timer_i/finite_state_machine_0/U0/t[9]_i_2_n_0 | Reaction_Timer_i/finite_state_machine_0/U0/clear       |                3 |             10 |         3.33 |
|  CLK100MHZ_IBUF_BUFG                                                 |                                                         | Reaction_Timer_i/clock_divider_0/U0/clear              |                7 |             28 |         4.00 |
|  CLK100MHZ_IBUF_BUFG                                                 |                                                         | Reaction_Timer_i/clock_divider_1/U0/clear              |                7 |             28 |         4.00 |
|  Reaction_Timer_i/finite_state_machine_0/U0/reaction_times[1]_1_BUFG |                                                         |                                                        |               14 |             32 |         2.29 |
|  Reaction_Timer_i/finite_state_machine_0/U0/reaction_times[2]_2_BUFG |                                                         |                                                        |               15 |             32 |         2.13 |
|  Reaction_Timer_i/finite_state_machine_0/U0/reaction_times[0]_0_BUFG |                                                         |                                                        |               13 |             32 |         2.46 |
|  Reaction_Timer_i/finite_state_machine_0/U0/total__0_BUFG            |                                                         |                                                        |               24 |             63 |         2.62 |
+----------------------------------------------------------------------+---------------------------------------------------------+--------------------------------------------------------+------------------+----------------+--------------+


